mode: set
github.com/gebl/onenote-mcp-server/internal/authorization/adapters.go:24.115,29.2 1 0
github.com/gebl/onenote-mcp-server/internal/authorization/adapters.go:32.61,33.26 1 0
github.com/gebl/onenote-mcp-server/internal/authorization/adapters.go:33.26,35.3 1 0
github.com/gebl/onenote-mcp-server/internal/authorization/adapters.go:36.2,36.11 1 0
github.com/gebl/onenote-mcp-server/internal/authorization/adapters.go:40.64,42.2 1 0
github.com/gebl/onenote-mcp-server/internal/authorization/adapters.go:45.57,46.26 1 0
github.com/gebl/onenote-mcp-server/internal/authorization/adapters.go:46.26,48.3 1 0
github.com/gebl/onenote-mcp-server/internal/authorization/adapters.go:49.2,49.11 1 0
github.com/gebl/onenote-mcp-server/internal/authorization/adapters.go:67.77,71.2 1 0
github.com/gebl/onenote-mcp-server/internal/authorization/adapters.go:74.79,75.22 1 0
github.com/gebl/onenote-mcp-server/internal/authorization/adapters.go:75.22,77.3 1 0
github.com/gebl/onenote-mcp-server/internal/authorization/adapters.go:78.2,78.19 1 0
github.com/gebl/onenote-mcp-server/internal/authorization/adapters.go:82.66,83.22 1 0
github.com/gebl/onenote-mcp-server/internal/authorization/adapters.go:83.22,85.3 1 0
github.com/gebl/onenote-mcp-server/internal/authorization/adapters.go:86.2,86.18 1 0
github.com/gebl/onenote-mcp-server/internal/authorization/adapters.go:90.65,91.22 1 0
github.com/gebl/onenote-mcp-server/internal/authorization/adapters.go:91.22,93.3 1 0
github.com/gebl/onenote-mcp-server/internal/authorization/adapters.go:94.2,94.18 1 0
github.com/gebl/onenote-mcp-server/internal/authorization/adapters.go:98.82,99.22 1 0
github.com/gebl/onenote-mcp-server/internal/authorization/adapters.go:99.22,104.10 1 0
github.com/gebl/onenote-mcp-server/internal/authorization/adapters.go:104.10,106.4 1 0
github.com/gebl/onenote-mcp-server/internal/authorization/adapters.go:108.2,108.18 1 0
github.com/gebl/onenote-mcp-server/internal/authorization/adapters.go:112.185,113.22 1 0
github.com/gebl/onenote-mcp-server/internal/authorization/adapters.go:113.22,118.10 1 0
github.com/gebl/onenote-mcp-server/internal/authorization/adapters.go:118.10,120.4 1 0
github.com/gebl/onenote-mcp-server/internal/authorization/adapters.go:123.3,125.10 1 0
github.com/gebl/onenote-mcp-server/internal/authorization/adapters.go:125.10,127.4 1 0
github.com/gebl/onenote-mcp-server/internal/authorization/adapters.go:129.2,129.18 1 0
github.com/gebl/onenote-mcp-server/internal/authorization/adapters.go:133.76,134.22 1 0
github.com/gebl/onenote-mcp-server/internal/authorization/adapters.go:134.22,139.10 1 0
github.com/gebl/onenote-mcp-server/internal/authorization/adapters.go:139.10,141.4 1 0
github.com/gebl/onenote-mcp-server/internal/authorization/adapters.go:143.2,143.18 1 0
github.com/gebl/onenote-mcp-server/internal/authorization/adapters.go:147.179,148.22 1 0
github.com/gebl/onenote-mcp-server/internal/authorization/adapters.go:148.22,153.10 1 0
github.com/gebl/onenote-mcp-server/internal/authorization/adapters.go:153.10,155.4 1 0
github.com/gebl/onenote-mcp-server/internal/authorization/adapters.go:158.3,160.10 1 0
github.com/gebl/onenote-mcp-server/internal/authorization/adapters.go:160.10,162.4 1 0
github.com/gebl/onenote-mcp-server/internal/authorization/adapters.go:164.2,164.18 1 0
github.com/gebl/onenote-mcp-server/internal/authorization/adapters.go:168.80,169.22 1 0
github.com/gebl/onenote-mcp-server/internal/authorization/adapters.go:169.22,174.10 1 0
github.com/gebl/onenote-mcp-server/internal/authorization/adapters.go:174.10,176.4 1 0
github.com/gebl/onenote-mcp-server/internal/authorization/adapters.go:178.2,178.17 1 0
github.com/gebl/onenote-mcp-server/internal/authorization/authorization.go:55.43,57.27 2 1
github.com/gebl/onenote-mcp-server/internal/authorization/authorization.go:57.27,59.3 1 1
github.com/gebl/onenote-mcp-server/internal/authorization/authorization.go:60.2,61.34 2 1
github.com/gebl/onenote-mcp-server/internal/authorization/authorization.go:76.52,84.2 1 1
github.com/gebl/onenote-mcp-server/internal/authorization/authorization.go:87.55,94.2 2 1
github.com/gebl/onenote-mcp-server/internal/authorization/authorization.go:98.78,99.17 1 1
github.com/gebl/onenote-mcp-server/internal/authorization/authorization.go:99.17,104.3 4 1
github.com/gebl/onenote-mcp-server/internal/authorization/authorization.go:106.2,108.34 2 1
github.com/gebl/onenote-mcp-server/internal/authorization/authorization.go:108.34,113.3 2 1
github.com/gebl/onenote-mcp-server/internal/authorization/authorization.go:115.2,120.12 4 1
github.com/gebl/onenote-mcp-server/internal/authorization/authorization.go:124.60,126.2 1 1
github.com/gebl/onenote-mcp-server/internal/authorization/authorization.go:129.147,130.17 1 1
github.com/gebl/onenote-mcp-server/internal/authorization/authorization.go:130.17,133.3 2 1
github.com/gebl/onenote-mcp-server/internal/authorization/authorization.go:135.2,141.29 2 1
github.com/gebl/onenote-mcp-server/internal/authorization/authorization.go:141.29,144.3 2 1
github.com/gebl/onenote-mcp-server/internal/authorization/authorization.go:147.2,147.30 1 1
github.com/gebl/onenote-mcp-server/internal/authorization/authorization.go:147.30,151.3 2 0
github.com/gebl/onenote-mcp-server/internal/authorization/authorization.go:153.2,153.46 1 1
github.com/gebl/onenote-mcp-server/internal/authorization/authorization.go:153.46,159.3 2 0
github.com/gebl/onenote-mcp-server/internal/authorization/authorization.go:162.2,162.94 1 1
github.com/gebl/onenote-mcp-server/internal/authorization/authorization.go:162.94,169.3 2 1
github.com/gebl/onenote-mcp-server/internal/authorization/authorization.go:172.2,172.86 1 1
github.com/gebl/onenote-mcp-server/internal/authorization/authorization.go:172.86,180.3 2 1
github.com/gebl/onenote-mcp-server/internal/authorization/authorization.go:182.2,188.12 2 1
github.com/gebl/onenote-mcp-server/internal/authorization/authorization.go:195.116,196.20 1 1
github.com/gebl/onenote-mcp-server/internal/authorization/authorization.go:197.22,198.15 1 0
github.com/gebl/onenote-mcp-server/internal/authorization/authorization.go:199.22,200.36 1 1
github.com/gebl/onenote-mcp-server/internal/authorization/authorization.go:201.39,202.14 1 0
github.com/gebl/onenote-mcp-server/internal/authorization/authorization.go:203.10,204.15 1 0
github.com/gebl/onenote-mcp-server/internal/authorization/authorization.go:210.109,211.17 1 1
github.com/gebl/onenote-mcp-server/internal/authorization/authorization.go:211.17,215.3 2 1
github.com/gebl/onenote-mcp-server/internal/authorization/authorization.go:217.2,225.37 4 1
github.com/gebl/onenote-mcp-server/internal/authorization/authorization.go:225.37,226.62 1 1
github.com/gebl/onenote-mcp-server/internal/authorization/authorization.go:226.62,232.56 3 1
github.com/gebl/onenote-mcp-server/internal/authorization/authorization.go:232.56,238.5 2 1
github.com/gebl/onenote-mcp-server/internal/authorization/authorization.go:238.10,245.5 2 1
github.com/gebl/onenote-mcp-server/internal/authorization/authorization.go:246.9,249.4 1 0
github.com/gebl/onenote-mcp-server/internal/authorization/authorization.go:253.2,253.26 1 1
github.com/gebl/onenote-mcp-server/internal/authorization/authorization.go:253.26,258.3 1 1
github.com/gebl/onenote-mcp-server/internal/authorization/authorization.go:260.2,265.17 2 1
github.com/gebl/onenote-mcp-server/internal/authorization/authorization.go:270.91,272.72 1 1
github.com/gebl/onenote-mcp-server/internal/authorization/authorization.go:272.72,274.3 1 1
github.com/gebl/onenote-mcp-server/internal/authorization/authorization.go:277.2,277.38 1 1
github.com/gebl/onenote-mcp-server/internal/authorization/authorization.go:281.119,283.72 1 0
github.com/gebl/onenote-mcp-server/internal/authorization/authorization.go:283.72,285.3 1 0
github.com/gebl/onenote-mcp-server/internal/authorization/authorization.go:288.2,288.53 1 0
github.com/gebl/onenote-mcp-server/internal/authorization/context.go:22.129,32.61 3 0
github.com/gebl/onenote-mcp-server/internal/authorization/context.go:32.61,36.3 2 0
github.com/gebl/onenote-mcp-server/internal/authorization/context.go:38.2,43.24 2 0
github.com/gebl/onenote-mcp-server/internal/authorization/context.go:47.54,48.18 1 0
github.com/gebl/onenote-mcp-server/internal/authorization/context.go:51.55,52.23 1 0
github.com/gebl/onenote-mcp-server/internal/authorization/context.go:57.30,58.24 1 0
github.com/gebl/onenote-mcp-server/internal/authorization/context.go:61.10,63.23 2 0
github.com/gebl/onenote-mcp-server/internal/authorization/wrapper.go:20.165,21.89 1 0
github.com/gebl/onenote-mcp-server/internal/authorization/wrapper.go:21.89,23.47 1 0
github.com/gebl/onenote-mcp-server/internal/authorization/wrapper.go:23.47,28.4 2 0
github.com/gebl/onenote-mcp-server/internal/authorization/wrapper.go:30.3,38.56 3 0
github.com/gebl/onenote-mcp-server/internal/authorization/wrapper.go:38.56,40.28 2 0
github.com/gebl/onenote-mcp-server/internal/authorization/wrapper.go:40.28,42.5 1 0
github.com/gebl/onenote-mcp-server/internal/authorization/wrapper.go:44.4,44.28 1 0
github.com/gebl/onenote-mcp-server/internal/authorization/wrapper.go:44.28,48.5 2 0
github.com/gebl/onenote-mcp-server/internal/authorization/wrapper.go:52.3,53.17 2 0
github.com/gebl/onenote-mcp-server/internal/authorization/wrapper.go:53.17,59.4 2 0
github.com/gebl/onenote-mcp-server/internal/authorization/wrapper.go:61.3,66.27 2 0
github.com/gebl/onenote-mcp-server/internal/authorization/wrapper.go:78.192,87.2 3 0
github.com/gebl/onenote-mcp-server/internal/authorization/wrapper.go:99.78,100.23 1 0
github.com/gebl/onenote-mcp-server/internal/authorization/wrapper.go:100.23,104.3 1 0
github.com/gebl/onenote-mcp-server/internal/authorization/wrapper.go:106.2,112.3 1 0
github.com/gebl/onenote-mcp-server/internal/authorization/wrapper.go:116.73,117.23 1 0
github.com/gebl/onenote-mcp-server/internal/authorization/wrapper.go:117.23,119.3 1 0
github.com/gebl/onenote-mcp-server/internal/authorization/wrapper.go:122.2,122.47 1 0
github.com/gebl/onenote-mcp-server/internal/authorization/wrapper.go:123.71,123.71 0 0
github.com/gebl/onenote-mcp-server/internal/authorization/wrapper.go:125.10,126.145 1 0
github.com/gebl/onenote-mcp-server/internal/authorization/wrapper.go:130.2,130.57 1 0
github.com/gebl/onenote-mcp-server/internal/authorization/wrapper.go:130.57,131.15 1 0
github.com/gebl/onenote-mcp-server/internal/authorization/wrapper.go:132.72,132.72 0 0
github.com/gebl/onenote-mcp-server/internal/authorization/wrapper.go:134.11,135.119 1 0
github.com/gebl/onenote-mcp-server/internal/authorization/wrapper.go:139.2,139.12 1 0
github.com/gebl/onenote-mcp-server/internal/logging/logger.go:49.19,51.2 1 1
github.com/gebl/onenote-mcp-server/internal/logging/logger.go:56.26,59.18 2 1
github.com/gebl/onenote-mcp-server/internal/logging/logger.go:60.15,61.29 1 1
github.com/gebl/onenote-mcp-server/internal/logging/logger.go:62.14,63.28 1 1
github.com/gebl/onenote-mcp-server/internal/logging/logger.go:64.25,65.28 1 1
github.com/gebl/onenote-mcp-server/internal/logging/logger.go:66.15,67.29 1 1
github.com/gebl/onenote-mcp-server/internal/logging/logger.go:68.10,70.29 1 1
github.com/gebl/onenote-mcp-server/internal/logging/logger.go:74.2,75.25 2 1
github.com/gebl/onenote-mcp-server/internal/logging/logger.go:76.15,77.36 1 1
github.com/gebl/onenote-mcp-server/internal/logging/logger.go:78.14,79.35 1 1
github.com/gebl/onenote-mcp-server/internal/logging/logger.go:80.25,81.35 1 1
github.com/gebl/onenote-mcp-server/internal/logging/logger.go:82.15,83.36 1 1
github.com/gebl/onenote-mcp-server/internal/logging/logger.go:84.13,85.37 1 1
github.com/gebl/onenote-mcp-server/internal/logging/logger.go:86.10,87.36 1 1
github.com/gebl/onenote-mcp-server/internal/logging/logger.go:91.2,92.57 2 1
github.com/gebl/onenote-mcp-server/internal/logging/logger.go:92.57,94.17 2 1
github.com/gebl/onenote-mcp-server/internal/logging/logger.go:94.17,97.4 1 1
github.com/gebl/onenote-mcp-server/internal/logging/logger.go:97.9,99.4 1 0
github.com/gebl/onenote-mcp-server/internal/logging/logger.go:103.2,105.22 3 1
github.com/gebl/onenote-mcp-server/internal/logging/logger.go:105.22,109.3 1 1
github.com/gebl/onenote-mcp-server/internal/logging/logger.go:109.8,113.3 1 1
github.com/gebl/onenote-mcp-server/internal/logging/logger.go:115.2,116.32 2 1
github.com/gebl/onenote-mcp-server/internal/logging/logger.go:130.46,132.26 1 1
github.com/gebl/onenote-mcp-server/internal/logging/logger.go:132.26,134.3 1 1
github.com/gebl/onenote-mcp-server/internal/logging/logger.go:137.2,138.23 2 1
github.com/gebl/onenote-mcp-server/internal/logging/logger.go:138.23,140.3 1 1
github.com/gebl/onenote-mcp-server/internal/logging/logger.go:142.2,143.24 2 1
github.com/gebl/onenote-mcp-server/internal/logging/logger.go:143.24,145.3 1 1
github.com/gebl/onenote-mcp-server/internal/logging/logger.go:147.2,148.22 2 1
github.com/gebl/onenote-mcp-server/internal/logging/logger.go:148.22,150.3 1 1
github.com/gebl/onenote-mcp-server/internal/logging/logger.go:152.2,153.30 2 1
github.com/gebl/onenote-mcp-server/internal/logging/logger.go:153.30,155.3 1 1
github.com/gebl/onenote-mcp-server/internal/logging/logger.go:158.2,158.38 1 1
github.com/gebl/onenote-mcp-server/internal/logging/logger.go:159.15,160.29 1 1
github.com/gebl/onenote-mcp-server/internal/logging/logger.go:161.14,162.28 1 0
github.com/gebl/onenote-mcp-server/internal/logging/logger.go:163.25,164.28 1 1
github.com/gebl/onenote-mcp-server/internal/logging/logger.go:165.15,166.29 1 0
github.com/gebl/onenote-mcp-server/internal/logging/logger.go:167.10,169.28 1 1
github.com/gebl/onenote-mcp-server/internal/logging/logger.go:173.2,173.45 1 1
github.com/gebl/onenote-mcp-server/internal/logging/logger.go:174.15,175.36 1 1
github.com/gebl/onenote-mcp-server/internal/logging/logger.go:176.14,177.35 1 1
github.com/gebl/onenote-mcp-server/internal/logging/logger.go:178.25,179.35 1 0
github.com/gebl/onenote-mcp-server/internal/logging/logger.go:180.15,181.36 1 1
github.com/gebl/onenote-mcp-server/internal/logging/logger.go:182.13,183.37 1 0
github.com/gebl/onenote-mcp-server/internal/logging/logger.go:184.10,185.36 1 1
github.com/gebl/onenote-mcp-server/internal/logging/logger.go:189.2,190.22 2 1
github.com/gebl/onenote-mcp-server/internal/logging/logger.go:190.22,192.17 2 0
github.com/gebl/onenote-mcp-server/internal/logging/logger.go:192.17,194.28 1 0
github.com/gebl/onenote-mcp-server/internal/logging/logger.go:194.28,196.5 1 0
github.com/gebl/onenote-mcp-server/internal/logging/logger.go:197.9,199.4 1 0
github.com/gebl/onenote-mcp-server/internal/logging/logger.go:203.2,204.45 2 1
github.com/gebl/onenote-mcp-server/internal/logging/logger.go:204.45,208.3 1 0
github.com/gebl/onenote-mcp-server/internal/logging/logger.go:208.8,212.3 1 1
github.com/gebl/onenote-mcp-server/internal/logging/logger.go:214.2,223.43 3 1
github.com/gebl/onenote-mcp-server/internal/logging/logger.go:228.47,229.26 1 1
github.com/gebl/onenote-mcp-server/internal/logging/logger.go:229.26,231.3 1 1
github.com/gebl/onenote-mcp-server/internal/logging/logger.go:232.2,232.51 1 1
github.com/gebl/onenote-mcp-server/internal/logging/logger.go:236.28,238.2 1 1
github.com/gebl/onenote-mcp-server/internal/logging/logger.go:241.28,243.2 1 1
github.com/gebl/onenote-mcp-server/internal/logging/logger.go:246.53,248.2 1 1
github.com/gebl/onenote-mcp-server/internal/logging/logger.go:251.38,253.2 1 1
github.com/gebl/onenote-mcp-server/internal/logging/logger.go:256.33,259.2 2 1
github.com/gebl/onenote-mcp-server/internal/logging/logger.go:262.43,264.2 1 1
github.com/gebl/onenote-mcp-server/internal/logging/logger.go:268.81,269.36 1 1
github.com/gebl/onenote-mcp-server/internal/logging/logger.go:269.36,271.3 1 1
github.com/gebl/onenote-mcp-server/internal/resources/descriptions.go:57.58,59.13 2 1
github.com/gebl/onenote-mcp-server/internal/resources/descriptions.go:59.13,61.3 1 1
github.com/gebl/onenote-mcp-server/internal/resources/descriptions.go:62.2,62.18 1 1
github.com/gebl/onenote-mcp-server/internal/resources/descriptions.go:67.53,69.13 2 1
github.com/gebl/onenote-mcp-server/internal/resources/descriptions.go:69.13,70.65 1 1
github.com/gebl/onenote-mcp-server/internal/resources/descriptions.go:72.2,72.13 1 1
github.com/gebl/onenote-mcp-server/internal/resources/descriptions.go:76.45,79.37 2 1
github.com/gebl/onenote-mcp-server/internal/resources/descriptions.go:79.37,81.3 1 1
github.com/gebl/onenote-mcp-server/internal/resources/descriptions.go:82.2,82.15 1 1
github.com/gebl/onenote-mcp-server/internal/http/helpers.go:63.19,69.2 1 1
github.com/gebl/onenote-mcp-server/internal/http/helpers.go:78.46,79.20 1 1
github.com/gebl/onenote-mcp-server/internal/http/helpers.go:79.20,81.3 1 1
github.com/gebl/onenote-mcp-server/internal/http/helpers.go:82.2,82.27 1 1
github.com/gebl/onenote-mcp-server/internal/http/helpers.go:86.50,87.20 1 1
github.com/gebl/onenote-mcp-server/internal/http/helpers.go:87.20,89.3 1 1
github.com/gebl/onenote-mcp-server/internal/http/helpers.go:90.2,90.23 1 1
github.com/gebl/onenote-mcp-server/internal/http/helpers.go:94.50,95.20 1 1
github.com/gebl/onenote-mcp-server/internal/http/helpers.go:95.20,97.3 1 1
github.com/gebl/onenote-mcp-server/internal/http/helpers.go:98.2,98.21 1 1
github.com/gebl/onenote-mcp-server/internal/http/helpers.go:102.43,103.57 1 1
github.com/gebl/onenote-mcp-server/internal/http/helpers.go:103.57,106.3 2 1
github.com/gebl/onenote-mcp-server/internal/http/helpers.go:107.2,107.12 1 1
github.com/gebl/onenote-mcp-server/internal/http/helpers.go:116.30,118.16 2 1
github.com/gebl/onenote-mcp-server/internal/http/helpers.go:118.16,120.3 1 1
github.com/gebl/onenote-mcp-server/internal/http/helpers.go:122.2,125.29 2 1
github.com/gebl/onenote-mcp-server/internal/http/helpers.go:125.29,126.59 1 1
github.com/gebl/onenote-mcp-server/internal/http/helpers.go:126.59,129.4 2 1
github.com/gebl/onenote-mcp-server/internal/http/helpers.go:132.2,132.22 1 1
github.com/gebl/onenote-mcp-server/internal/http/helpers.go:141.19,143.16 2 1
github.com/gebl/onenote-mcp-server/internal/http/helpers.go:143.16,145.3 1 0
github.com/gebl/onenote-mcp-server/internal/http/helpers.go:146.2,149.29 2 1
github.com/gebl/onenote-mcp-server/internal/http/helpers.go:149.29,150.59 1 1
github.com/gebl/onenote-mcp-server/internal/http/helpers.go:150.59,152.4 1 0
github.com/gebl/onenote-mcp-server/internal/http/helpers.go:156.2,156.23 1 1
github.com/gebl/onenote-mcp-server/internal/http/helpers.go:156.23,158.3 1 1
github.com/gebl/onenote-mcp-server/internal/http/helpers.go:161.2,161.30 1 1
github.com/gebl/onenote-mcp-server/internal/http/helpers.go:168.32,170.32 2 1
github.com/gebl/onenote-mcp-server/internal/http/helpers.go:170.32,171.34 1 1
github.com/gebl/onenote-mcp-server/internal/http/helpers.go:171.34,172.19 1 1
github.com/gebl/onenote-mcp-server/internal/http/helpers.go:172.19,174.5 1 1
github.com/gebl/onenote-mcp-server/internal/http/helpers.go:178.2,178.31 1 1
github.com/gebl/onenote-mcp-server/internal/http/helpers.go:178.31,181.17 2 1
github.com/gebl/onenote-mcp-server/internal/http/helpers.go:181.17,184.4 2 1
github.com/gebl/onenote-mcp-server/internal/http/helpers.go:185.3,185.38 1 1
github.com/gebl/onenote-mcp-server/internal/http/helpers.go:188.2,188.23 1 1
github.com/gebl/onenote-mcp-server/internal/http/helpers.go:200.80,201.17 1 1
github.com/gebl/onenote-mcp-server/internal/http/helpers.go:201.17,203.3 1 1
github.com/gebl/onenote-mcp-server/internal/http/helpers.go:204.2,205.17 2 1
github.com/gebl/onenote-mcp-server/internal/http/helpers.go:216.9,218.16 2 1
github.com/gebl/onenote-mcp-server/internal/http/helpers.go:218.16,220.3 1 1
github.com/gebl/onenote-mcp-server/internal/http/helpers.go:221.2,223.27 2 1
github.com/gebl/onenote-mcp-server/internal/http/helpers.go:223.27,225.3 1 1
github.com/gebl/onenote-mcp-server/internal/http/helpers.go:227.2,227.12 1 1
github.com/gebl/onenote-mcp-server/internal/http/helpers.go:239.19,241.16 2 1
github.com/gebl/onenote-mcp-server/internal/http/helpers.go:241.16,243.3 1 1
github.com/gebl/onenote-mcp-server/internal/http/helpers.go:244.2,246.27 2 1
github.com/gebl/onenote-mcp-server/internal/http/helpers.go:246.27,247.57 1 1
github.com/gebl/onenote-mcp-server/internal/http/helpers.go:247.57,249.4 1 1
github.com/gebl/onenote-mcp-server/internal/http/helpers.go:252.2,252.21 1 1
github.com/gebl/onenote-mcp-server/internal/http/helpers.go:252.21,254.3 1 1
github.com/gebl/onenote-mcp-server/internal/http/helpers.go:256.2,256.30 1 1
github.com/gebl/onenote-mcp-server/internal/http/helpers.go:266.9,268.16 2 1
github.com/gebl/onenote-mcp-server/internal/http/helpers.go:268.16,270.3 1 0
github.com/gebl/onenote-mcp-server/internal/http/helpers.go:271.2,273.22 2 1
github.com/gebl/onenote-mcp-server/internal/http/helpers.go:285.9,287.16 2 1
github.com/gebl/onenote-mcp-server/internal/http/helpers.go:287.16,289.3 1 0
github.com/gebl/onenote-mcp-server/internal/http/helpers.go:290.2,292.21 2 1
github.com/gebl/onenote-mcp-server/internal/http/helpers.go:292.21,293.23 1 1
github.com/gebl/onenote-mcp-server/internal/http/helpers.go:293.23,295.4 1 1
github.com/gebl/onenote-mcp-server/internal/http/helpers.go:296.8,297.23 1 1
github.com/gebl/onenote-mcp-server/internal/http/helpers.go:297.23,299.4 1 1
github.com/gebl/onenote-mcp-server/internal/http/helpers.go:302.2,302.12 1 1
github.com/gebl/onenote-mcp-server/internal/http/helpers.go:312.19,315.37 2 1
github.com/gebl/onenote-mcp-server/internal/http/helpers.go:315.37,317.17 2 1
github.com/gebl/onenote-mcp-server/internal/http/helpers.go:317.17,319.12 2 1
github.com/gebl/onenote-mcp-server/internal/http/helpers.go:323.3,324.60 2 1
github.com/gebl/onenote-mcp-server/internal/http/helpers.go:324.60,325.29 1 1
github.com/gebl/onenote-mcp-server/internal/http/helpers.go:325.29,326.90 1 1
github.com/gebl/onenote-mcp-server/internal/http/helpers.go:326.90,328.6 1 1
github.com/gebl/onenote-mcp-server/internal/http/helpers.go:331.4,331.23 1 1
github.com/gebl/onenote-mcp-server/internal/http/helpers.go:331.23,335.5 3 0
github.com/gebl/onenote-mcp-server/internal/http/helpers.go:337.4,339.14 3 1
github.com/gebl/onenote-mcp-server/internal/http/helpers.go:342.3,342.17 1 1
github.com/gebl/onenote-mcp-server/internal/http/helpers.go:342.17,344.12 2 1
github.com/gebl/onenote-mcp-server/internal/http/helpers.go:347.3,347.23 1 1
github.com/gebl/onenote-mcp-server/internal/http/helpers.go:350.2,350.20 1 1
github.com/gebl/onenote-mcp-server/internal/http/helpers.go:350.20,352.3 1 1
github.com/gebl/onenote-mcp-server/internal/http/helpers.go:354.2,354.49 1 1
github.com/gebl/onenote-mcp-server/internal/config/config.go:130.53,131.15 1 1
github.com/gebl/onenote-mcp-server/internal/config/config.go:131.15,133.3 1 1
github.com/gebl/onenote-mcp-server/internal/config/config.go:134.2,134.24 1 1
github.com/gebl/onenote-mcp-server/internal/config/config.go:139.46,141.2 1 0
github.com/gebl/onenote-mcp-server/internal/config/config.go:144.49,145.15 1 0
github.com/gebl/onenote-mcp-server/internal/config/config.go:145.15,147.3 1 0
github.com/gebl/onenote-mcp-server/internal/config/config.go:148.2,148.20 1 0
github.com/gebl/onenote-mcp-server/internal/config/config.go:157.30,166.72 6 1
github.com/gebl/onenote-mcp-server/internal/config/config.go:166.72,169.3 2 0
github.com/gebl/onenote-mcp-server/internal/config/config.go:171.2,240.63 5 1
github.com/gebl/onenote-mcp-server/internal/config/config.go:240.63,244.3 3 1
github.com/gebl/onenote-mcp-server/internal/config/config.go:244.8,247.3 2 1
github.com/gebl/onenote-mcp-server/internal/config/config.go:251.2,251.57 1 1
github.com/gebl/onenote-mcp-server/internal/config/config.go:251.57,261.21 7 1
github.com/gebl/onenote-mcp-server/internal/config/config.go:261.21,264.4 2 0
github.com/gebl/onenote-mcp-server/internal/config/config.go:265.3,281.17 9 1
github.com/gebl/onenote-mcp-server/internal/config/config.go:281.17,284.4 2 1
github.com/gebl/onenote-mcp-server/internal/config/config.go:285.3,288.17 3 1
github.com/gebl/onenote-mcp-server/internal/config/config.go:288.17,291.4 2 0
github.com/gebl/onenote-mcp-server/internal/config/config.go:292.3,295.41 3 1
github.com/gebl/onenote-mcp-server/internal/config/config.go:295.41,298.4 2 1
github.com/gebl/onenote-mcp-server/internal/config/config.go:301.3,301.24 1 1
github.com/gebl/onenote-mcp-server/internal/config/config.go:301.24,303.4 1 1
github.com/gebl/onenote-mcp-server/internal/config/config.go:304.3,304.24 1 1
github.com/gebl/onenote-mcp-server/internal/config/config.go:304.24,306.4 1 0
github.com/gebl/onenote-mcp-server/internal/config/config.go:307.3,307.27 1 1
github.com/gebl/onenote-mcp-server/internal/config/config.go:307.27,309.4 1 0
github.com/gebl/onenote-mcp-server/internal/config/config.go:310.3,310.28 1 1
github.com/gebl/onenote-mcp-server/internal/config/config.go:310.28,312.4 1 0
github.com/gebl/onenote-mcp-server/internal/config/config.go:313.3,313.27 1 1
github.com/gebl/onenote-mcp-server/internal/config/config.go:313.27,315.4 1 0
github.com/gebl/onenote-mcp-server/internal/config/config.go:316.3,316.38 1 1
github.com/gebl/onenote-mcp-server/internal/config/config.go:316.38,318.4 1 0
github.com/gebl/onenote-mcp-server/internal/config/config.go:319.3,319.34 1 1
github.com/gebl/onenote-mcp-server/internal/config/config.go:319.34,321.4 1 0
github.com/gebl/onenote-mcp-server/internal/config/config.go:322.3,322.36 1 1
github.com/gebl/onenote-mcp-server/internal/config/config.go:322.36,324.4 1 0
github.com/gebl/onenote-mcp-server/internal/config/config.go:325.3,325.25 1 1
github.com/gebl/onenote-mcp-server/internal/config/config.go:325.25,327.4 1 0
github.com/gebl/onenote-mcp-server/internal/config/config.go:328.3,328.57 1 1
github.com/gebl/onenote-mcp-server/internal/config/config.go:328.57,331.4 2 0
github.com/gebl/onenote-mcp-server/internal/config/config.go:332.3,332.26 1 1
github.com/gebl/onenote-mcp-server/internal/config/config.go:332.26,334.4 1 1
github.com/gebl/onenote-mcp-server/internal/config/config.go:335.3,335.24 1 1
github.com/gebl/onenote-mcp-server/internal/config/config.go:335.24,337.4 1 1
github.com/gebl/onenote-mcp-server/internal/config/config.go:338.3,338.25 1 1
github.com/gebl/onenote-mcp-server/internal/config/config.go:338.25,340.4 1 0
github.com/gebl/onenote-mcp-server/internal/config/config.go:341.3,341.23 1 1
github.com/gebl/onenote-mcp-server/internal/config/config.go:341.23,343.4 1 0
github.com/gebl/onenote-mcp-server/internal/config/config.go:344.3,344.31 1 1
github.com/gebl/onenote-mcp-server/internal/config/config.go:344.31,346.4 1 0
github.com/gebl/onenote-mcp-server/internal/config/config.go:349.3,349.27 1 1
github.com/gebl/onenote-mcp-server/internal/config/config.go:349.27,352.4 2 0
github.com/gebl/onenote-mcp-server/internal/config/config.go:355.3,355.27 1 1
github.com/gebl/onenote-mcp-server/internal/config/config.go:355.27,357.4 1 0
github.com/gebl/onenote-mcp-server/internal/config/config.go:360.3,360.37 1 1
github.com/gebl/onenote-mcp-server/internal/config/config.go:360.37,362.4 1 1
github.com/gebl/onenote-mcp-server/internal/config/config.go:365.3,365.31 1 1
github.com/gebl/onenote-mcp-server/internal/config/config.go:365.31,367.4 1 0
github.com/gebl/onenote-mcp-server/internal/config/config.go:370.3,370.57 1 1
github.com/gebl/onenote-mcp-server/internal/config/config.go:370.57,372.4 1 0
github.com/gebl/onenote-mcp-server/internal/config/config.go:375.3,375.29 1 1
github.com/gebl/onenote-mcp-server/internal/config/config.go:375.29,377.4 1 0
github.com/gebl/onenote-mcp-server/internal/config/config.go:379.3,405.118 2 1
github.com/gebl/onenote-mcp-server/internal/config/config.go:406.8,410.37 2 1
github.com/gebl/onenote-mcp-server/internal/config/config.go:410.37,412.4 1 1
github.com/gebl/onenote-mcp-server/internal/config/config.go:416.2,416.30 1 1
github.com/gebl/onenote-mcp-server/internal/config/config.go:416.30,417.75 1 1
github.com/gebl/onenote-mcp-server/internal/config/config.go:417.75,419.4 1 1
github.com/gebl/onenote-mcp-server/internal/config/config.go:420.3,420.80 1 1
github.com/gebl/onenote-mcp-server/internal/config/config.go:420.80,422.4 1 1
github.com/gebl/onenote-mcp-server/internal/config/config.go:424.3,424.92 1 1
github.com/gebl/onenote-mcp-server/internal/config/config.go:424.92,427.72 2 0
github.com/gebl/onenote-mcp-server/internal/config/config.go:427.72,428.38 1 0
github.com/gebl/onenote-mcp-server/internal/config/config.go:428.38,430.6 1 0
github.com/gebl/onenote-mcp-server/internal/config/config.go:436.2,436.24 1 1
github.com/gebl/onenote-mcp-server/internal/config/config.go:436.24,438.3 1 1
github.com/gebl/onenote-mcp-server/internal/config/config.go:439.2,439.25 1 1
github.com/gebl/onenote-mcp-server/internal/config/config.go:439.25,441.3 1 1
github.com/gebl/onenote-mcp-server/internal/config/config.go:442.2,442.31 1 1
github.com/gebl/onenote-mcp-server/internal/config/config.go:442.31,444.3 1 1
github.com/gebl/onenote-mcp-server/internal/config/config.go:447.2,448.44 2 1
github.com/gebl/onenote-mcp-server/internal/config/config.go:448.44,451.3 2 1
github.com/gebl/onenote-mcp-server/internal/config/config.go:452.2,455.30 2 1
github.com/gebl/onenote-mcp-server/internal/config/config.go:455.30,457.60 2 1
github.com/gebl/onenote-mcp-server/internal/config/config.go:457.60,460.4 2 0
github.com/gebl/onenote-mcp-server/internal/config/config.go:461.3,461.69 1 1
github.com/gebl/onenote-mcp-server/internal/config/config.go:464.2,514.17 5 1
github.com/gebl/onenote-mcp-server/internal/config/config.go:518.39,520.2 1 0
github.com/gebl/onenote-mcp-server/internal/config/config.go:523.40,525.2 1 0
github.com/gebl/onenote-mcp-server/internal/config/config.go:528.38,530.2 1 0
github.com/gebl/onenote-mcp-server/internal/config/config.go:533.46,535.2 1 0
github.com/gebl/onenote-mcp-server/internal/config/config.go:538.40,548.24 4 1
github.com/gebl/onenote-mcp-server/internal/config/config.go:548.24,551.3 2 1
github.com/gebl/onenote-mcp-server/internal/config/config.go:552.2,555.24 3 1
github.com/gebl/onenote-mcp-server/internal/config/config.go:555.24,558.3 2 1
github.com/gebl/onenote-mcp-server/internal/config/config.go:559.2,562.27 3 1
github.com/gebl/onenote-mcp-server/internal/config/config.go:562.27,565.3 2 1
github.com/gebl/onenote-mcp-server/internal/config/config.go:568.2,568.103 1 1
github.com/gebl/onenote-mcp-server/internal/config/config.go:568.103,571.3 2 0
github.com/gebl/onenote-mcp-server/internal/config/config.go:572.2,575.27 3 1
github.com/gebl/onenote-mcp-server/internal/config/config.go:575.27,583.40 2 1
github.com/gebl/onenote-mcp-server/internal/config/config.go:583.40,585.36 2 1
github.com/gebl/onenote-mcp-server/internal/config/config.go:585.36,591.5 2 0
github.com/gebl/onenote-mcp-server/internal/config/config.go:592.4,592.74 1 1
github.com/gebl/onenote-mcp-server/internal/config/config.go:594.3,594.81 1 1
github.com/gebl/onenote-mcp-server/internal/config/config.go:595.8,597.3 1 0
github.com/gebl/onenote-mcp-server/internal/config/config.go:600.2,600.24 1 1
github.com/gebl/onenote-mcp-server/internal/config/config.go:600.24,603.40 3 1
github.com/gebl/onenote-mcp-server/internal/config/config.go:603.40,604.46 1 1
github.com/gebl/onenote-mcp-server/internal/config/config.go:604.46,606.10 2 1
github.com/gebl/onenote-mcp-server/internal/config/config.go:609.3,609.18 1 1
github.com/gebl/onenote-mcp-server/internal/config/config.go:609.18,613.4 1 0
github.com/gebl/onenote-mcp-server/internal/config/config.go:613.9,615.4 1 1
github.com/gebl/onenote-mcp-server/internal/config/config.go:618.2,618.31 1 1
github.com/gebl/onenote-mcp-server/internal/config/config.go:618.31,621.44 3 1
github.com/gebl/onenote-mcp-server/internal/config/config.go:621.44,622.53 1 1
github.com/gebl/onenote-mcp-server/internal/config/config.go:622.53,624.10 2 1
github.com/gebl/onenote-mcp-server/internal/config/config.go:627.3,627.18 1 1
github.com/gebl/onenote-mcp-server/internal/config/config.go:627.18,631.4 1 0
github.com/gebl/onenote-mcp-server/internal/config/config.go:631.9,633.4 1 1
github.com/gebl/onenote-mcp-server/internal/config/config.go:637.2,637.30 1 1
github.com/gebl/onenote-mcp-server/internal/config/config.go:637.30,639.86 2 1
github.com/gebl/onenote-mcp-server/internal/config/config.go:639.86,642.4 2 0
github.com/gebl/onenote-mcp-server/internal/config/config.go:643.3,643.64 1 1
github.com/gebl/onenote-mcp-server/internal/config/config.go:646.2,647.12 2 1
github.com/gebl/onenote-mcp-server/internal/config/config.go:651.45,652.17 1 1
github.com/gebl/onenote-mcp-server/internal/config/config.go:652.17,654.3 1 1
github.com/gebl/onenote-mcp-server/internal/config/config.go:655.2,655.21 1 1
github.com/gebl/onenote-mcp-server/internal/config/config.go:655.21,657.3 1 0
github.com/gebl/onenote-mcp-server/internal/config/config.go:658.2,658.49 1 1
github.com/gebl/onenote-mcp-server/internal/config/config.go:662.49,664.17 2 1
github.com/gebl/onenote-mcp-server/internal/config/config.go:664.17,666.3 1 1
github.com/gebl/onenote-mcp-server/internal/config/config.go:669.2,676.69 2 1
github.com/gebl/onenote-mcp-server/internal/config/config.go:676.69,678.3 1 1
github.com/gebl/onenote-mcp-server/internal/config/config.go:680.2,680.14 1 1
github.com/gebl/onenote-mcp-server/internal/config/config.go:684.31,685.43 1 1
github.com/gebl/onenote-mcp-server/internal/config/config.go:685.43,687.3 1 1
github.com/gebl/onenote-mcp-server/internal/config/config.go:688.2,688.37 1 1
github.com/gebl/onenote-mcp-server/cmd/onenote-mcp-server/AuthTools.go:20.205,26.106 2 1
github.com/gebl/onenote-mcp-server/cmd/onenote-mcp-server/AuthTools.go:26.106,29.25 2 0
github.com/gebl/onenote-mcp-server/cmd/onenote-mcp-server/AuthTools.go:29.25,31.4 1 0
github.com/gebl/onenote-mcp-server/cmd/onenote-mcp-server/AuthTools.go:33.3,36.71 3 0
github.com/gebl/onenote-mcp-server/cmd/onenote-mcp-server/AuthTools.go:39.2,46.105 3 1
github.com/gebl/onenote-mcp-server/cmd/onenote-mcp-server/AuthTools.go:46.105,49.25 2 0
github.com/gebl/onenote-mcp-server/cmd/onenote-mcp-server/AuthTools.go:49.25,51.4 1 0
github.com/gebl/onenote-mcp-server/cmd/onenote-mcp-server/AuthTools.go:53.3,54.17 2 0
github.com/gebl/onenote-mcp-server/cmd/onenote-mcp-server/AuthTools.go:54.17,57.4 2 0
github.com/gebl/onenote-mcp-server/cmd/onenote-mcp-server/AuthTools.go:59.3,60.70 2 0
github.com/gebl/onenote-mcp-server/cmd/onenote-mcp-server/AuthTools.go:62.2,69.105 3 1
github.com/gebl/onenote-mcp-server/cmd/onenote-mcp-server/AuthTools.go:69.105,72.25 2 0
github.com/gebl/onenote-mcp-server/cmd/onenote-mcp-server/AuthTools.go:72.25,74.4 1 0
github.com/gebl/onenote-mcp-server/cmd/onenote-mcp-server/AuthTools.go:76.3,77.17 2 0
github.com/gebl/onenote-mcp-server/cmd/onenote-mcp-server/AuthTools.go:77.17,80.4 2 0
github.com/gebl/onenote-mcp-server/cmd/onenote-mcp-server/AuthTools.go:83.3,92.72 3 0
github.com/gebl/onenote-mcp-server/cmd/onenote-mcp-server/AuthTools.go:95.2,102.102 3 1
github.com/gebl/onenote-mcp-server/cmd/onenote-mcp-server/AuthTools.go:102.102,105.25 2 0
github.com/gebl/onenote-mcp-server/cmd/onenote-mcp-server/AuthTools.go:105.25,107.4 1 0
github.com/gebl/onenote-mcp-server/cmd/onenote-mcp-server/AuthTools.go:109.3,110.17 2 0
github.com/gebl/onenote-mcp-server/cmd/onenote-mcp-server/AuthTools.go:110.17,113.4 2 0
github.com/gebl/onenote-mcp-server/cmd/onenote-mcp-server/AuthTools.go:115.3,121.69 3 0
github.com/gebl/onenote-mcp-server/cmd/onenote-mcp-server/AuthTools.go:124.2,124.68 1 1
github.com/gebl/onenote-mcp-server/cmd/onenote-mcp-server/NotebookResources.go:48.100,62.126 4 0
github.com/gebl/onenote-mcp-server/cmd/onenote-mcp-server/NotebookResources.go:62.126,75.17 6 0
github.com/gebl/onenote-mcp-server/cmd/onenote-mcp-server/NotebookResources.go:75.17,80.4 2 0
github.com/gebl/onenote-mcp-server/cmd/onenote-mcp-server/NotebookResources.go:82.3,89.17 4 0
github.com/gebl/onenote-mcp-server/cmd/onenote-mcp-server/NotebookResources.go:89.17,94.4 2 0
github.com/gebl/onenote-mcp-server/cmd/onenote-mcp-server/NotebookResources.go:96.3,108.9 3 0
github.com/gebl/onenote-mcp-server/cmd/onenote-mcp-server/NotebookResources.go:110.2,124.139 4 0
github.com/gebl/onenote-mcp-server/cmd/onenote-mcp-server/NotebookResources.go:124.139,132.25 3 0
github.com/gebl/onenote-mcp-server/cmd/onenote-mcp-server/NotebookResources.go:132.25,137.4 2 0
github.com/gebl/onenote-mcp-server/cmd/onenote-mcp-server/NotebookResources.go:139.3,151.17 6 0
github.com/gebl/onenote-mcp-server/cmd/onenote-mcp-server/NotebookResources.go:151.17,157.4 2 0
github.com/gebl/onenote-mcp-server/cmd/onenote-mcp-server/NotebookResources.go:159.3,167.17 4 0
github.com/gebl/onenote-mcp-server/cmd/onenote-mcp-server/NotebookResources.go:167.17,173.4 2 0
github.com/gebl/onenote-mcp-server/cmd/onenote-mcp-server/NotebookResources.go:175.3,188.9 3 0
github.com/gebl/onenote-mcp-server/cmd/onenote-mcp-server/NotebookResources.go:190.2,196.27 2 0
github.com/gebl/onenote-mcp-server/cmd/onenote-mcp-server/NotebookResources.go:202.50,205.93 2 1
github.com/gebl/onenote-mcp-server/cmd/onenote-mcp-server/NotebookResources.go:205.93,207.3 1 1
github.com/gebl/onenote-mcp-server/cmd/onenote-mcp-server/NotebookResources.go:208.2,208.11 1 1
github.com/gebl/onenote-mcp-server/cmd/onenote-mcp-server/NotebookResources.go:212.52,215.74 2 1
github.com/gebl/onenote-mcp-server/cmd/onenote-mcp-server/NotebookResources.go:215.74,218.17 2 1
github.com/gebl/onenote-mcp-server/cmd/onenote-mcp-server/NotebookResources.go:218.17,223.4 2 0
github.com/gebl/onenote-mcp-server/cmd/onenote-mcp-server/NotebookResources.go:224.3,227.21 2 1
github.com/gebl/onenote-mcp-server/cmd/onenote-mcp-server/NotebookResources.go:229.2,229.11 1 1
github.com/gebl/onenote-mcp-server/cmd/onenote-mcp-server/NotebookTools.go:41.235,51.106 4 1
github.com/gebl/onenote-mcp-server/cmd/onenote-mcp-server/NotebookTools.go:51.106,56.17 4 0
github.com/gebl/onenote-mcp-server/cmd/onenote-mcp-server/NotebookTools.go:56.17,59.4 2 0
github.com/gebl/onenote-mcp-server/cmd/onenote-mcp-server/NotebookTools.go:62.3,63.46 2 0
github.com/gebl/onenote-mcp-server/cmd/onenote-mcp-server/NotebookTools.go:63.46,65.4 1 0
github.com/gebl/onenote-mcp-server/cmd/onenote-mcp-server/NotebookTools.go:67.3,74.26 3 0
github.com/gebl/onenote-mcp-server/cmd/onenote-mcp-server/NotebookTools.go:74.26,76.4 1 0
github.com/gebl/onenote-mcp-server/cmd/onenote-mcp-server/NotebookTools.go:79.3,90.38 3 0
github.com/gebl/onenote-mcp-server/cmd/onenote-mcp-server/NotebookTools.go:90.38,96.71 4 0
github.com/gebl/onenote-mcp-server/cmd/onenote-mcp-server/NotebookTools.go:96.71,98.5 1 0
github.com/gebl/onenote-mcp-server/cmd/onenote-mcp-server/NotebookTools.go:101.4,102.74 2 0
github.com/gebl/onenote-mcp-server/cmd/onenote-mcp-server/NotebookTools.go:102.74,104.5 1 0
github.com/gebl/onenote-mcp-server/cmd/onenote-mcp-server/NotebookTools.go:107.4,111.47 4 0
github.com/gebl/onenote-mcp-server/cmd/onenote-mcp-server/NotebookTools.go:111.47,116.5 4 0
github.com/gebl/onenote-mcp-server/cmd/onenote-mcp-server/NotebookTools.go:118.4,126.6 1 0
github.com/gebl/onenote-mcp-server/cmd/onenote-mcp-server/NotebookTools.go:130.3,131.17 2 0
github.com/gebl/onenote-mcp-server/cmd/onenote-mcp-server/NotebookTools.go:131.17,134.4 2 0
github.com/gebl/onenote-mcp-server/cmd/onenote-mcp-server/NotebookTools.go:136.3,136.55 1 0
github.com/gebl/onenote-mcp-server/cmd/onenote-mcp-server/NotebookTools.go:138.2,138.111 1 1
github.com/gebl/onenote-mcp-server/cmd/onenote-mcp-server/NotebookTools.go:138.111,140.3 1 0
github.com/gebl/onenote-mcp-server/cmd/onenote-mcp-server/NotebookTools.go:143.2,149.106 2 1
github.com/gebl/onenote-mcp-server/cmd/onenote-mcp-server/NotebookTools.go:149.106,154.24 4 0
github.com/gebl/onenote-mcp-server/cmd/onenote-mcp-server/NotebookTools.go:154.24,158.18 4 0
github.com/gebl/onenote-mcp-server/cmd/onenote-mcp-server/NotebookTools.go:158.18,161.5 2 0
github.com/gebl/onenote-mcp-server/cmd/onenote-mcp-server/NotebookTools.go:164.3,165.17 2 0
github.com/gebl/onenote-mcp-server/cmd/onenote-mcp-server/NotebookTools.go:165.17,168.4 2 0
github.com/gebl/onenote-mcp-server/cmd/onenote-mcp-server/NotebookTools.go:170.3,174.37 3 0
github.com/gebl/onenote-mcp-server/cmd/onenote-mcp-server/NotebookTools.go:174.37,175.43 1 0
github.com/gebl/onenote-mcp-server/cmd/onenote-mcp-server/NotebookTools.go:175.43,179.5 3 0
github.com/gebl/onenote-mcp-server/cmd/onenote-mcp-server/NotebookTools.go:181.3,184.17 3 0
github.com/gebl/onenote-mcp-server/cmd/onenote-mcp-server/NotebookTools.go:184.17,187.4 2 0
github.com/gebl/onenote-mcp-server/cmd/onenote-mcp-server/NotebookTools.go:190.3,191.14 2 0
github.com/gebl/onenote-mcp-server/cmd/onenote-mcp-server/NotebookTools.go:191.14,194.4 2 0
github.com/gebl/onenote-mcp-server/cmd/onenote-mcp-server/NotebookTools.go:196.3,202.17 3 0
github.com/gebl/onenote-mcp-server/cmd/onenote-mcp-server/NotebookTools.go:202.17,205.4 2 0
github.com/gebl/onenote-mcp-server/cmd/onenote-mcp-server/NotebookTools.go:207.3,209.55 3 0
github.com/gebl/onenote-mcp-server/cmd/onenote-mcp-server/NotebookTools.go:211.2,211.111 1 1
github.com/gebl/onenote-mcp-server/cmd/onenote-mcp-server/NotebookTools.go:211.111,213.3 1 0
github.com/gebl/onenote-mcp-server/cmd/onenote-mcp-server/NotebookTools.go:216.2,222.111 2 1
github.com/gebl/onenote-mcp-server/cmd/onenote-mcp-server/NotebookTools.go:222.111,227.24 4 0
github.com/gebl/onenote-mcp-server/cmd/onenote-mcp-server/NotebookTools.go:227.24,231.18 4 0
github.com/gebl/onenote-mcp-server/cmd/onenote-mcp-server/NotebookTools.go:231.18,234.5 2 0
github.com/gebl/onenote-mcp-server/cmd/onenote-mcp-server/NotebookTools.go:237.3,238.17 2 0
github.com/gebl/onenote-mcp-server/cmd/onenote-mcp-server/NotebookTools.go:238.17,241.4 2 0
github.com/gebl/onenote-mcp-server/cmd/onenote-mcp-server/NotebookTools.go:243.3,247.37 3 0
github.com/gebl/onenote-mcp-server/cmd/onenote-mcp-server/NotebookTools.go:247.37,248.43 1 0
github.com/gebl/onenote-mcp-server/cmd/onenote-mcp-server/NotebookTools.go:248.43,252.5 3 0
github.com/gebl/onenote-mcp-server/cmd/onenote-mcp-server/NotebookTools.go:254.3,257.17 3 0
github.com/gebl/onenote-mcp-server/cmd/onenote-mcp-server/NotebookTools.go:257.17,260.4 2 0
github.com/gebl/onenote-mcp-server/cmd/onenote-mcp-server/NotebookTools.go:263.3,264.14 2 0
github.com/gebl/onenote-mcp-server/cmd/onenote-mcp-server/NotebookTools.go:264.14,267.4 2 0
github.com/gebl/onenote-mcp-server/cmd/onenote-mcp-server/NotebookTools.go:269.3,275.17 3 0
github.com/gebl/onenote-mcp-server/cmd/onenote-mcp-server/NotebookTools.go:275.17,278.4 2 0
github.com/gebl/onenote-mcp-server/cmd/onenote-mcp-server/NotebookTools.go:280.3,282.55 3 0
github.com/gebl/onenote-mcp-server/cmd/onenote-mcp-server/NotebookTools.go:284.2,284.116 1 1
github.com/gebl/onenote-mcp-server/cmd/onenote-mcp-server/NotebookTools.go:284.116,286.3 1 0
github.com/gebl/onenote-mcp-server/cmd/onenote-mcp-server/NotebookTools.go:289.2,293.112 2 1
github.com/gebl/onenote-mcp-server/cmd/onenote-mcp-server/NotebookTools.go:293.112,298.13 4 0
github.com/gebl/onenote-mcp-server/cmd/onenote-mcp-server/NotebookTools.go:298.13,301.4 2 0
github.com/gebl/onenote-mcp-server/cmd/onenote-mcp-server/NotebookTools.go:303.3,304.17 2 0
github.com/gebl/onenote-mcp-server/cmd/onenote-mcp-server/NotebookTools.go:304.17,307.4 2 0
github.com/gebl/onenote-mcp-server/cmd/onenote-mcp-server/NotebookTools.go:309.3,310.60 2 0
github.com/gebl/onenote-mcp-server/cmd/onenote-mcp-server/NotebookTools.go:310.60,314.4 1 0
github.com/gebl/onenote-mcp-server/cmd/onenote-mcp-server/NotebookTools.go:316.3,316.55 1 0
github.com/gebl/onenote-mcp-server/cmd/onenote-mcp-server/NotebookTools.go:318.2,318.117 1 1
github.com/gebl/onenote-mcp-server/cmd/onenote-mcp-server/NotebookTools.go:318.117,320.3 1 0
github.com/gebl/onenote-mcp-server/cmd/onenote-mcp-server/NotebookTools.go:323.2,328.107 2 1
github.com/gebl/onenote-mcp-server/cmd/onenote-mcp-server/NotebookTools.go:328.107,333.30 4 0
github.com/gebl/onenote-mcp-server/cmd/onenote-mcp-server/NotebookTools.go:333.30,336.4 2 0
github.com/gebl/onenote-mcp-server/cmd/onenote-mcp-server/NotebookTools.go:338.3,346.17 5 0
github.com/gebl/onenote-mcp-server/cmd/onenote-mcp-server/NotebookTools.go:346.17,352.22 3 0
github.com/gebl/onenote-mcp-server/cmd/onenote-mcp-server/NotebookTools.go:352.22,356.5 2 0
github.com/gebl/onenote-mcp-server/cmd/onenote-mcp-server/NotebookTools.go:359.4,360.41 2 0
github.com/gebl/onenote-mcp-server/cmd/onenote-mcp-server/NotebookTools.go:360.41,361.64 1 0
github.com/gebl/onenote-mcp-server/cmd/onenote-mcp-server/NotebookTools.go:361.64,364.11 3 0
github.com/gebl/onenote-mcp-server/cmd/onenote-mcp-server/NotebookTools.go:368.4,368.14 1 0
github.com/gebl/onenote-mcp-server/cmd/onenote-mcp-server/NotebookTools.go:368.14,372.5 2 0
github.com/gebl/onenote-mcp-server/cmd/onenote-mcp-server/NotebookTools.go:376.3,377.46 2 0
github.com/gebl/onenote-mcp-server/cmd/onenote-mcp-server/NotebookTools.go:377.46,378.77 1 0
github.com/gebl/onenote-mcp-server/cmd/onenote-mcp-server/NotebookTools.go:378.77,383.5 2 0
github.com/gebl/onenote-mcp-server/cmd/onenote-mcp-server/NotebookTools.go:384.4,385.42 1 0
github.com/gebl/onenote-mcp-server/cmd/onenote-mcp-server/NotebookTools.go:389.3,399.17 4 0
github.com/gebl/onenote-mcp-server/cmd/onenote-mcp-server/NotebookTools.go:399.17,402.4 2 0
github.com/gebl/onenote-mcp-server/cmd/onenote-mcp-server/NotebookTools.go:404.3,405.62 2 0
github.com/gebl/onenote-mcp-server/cmd/onenote-mcp-server/NotebookTools.go:405.62,410.4 1 0
github.com/gebl/onenote-mcp-server/cmd/onenote-mcp-server/NotebookTools.go:412.3,412.55 1 0
github.com/gebl/onenote-mcp-server/cmd/onenote-mcp-server/NotebookTools.go:414.2,414.112 1 1
github.com/gebl/onenote-mcp-server/cmd/onenote-mcp-server/NotebookTools.go:414.112,416.3 1 0
github.com/gebl/onenote-mcp-server/cmd/onenote-mcp-server/NotebookTools.go:419.2,423.112 2 1
github.com/gebl/onenote-mcp-server/cmd/onenote-mcp-server/NotebookTools.go:423.112,429.13 4 0
github.com/gebl/onenote-mcp-server/cmd/onenote-mcp-server/NotebookTools.go:429.13,432.4 2 0
github.com/gebl/onenote-mcp-server/cmd/onenote-mcp-server/NotebookTools.go:436.3,439.53 2 0
github.com/gebl/onenote-mcp-server/cmd/onenote-mcp-server/NotebookTools.go:439.53,441.4 1 0
github.com/gebl/onenote-mcp-server/cmd/onenote-mcp-server/NotebookTools.go:444.3,444.29 1 0
github.com/gebl/onenote-mcp-server/cmd/onenote-mcp-server/NotebookTools.go:444.29,445.67 1 0
github.com/gebl/onenote-mcp-server/cmd/onenote-mcp-server/NotebookTools.go:445.67,447.5 1 0
github.com/gebl/onenote-mcp-server/cmd/onenote-mcp-server/NotebookTools.go:450.3,454.69 2 0
github.com/gebl/onenote-mcp-server/cmd/onenote-mcp-server/NotebookTools.go:454.69,461.36 3 0
github.com/gebl/onenote-mcp-server/cmd/onenote-mcp-server/NotebookTools.go:462.16,464.101 2 0
github.com/gebl/onenote-mcp-server/cmd/onenote-mcp-server/NotebookTools.go:465.13,467.123 2 0
github.com/gebl/onenote-mcp-server/cmd/onenote-mcp-server/NotebookTools.go:468.15,470.125 2 0
github.com/gebl/onenote-mcp-server/cmd/onenote-mcp-server/NotebookTools.go:471.17,473.39 1 0
github.com/gebl/onenote-mcp-server/cmd/onenote-mcp-server/NotebookTools.go:473.39,475.6 1 0
github.com/gebl/onenote-mcp-server/cmd/onenote-mcp-server/NotebookTools.go:475.11,477.6 1 0
github.com/gebl/onenote-mcp-server/cmd/onenote-mcp-server/NotebookTools.go:478.5,481.56 1 0
github.com/gebl/onenote-mcp-server/cmd/onenote-mcp-server/NotebookTools.go:482.12,487.38 2 0
github.com/gebl/onenote-mcp-server/cmd/onenote-mcp-server/NotebookTools.go:489.9,491.4 1 0
github.com/gebl/onenote-mcp-server/cmd/onenote-mcp-server/NotebookTools.go:494.3,494.26 1 0
github.com/gebl/onenote-mcp-server/cmd/onenote-mcp-server/NotebookTools.go:494.26,496.27 2 0
github.com/gebl/onenote-mcp-server/cmd/onenote-mcp-server/NotebookTools.go:496.27,498.5 1 0
github.com/gebl/onenote-mcp-server/cmd/onenote-mcp-server/NotebookTools.go:501.3,508.39 3 0
github.com/gebl/onenote-mcp-server/cmd/onenote-mcp-server/NotebookTools.go:508.39,513.14 3 0
github.com/gebl/onenote-mcp-server/cmd/onenote-mcp-server/NotebookTools.go:513.14,518.83 3 0
github.com/gebl/onenote-mcp-server/cmd/onenote-mcp-server/NotebookTools.go:518.83,520.63 1 0
github.com/gebl/onenote-mcp-server/cmd/onenote-mcp-server/NotebookTools.go:520.63,522.7 1 0
github.com/gebl/onenote-mcp-server/cmd/onenote-mcp-server/NotebookTools.go:522.12,522.84 1 0
github.com/gebl/onenote-mcp-server/cmd/onenote-mcp-server/NotebookTools.go:522.84,524.46 1 0
github.com/gebl/onenote-mcp-server/cmd/onenote-mcp-server/NotebookTools.go:524.46,527.8 2 0
github.com/gebl/onenote-mcp-server/cmd/onenote-mcp-server/NotebookTools.go:532.5,533.48 2 0
github.com/gebl/onenote-mcp-server/cmd/onenote-mcp-server/NotebookTools.go:533.48,536.35 2 0
github.com/gebl/onenote-mcp-server/cmd/onenote-mcp-server/NotebookTools.go:536.35,538.7 1 0
github.com/gebl/onenote-mcp-server/cmd/onenote-mcp-server/NotebookTools.go:541.6,542.39 2 0
github.com/gebl/onenote-mcp-server/cmd/onenote-mcp-server/NotebookTools.go:542.39,549.7 2 0
github.com/gebl/onenote-mcp-server/cmd/onenote-mcp-server/NotebookTools.go:553.6,557.55 3 0
github.com/gebl/onenote-mcp-server/cmd/onenote-mcp-server/NotebookTools.go:557.55,558.48 1 0
github.com/gebl/onenote-mcp-server/cmd/onenote-mcp-server/NotebookTools.go:558.48,559.61 1 0
github.com/gebl/onenote-mcp-server/cmd/onenote-mcp-server/NotebookTools.go:559.61,561.14 2 0
github.com/gebl/onenote-mcp-server/cmd/onenote-mcp-server/NotebookTools.go:566.6,570.42 2 0
github.com/gebl/onenote-mcp-server/cmd/onenote-mcp-server/NotebookTools.go:573.5,583.34 4 0
github.com/gebl/onenote-mcp-server/cmd/onenote-mcp-server/NotebookTools.go:583.34,585.6 1 0
github.com/gebl/onenote-mcp-server/cmd/onenote-mcp-server/NotebookTools.go:588.5,605.19 4 0
github.com/gebl/onenote-mcp-server/cmd/onenote-mcp-server/NotebookTools.go:605.19,608.6 2 0
github.com/gebl/onenote-mcp-server/cmd/onenote-mcp-server/NotebookTools.go:611.5,613.57 2 0
github.com/gebl/onenote-mcp-server/cmd/onenote-mcp-server/NotebookTools.go:618.3,631.17 7 0
github.com/gebl/onenote-mcp-server/cmd/onenote-mcp-server/NotebookTools.go:631.17,634.4 2 0
github.com/gebl/onenote-mcp-server/cmd/onenote-mcp-server/NotebookTools.go:637.3,638.46 2 0
github.com/gebl/onenote-mcp-server/cmd/onenote-mcp-server/NotebookTools.go:638.46,641.33 2 0
github.com/gebl/onenote-mcp-server/cmd/onenote-mcp-server/NotebookTools.go:641.33,643.5 1 0
github.com/gebl/onenote-mcp-server/cmd/onenote-mcp-server/NotebookTools.go:646.4,647.38 2 0
github.com/gebl/onenote-mcp-server/cmd/onenote-mcp-server/NotebookTools.go:647.38,654.5 2 0
github.com/gebl/onenote-mcp-server/cmd/onenote-mcp-server/NotebookTools.go:658.4,662.53 3 0
github.com/gebl/onenote-mcp-server/cmd/onenote-mcp-server/NotebookTools.go:662.53,663.47 1 0
github.com/gebl/onenote-mcp-server/cmd/onenote-mcp-server/NotebookTools.go:663.47,664.59 1 0
github.com/gebl/onenote-mcp-server/cmd/onenote-mcp-server/NotebookTools.go:664.59,666.12 2 0
github.com/gebl/onenote-mcp-server/cmd/onenote-mcp-server/NotebookTools.go:671.4,675.41 2 0
github.com/gebl/onenote-mcp-server/cmd/onenote-mcp-server/NotebookTools.go:679.3,693.32 6 0
github.com/gebl/onenote-mcp-server/cmd/onenote-mcp-server/NotebookTools.go:693.32,695.4 1 0
github.com/gebl/onenote-mcp-server/cmd/onenote-mcp-server/NotebookTools.go:698.3,715.17 4 0
github.com/gebl/onenote-mcp-server/cmd/onenote-mcp-server/NotebookTools.go:715.17,718.4 2 0
github.com/gebl/onenote-mcp-server/cmd/onenote-mcp-server/NotebookTools.go:721.3,723.55 2 0
github.com/gebl/onenote-mcp-server/cmd/onenote-mcp-server/NotebookTools.go:725.2,725.117 1 1
github.com/gebl/onenote-mcp-server/cmd/onenote-mcp-server/NotebookTools.go:725.117,727.3 1 0
github.com/gebl/onenote-mcp-server/cmd/onenote-mcp-server/NotebookTools.go:730.2,734.103 2 1
github.com/gebl/onenote-mcp-server/cmd/onenote-mcp-server/NotebookTools.go:734.103,755.17 8 0
github.com/gebl/onenote-mcp-server/cmd/onenote-mcp-server/NotebookTools.go:755.17,758.4 2 0
github.com/gebl/onenote-mcp-server/cmd/onenote-mcp-server/NotebookTools.go:760.3,760.55 1 0
github.com/gebl/onenote-mcp-server/cmd/onenote-mcp-server/NotebookTools.go:763.2,765.81 2 1
github.com/gebl/onenote-mcp-server/cmd/onenote-mcp-server/NotebookTools.go:769.136,771.2 1 0
github.com/gebl/onenote-mcp-server/cmd/onenote-mcp-server/NotebookTools.go:776.144,782.60 4 0
github.com/gebl/onenote-mcp-server/cmd/onenote-mcp-server/NotebookTools.go:782.60,784.3 1 0
github.com/gebl/onenote-mcp-server/cmd/onenote-mcp-server/NotebookTools.go:785.2,785.62 1 0
github.com/gebl/onenote-mcp-server/cmd/onenote-mcp-server/NotebookTools.go:785.62,787.3 1 0
github.com/gebl/onenote-mcp-server/cmd/onenote-mcp-server/NotebookTools.go:789.2,796.22 2 0
github.com/gebl/onenote-mcp-server/cmd/onenote-mcp-server/NotebookTools.go:796.22,803.3 2 0
github.com/gebl/onenote-mcp-server/cmd/onenote-mcp-server/NotebookTools.go:803.8,805.3 1 0
github.com/gebl/onenote-mcp-server/cmd/onenote-mcp-server/NotebookTools.go:808.2,808.22 1 0
github.com/gebl/onenote-mcp-server/cmd/onenote-mcp-server/NotebookTools.go:808.22,815.3 2 0
github.com/gebl/onenote-mcp-server/cmd/onenote-mcp-server/NotebookTools.go:818.2,819.16 2 0
github.com/gebl/onenote-mcp-server/cmd/onenote-mcp-server/NotebookTools.go:819.16,822.3 2 0
github.com/gebl/onenote-mcp-server/cmd/onenote-mcp-server/NotebookTools.go:825.2,825.22 1 0
github.com/gebl/onenote-mcp-server/cmd/onenote-mcp-server/NotebookTools.go:825.22,833.3 2 0
github.com/gebl/onenote-mcp-server/cmd/onenote-mcp-server/NotebookTools.go:835.2,844.29 5 0
github.com/gebl/onenote-mcp-server/cmd/onenote-mcp-server/NotebookTools.go:844.29,847.21 3 0
github.com/gebl/onenote-mcp-server/cmd/onenote-mcp-server/NotebookTools.go:847.21,849.4 1 0
github.com/gebl/onenote-mcp-server/cmd/onenote-mcp-server/NotebookTools.go:851.3,859.23 2 0
github.com/gebl/onenote-mcp-server/cmd/onenote-mcp-server/NotebookTools.go:859.23,868.4 3 0
github.com/gebl/onenote-mcp-server/cmd/onenote-mcp-server/NotebookTools.go:871.3,872.17 2 0
github.com/gebl/onenote-mcp-server/cmd/onenote-mcp-server/NotebookTools.go:872.17,878.12 2 0
github.com/gebl/onenote-mcp-server/cmd/onenote-mcp-server/NotebookTools.go:882.3,882.23 1 0
github.com/gebl/onenote-mcp-server/cmd/onenote-mcp-server/NotebookTools.go:882.23,891.4 3 0
github.com/gebl/onenote-mcp-server/cmd/onenote-mcp-server/NotebookTools.go:893.3,900.19 3 0
github.com/gebl/onenote-mcp-server/cmd/onenote-mcp-server/NotebookTools.go:904.2,904.22 1 0
github.com/gebl/onenote-mcp-server/cmd/onenote-mcp-server/NotebookTools.go:904.22,911.3 2 0
github.com/gebl/onenote-mcp-server/cmd/onenote-mcp-server/NotebookTools.go:911.8,915.3 1 0
github.com/gebl/onenote-mcp-server/cmd/onenote-mcp-server/NotebookTools.go:917.2,921.26 2 0
github.com/gebl/onenote-mcp-server/cmd/onenote-mcp-server/NotebookTools.go:925.71,926.43 1 0
github.com/gebl/onenote-mcp-server/cmd/onenote-mcp-server/NotebookTools.go:926.43,928.3 1 0
github.com/gebl/onenote-mcp-server/cmd/onenote-mcp-server/NotebookTools.go:929.2,929.11 1 0
github.com/gebl/onenote-mcp-server/cmd/onenote-mcp-server/NotebookTools.go:933.71,935.2 1 0
github.com/gebl/onenote-mcp-server/cmd/onenote-mcp-server/NotebookTools.go:938.172,951.60 6 0
github.com/gebl/onenote-mcp-server/cmd/onenote-mcp-server/NotebookTools.go:951.60,953.3 1 0
github.com/gebl/onenote-mcp-server/cmd/onenote-mcp-server/NotebookTools.go:954.2,954.62 1 0
github.com/gebl/onenote-mcp-server/cmd/onenote-mcp-server/NotebookTools.go:954.62,956.3 1 0
github.com/gebl/onenote-mcp-server/cmd/onenote-mcp-server/NotebookTools.go:958.2,979.32 5 0
github.com/gebl/onenote-mcp-server/cmd/onenote-mcp-server/NotebookTools.go:979.32,987.23 2 0
github.com/gebl/onenote-mcp-server/cmd/onenote-mcp-server/NotebookTools.go:987.23,995.4 3 0
github.com/gebl/onenote-mcp-server/cmd/onenote-mcp-server/NotebookTools.go:995.9,998.4 1 0
github.com/gebl/onenote-mcp-server/cmd/onenote-mcp-server/NotebookTools.go:1001.3,1001.23 1 0
github.com/gebl/onenote-mcp-server/cmd/onenote-mcp-server/NotebookTools.go:1001.23,1009.4 3 0
github.com/gebl/onenote-mcp-server/cmd/onenote-mcp-server/NotebookTools.go:1011.3,1012.17 2 0
github.com/gebl/onenote-mcp-server/cmd/onenote-mcp-server/NotebookTools.go:1012.17,1020.4 3 0
github.com/gebl/onenote-mcp-server/cmd/onenote-mcp-server/NotebookTools.go:1023.3,1023.23 1 0
github.com/gebl/onenote-mcp-server/cmd/onenote-mcp-server/NotebookTools.go:1023.23,1032.4 3 0
github.com/gebl/onenote-mcp-server/cmd/onenote-mcp-server/NotebookTools.go:1034.3,1040.49 3 0
github.com/gebl/onenote-mcp-server/cmd/onenote-mcp-server/NotebookTools.go:1040.49,1043.23 3 0
github.com/gebl/onenote-mcp-server/cmd/onenote-mcp-server/NotebookTools.go:1043.23,1045.5 1 0
github.com/gebl/onenote-mcp-server/cmd/onenote-mcp-server/NotebookTools.go:1047.4,1056.47 2 0
github.com/gebl/onenote-mcp-server/cmd/onenote-mcp-server/NotebookTools.go:1056.47,1068.5 5 0
github.com/gebl/onenote-mcp-server/cmd/onenote-mcp-server/NotebookTools.go:1072.4,1075.18 4 0
github.com/gebl/onenote-mcp-server/cmd/onenote-mcp-server/NotebookTools.go:1075.18,1081.13 2 0
github.com/gebl/onenote-mcp-server/cmd/onenote-mcp-server/NotebookTools.go:1085.4,1085.47 1 0
github.com/gebl/onenote-mcp-server/cmd/onenote-mcp-server/NotebookTools.go:1085.47,1096.5 5 0
github.com/gebl/onenote-mcp-server/cmd/onenote-mcp-server/NotebookTools.go:1098.4,1104.49 2 0
github.com/gebl/onenote-mcp-server/cmd/onenote-mcp-server/NotebookTools.go:1107.3,1110.23 2 0
github.com/gebl/onenote-mcp-server/cmd/onenote-mcp-server/NotebookTools.go:1110.23,1120.4 4 0
github.com/gebl/onenote-mcp-server/cmd/onenote-mcp-server/NotebookTools.go:1122.3,1126.41 1 0
github.com/gebl/onenote-mcp-server/cmd/onenote-mcp-server/NotebookTools.go:1127.8,1135.23 3 0
github.com/gebl/onenote-mcp-server/cmd/onenote-mcp-server/NotebookTools.go:1135.23,1144.4 4 0
github.com/gebl/onenote-mcp-server/cmd/onenote-mcp-server/NotebookTools.go:1147.2,1147.25 1 0
github.com/gebl/onenote-mcp-server/cmd/onenote-mcp-server/NotebookTools.go:1151.67,1160.53 1 0
github.com/gebl/onenote-mcp-server/cmd/onenote-mcp-server/NotebookTools.go:1160.53,1162.3 1 0
github.com/gebl/onenote-mcp-server/cmd/onenote-mcp-server/NotebookTools.go:1164.2,1164.62 1 0
github.com/gebl/onenote-mcp-server/cmd/onenote-mcp-server/NotebookTools.go:1164.62,1166.3 1 0
github.com/gebl/onenote-mcp-server/cmd/onenote-mcp-server/NotebookTools.go:1168.2,1168.77 1 0
github.com/gebl/onenote-mcp-server/cmd/onenote-mcp-server/NotebookTools.go:1168.77,1170.3 1 0
github.com/gebl/onenote-mcp-server/cmd/onenote-mcp-server/NotebookTools.go:1174.2,1175.18 2 0
github.com/gebl/onenote-mcp-server/cmd/onenote-mcp-server/NotebookTools.go:1179.71,1187.69 2 0
github.com/gebl/onenote-mcp-server/cmd/onenote-mcp-server/NotebookTools.go:1187.69,1188.65 1 0
github.com/gebl/onenote-mcp-server/cmd/onenote-mcp-server/NotebookTools.go:1188.65,1190.49 2 0
github.com/gebl/onenote-mcp-server/cmd/onenote-mcp-server/NotebookTools.go:1190.49,1191.68 1 0
github.com/gebl/onenote-mcp-server/cmd/onenote-mcp-server/NotebookTools.go:1191.68,1194.6 2 0
github.com/gebl/onenote-mcp-server/cmd/onenote-mcp-server/NotebookTools.go:1196.4,1196.35 1 0
github.com/gebl/onenote-mcp-server/cmd/onenote-mcp-server/NotebookTools.go:1200.2,1200.20 1 0
github.com/gebl/onenote-mcp-server/cmd/onenote-mcp-server/PageResources.go:51.96,65.130 4 0
github.com/gebl/onenote-mcp-server/cmd/onenote-mcp-server/PageResources.go:65.130,73.28 3 0
github.com/gebl/onenote-mcp-server/cmd/onenote-mcp-server/PageResources.go:73.28,78.4 2 0
github.com/gebl/onenote-mcp-server/cmd/onenote-mcp-server/PageResources.go:80.3,86.17 3 0
github.com/gebl/onenote-mcp-server/cmd/onenote-mcp-server/PageResources.go:86.17,91.4 2 0
github.com/gebl/onenote-mcp-server/cmd/onenote-mcp-server/PageResources.go:93.3,105.9 3 0
github.com/gebl/onenote-mcp-server/cmd/onenote-mcp-server/PageResources.go:107.2,121.136 4 0
github.com/gebl/onenote-mcp-server/cmd/onenote-mcp-server/PageResources.go:121.136,129.19 3 0
github.com/gebl/onenote-mcp-server/cmd/onenote-mcp-server/PageResources.go:129.19,134.4 2 0
github.com/gebl/onenote-mcp-server/cmd/onenote-mcp-server/PageResources.go:136.3,142.17 3 0
github.com/gebl/onenote-mcp-server/cmd/onenote-mcp-server/PageResources.go:142.17,147.4 2 0
github.com/gebl/onenote-mcp-server/cmd/onenote-mcp-server/PageResources.go:149.3,161.9 3 0
github.com/gebl/onenote-mcp-server/cmd/onenote-mcp-server/PageResources.go:163.2,169.25 2 0
github.com/gebl/onenote-mcp-server/cmd/onenote-mcp-server/PageResources.go:175.60,178.70 2 0
github.com/gebl/onenote-mcp-server/cmd/onenote-mcp-server/PageResources.go:178.70,181.17 2 0
github.com/gebl/onenote-mcp-server/cmd/onenote-mcp-server/PageResources.go:181.17,187.4 2 0
github.com/gebl/onenote-mcp-server/cmd/onenote-mcp-server/PageResources.go:188.3,192.22 2 0
github.com/gebl/onenote-mcp-server/cmd/onenote-mcp-server/PageResources.go:194.2,194.11 1 0
github.com/gebl/onenote-mcp-server/cmd/onenote-mcp-server/PageResources.go:198.50,201.69 2 0
github.com/gebl/onenote-mcp-server/cmd/onenote-mcp-server/PageResources.go:201.69,204.17 2 0
github.com/gebl/onenote-mcp-server/cmd/onenote-mcp-server/PageResources.go:204.17,210.4 2 0
github.com/gebl/onenote-mcp-server/cmd/onenote-mcp-server/PageResources.go:211.3,215.22 2 0
github.com/gebl/onenote-mcp-server/cmd/onenote-mcp-server/PageResources.go:217.2,217.11 1 0
github.com/gebl/onenote-mcp-server/cmd/onenote-mcp-server/PageResources.go:221.132,230.14 4 0
github.com/gebl/onenote-mcp-server/cmd/onenote-mcp-server/PageResources.go:230.14,232.3 1 0
github.com/gebl/onenote-mcp-server/cmd/onenote-mcp-server/PageResources.go:235.2,242.14 4 0
github.com/gebl/onenote-mcp-server/cmd/onenote-mcp-server/PageResources.go:242.14,244.3 1 0
github.com/gebl/onenote-mcp-server/cmd/onenote-mcp-server/PageResources.go:247.2,248.16 2 0
github.com/gebl/onenote-mcp-server/cmd/onenote-mcp-server/PageResources.go:248.16,253.3 2 0
github.com/gebl/onenote-mcp-server/cmd/onenote-mcp-server/PageResources.go:256.2,256.14 1 0
github.com/gebl/onenote-mcp-server/cmd/onenote-mcp-server/PageResources.go:256.14,258.3 1 0
github.com/gebl/onenote-mcp-server/cmd/onenote-mcp-server/PageResources.go:260.2,264.25 2 0
github.com/gebl/onenote-mcp-server/cmd/onenote-mcp-server/PageResources.go:268.142,277.14 4 0
github.com/gebl/onenote-mcp-server/cmd/onenote-mcp-server/PageResources.go:277.14,279.3 1 0
github.com/gebl/onenote-mcp-server/cmd/onenote-mcp-server/PageResources.go:282.2,291.16 6 0
github.com/gebl/onenote-mcp-server/cmd/onenote-mcp-server/PageResources.go:291.16,296.3 2 0
github.com/gebl/onenote-mcp-server/cmd/onenote-mcp-server/PageResources.go:298.2,303.14 2 0
github.com/gebl/onenote-mcp-server/cmd/onenote-mcp-server/PageResources.go:303.14,305.3 1 0
github.com/gebl/onenote-mcp-server/cmd/onenote-mcp-server/PageResources.go:308.2,309.16 2 0
github.com/gebl/onenote-mcp-server/cmd/onenote-mcp-server/PageResources.go:309.16,315.3 2 0
github.com/gebl/onenote-mcp-server/cmd/onenote-mcp-server/PageResources.go:318.2,318.14 1 0
github.com/gebl/onenote-mcp-server/cmd/onenote-mcp-server/PageResources.go:318.14,320.3 1 0
github.com/gebl/onenote-mcp-server/cmd/onenote-mcp-server/PageResources.go:323.2,324.33 2 0
github.com/gebl/onenote-mcp-server/cmd/onenote-mcp-server/PageResources.go:324.33,328.45 2 0
github.com/gebl/onenote-mcp-server/cmd/onenote-mcp-server/PageResources.go:328.45,330.4 1 0
github.com/gebl/onenote-mcp-server/cmd/onenote-mcp-server/PageResources.go:333.3,333.47 1 0
github.com/gebl/onenote-mcp-server/cmd/onenote-mcp-server/PageResources.go:333.47,335.4 1 0
github.com/gebl/onenote-mcp-server/cmd/onenote-mcp-server/PageResources.go:335.9,335.46 1 0
github.com/gebl/onenote-mcp-server/cmd/onenote-mcp-server/PageResources.go:335.46,337.4 1 0
github.com/gebl/onenote-mcp-server/cmd/onenote-mcp-server/PageResources.go:339.3,339.54 1 0
github.com/gebl/onenote-mcp-server/cmd/onenote-mcp-server/PageResources.go:343.2,352.14 2 0
github.com/gebl/onenote-mcp-server/cmd/onenote-mcp-server/PageResources.go:352.14,354.3 1 0
github.com/gebl/onenote-mcp-server/cmd/onenote-mcp-server/PageResources.go:356.2,357.16 2 0
github.com/gebl/onenote-mcp-server/cmd/onenote-mcp-server/PageResources.go:357.16,362.3 2 0
github.com/gebl/onenote-mcp-server/cmd/onenote-mcp-server/PageResources.go:365.2,365.14 1 0
github.com/gebl/onenote-mcp-server/cmd/onenote-mcp-server/PageResources.go:365.14,367.3 1 0
github.com/gebl/onenote-mcp-server/cmd/onenote-mcp-server/PageResources.go:369.2,374.22 2 0
github.com/gebl/onenote-mcp-server/cmd/onenote-mcp-server/PageResources.go:380.129,384.45 2 0
github.com/gebl/onenote-mcp-server/cmd/onenote-mcp-server/PageResources.go:384.45,391.17 3 0
github.com/gebl/onenote-mcp-server/cmd/onenote-mcp-server/PageResources.go:391.17,392.40 1 0
github.com/gebl/onenote-mcp-server/cmd/onenote-mcp-server/PageResources.go:392.40,393.78 1 0
github.com/gebl/onenote-mcp-server/cmd/onenote-mcp-server/PageResources.go:393.78,397.6 2 0
github.com/gebl/onenote-mcp-server/cmd/onenote-mcp-server/PageResources.go:401.3,402.29 1 0
github.com/gebl/onenote-mcp-server/cmd/onenote-mcp-server/PageResources.go:406.2,410.16 3 0
github.com/gebl/onenote-mcp-server/cmd/onenote-mcp-server/PageResources.go:410.16,415.3 2 0
github.com/gebl/onenote-mcp-server/cmd/onenote-mcp-server/PageResources.go:418.2,418.38 1 0
github.com/gebl/onenote-mcp-server/cmd/onenote-mcp-server/PageResources.go:418.38,419.103 1 0
github.com/gebl/onenote-mcp-server/cmd/onenote-mcp-server/PageResources.go:419.103,420.52 1 0
github.com/gebl/onenote-mcp-server/cmd/onenote-mcp-server/PageResources.go:420.52,425.5 2 0
github.com/gebl/onenote-mcp-server/cmd/onenote-mcp-server/PageResources.go:429.2,431.98 2 0
github.com/gebl/onenote-mcp-server/cmd/onenote-mcp-server/PageResources.go:436.45,437.18 1 0
github.com/gebl/onenote-mcp-server/cmd/onenote-mcp-server/PageResources.go:437.18,439.3 1 0
github.com/gebl/onenote-mcp-server/cmd/onenote-mcp-server/PageResources.go:442.2,442.26 1 0
github.com/gebl/onenote-mcp-server/cmd/onenote-mcp-server/PageResources.go:442.26,446.32 1 0
github.com/gebl/onenote-mcp-server/cmd/onenote-mcp-server/PageResources.go:446.32,448.4 1 0
github.com/gebl/onenote-mcp-server/cmd/onenote-mcp-server/PageResources.go:451.2,451.13 1 0
github.com/gebl/onenote-mcp-server/cmd/onenote-mcp-server/PageTools.go:31.173,34.43 2 0
github.com/gebl/onenote-mcp-server/cmd/onenote-mcp-server/PageTools.go:34.43,39.3 2 0
github.com/gebl/onenote-mcp-server/cmd/onenote-mcp-server/PageTools.go:42.2,43.16 2 0
github.com/gebl/onenote-mcp-server/cmd/onenote-mcp-server/PageTools.go:43.16,50.3 2 0
github.com/gebl/onenote-mcp-server/cmd/onenote-mcp-server/PageTools.go:53.2,53.45 1 0
github.com/gebl/onenote-mcp-server/cmd/onenote-mcp-server/PageTools.go:53.45,61.3 2 0
github.com/gebl/onenote-mcp-server/cmd/onenote-mcp-server/PageTools.go:63.2,69.12 2 0
github.com/gebl/onenote-mcp-server/cmd/onenote-mcp-server/PageTools.go:73.158,76.43 2 0
github.com/gebl/onenote-mcp-server/cmd/onenote-mcp-server/PageTools.go:76.43,81.3 2 0
github.com/gebl/onenote-mcp-server/cmd/onenote-mcp-server/PageTools.go:84.2,85.16 2 0
github.com/gebl/onenote-mcp-server/cmd/onenote-mcp-server/PageTools.go:85.16,92.3 2 0
github.com/gebl/onenote-mcp-server/cmd/onenote-mcp-server/PageTools.go:95.2,95.45 1 0
github.com/gebl/onenote-mcp-server/cmd/onenote-mcp-server/PageTools.go:95.45,104.3 2 0
github.com/gebl/onenote-mcp-server/cmd/onenote-mcp-server/PageTools.go:106.2,114.12 2 0
github.com/gebl/onenote-mcp-server/cmd/onenote-mcp-server/PageTools.go:117.281,124.102 2 1
github.com/gebl/onenote-mcp-server/cmd/onenote-mcp-server/PageTools.go:124.102,129.17 4 0
github.com/gebl/onenote-mcp-server/cmd/onenote-mcp-server/PageTools.go:129.17,132.4 2 0
github.com/gebl/onenote-mcp-server/cmd/onenote-mcp-server/PageTools.go:133.3,138.115 3 0
github.com/gebl/onenote-mcp-server/cmd/onenote-mcp-server/PageTools.go:138.115,140.4 1 0
github.com/gebl/onenote-mcp-server/cmd/onenote-mcp-server/PageTools.go:143.3,146.26 2 0
github.com/gebl/onenote-mcp-server/cmd/onenote-mcp-server/PageTools.go:146.26,148.4 1 0
github.com/gebl/onenote-mcp-server/cmd/onenote-mcp-server/PageTools.go:150.3,150.45 1 0
github.com/gebl/onenote-mcp-server/cmd/onenote-mcp-server/PageTools.go:150.45,152.14 2 0
github.com/gebl/onenote-mcp-server/cmd/onenote-mcp-server/PageTools.go:152.14,155.48 2 0
github.com/gebl/onenote-mcp-server/cmd/onenote-mcp-server/PageTools.go:155.48,158.22 2 0
github.com/gebl/onenote-mcp-server/cmd/onenote-mcp-server/PageTools.go:158.22,160.44 1 0
github.com/gebl/onenote-mcp-server/cmd/onenote-mcp-server/PageTools.go:160.44,165.31 2 0
github.com/gebl/onenote-mcp-server/cmd/onenote-mcp-server/PageTools.go:165.31,167.9 1 0
github.com/gebl/onenote-mcp-server/cmd/onenote-mcp-server/PageTools.go:170.8,170.114 1 0
github.com/gebl/onenote-mcp-server/cmd/onenote-mcp-server/PageTools.go:170.114,172.9 1 0
github.com/gebl/onenote-mcp-server/cmd/onenote-mcp-server/PageTools.go:174.8,174.31 1 0
github.com/gebl/onenote-mcp-server/cmd/onenote-mcp-server/PageTools.go:174.31,176.9 1 0
github.com/gebl/onenote-mcp-server/cmd/onenote-mcp-server/PageTools.go:179.6,179.29 1 0
github.com/gebl/onenote-mcp-server/cmd/onenote-mcp-server/PageTools.go:179.29,181.7 1 0
github.com/gebl/onenote-mcp-server/cmd/onenote-mcp-server/PageTools.go:183.6,184.46 2 0
github.com/gebl/onenote-mcp-server/cmd/onenote-mcp-server/PageTools.go:188.6,193.42 1 0
github.com/gebl/onenote-mcp-server/cmd/onenote-mcp-server/PageTools.go:196.5,205.30 3 0
github.com/gebl/onenote-mcp-server/cmd/onenote-mcp-server/PageTools.go:205.30,209.6 1 0
github.com/gebl/onenote-mcp-server/cmd/onenote-mcp-server/PageTools.go:209.11,222.27 3 0
github.com/gebl/onenote-mcp-server/cmd/onenote-mcp-server/PageTools.go:222.27,225.7 1 0
github.com/gebl/onenote-mcp-server/cmd/onenote-mcp-server/PageTools.go:225.12,227.7 1 0
github.com/gebl/onenote-mcp-server/cmd/onenote-mcp-server/PageTools.go:233.3,235.26 2 0
github.com/gebl/onenote-mcp-server/cmd/onenote-mcp-server/PageTools.go:235.26,237.4 1 0
github.com/gebl/onenote-mcp-server/cmd/onenote-mcp-server/PageTools.go:239.3,241.26 2 0
github.com/gebl/onenote-mcp-server/cmd/onenote-mcp-server/PageTools.go:241.26,243.4 1 0
github.com/gebl/onenote-mcp-server/cmd/onenote-mcp-server/PageTools.go:244.3,244.17 1 0
github.com/gebl/onenote-mcp-server/cmd/onenote-mcp-server/PageTools.go:244.17,247.4 2 0
github.com/gebl/onenote-mcp-server/cmd/onenote-mcp-server/PageTools.go:250.3,251.46 2 0
github.com/gebl/onenote-mcp-server/cmd/onenote-mcp-server/PageTools.go:251.46,254.20 2 0
github.com/gebl/onenote-mcp-server/cmd/onenote-mcp-server/PageTools.go:254.20,256.42 1 0
github.com/gebl/onenote-mcp-server/cmd/onenote-mcp-server/PageTools.go:256.42,261.29 2 0
github.com/gebl/onenote-mcp-server/cmd/onenote-mcp-server/PageTools.go:261.29,263.7 1 0
github.com/gebl/onenote-mcp-server/cmd/onenote-mcp-server/PageTools.go:266.6,266.112 1 0
github.com/gebl/onenote-mcp-server/cmd/onenote-mcp-server/PageTools.go:266.112,268.7 1 0
github.com/gebl/onenote-mcp-server/cmd/onenote-mcp-server/PageTools.go:270.6,270.29 1 0
github.com/gebl/onenote-mcp-server/cmd/onenote-mcp-server/PageTools.go:270.29,272.7 1 0
github.com/gebl/onenote-mcp-server/cmd/onenote-mcp-server/PageTools.go:275.4,275.27 1 0
github.com/gebl/onenote-mcp-server/cmd/onenote-mcp-server/PageTools.go:275.27,277.5 1 0
github.com/gebl/onenote-mcp-server/cmd/onenote-mcp-server/PageTools.go:279.4,280.44 2 0
github.com/gebl/onenote-mcp-server/cmd/onenote-mcp-server/PageTools.go:284.4,291.27 2 0
github.com/gebl/onenote-mcp-server/cmd/onenote-mcp-server/PageTools.go:291.27,293.5 1 0
github.com/gebl/onenote-mcp-server/cmd/onenote-mcp-server/PageTools.go:297.3,299.26 2 0
github.com/gebl/onenote-mcp-server/cmd/onenote-mcp-server/PageTools.go:299.26,301.4 1 0
github.com/gebl/onenote-mcp-server/cmd/onenote-mcp-server/PageTools.go:302.3,311.22 4 0
github.com/gebl/onenote-mcp-server/cmd/onenote-mcp-server/PageTools.go:311.22,313.4 1 0
github.com/gebl/onenote-mcp-server/cmd/onenote-mcp-server/PageTools.go:316.3,316.26 1 0
github.com/gebl/onenote-mcp-server/cmd/onenote-mcp-server/PageTools.go:316.26,318.4 1 0
github.com/gebl/onenote-mcp-server/cmd/onenote-mcp-server/PageTools.go:320.3,331.26 3 0
github.com/gebl/onenote-mcp-server/cmd/onenote-mcp-server/PageTools.go:331.26,333.4 1 0
github.com/gebl/onenote-mcp-server/cmd/onenote-mcp-server/PageTools.go:334.3,334.17 1 0
github.com/gebl/onenote-mcp-server/cmd/onenote-mcp-server/PageTools.go:334.17,337.4 2 0
github.com/gebl/onenote-mcp-server/cmd/onenote-mcp-server/PageTools.go:338.3,338.56 1 0
github.com/gebl/onenote-mcp-server/cmd/onenote-mcp-server/PageTools.go:340.2,350.103 3 1
github.com/gebl/onenote-mcp-server/cmd/onenote-mcp-server/PageTools.go:350.103,355.17 4 0
github.com/gebl/onenote-mcp-server/cmd/onenote-mcp-server/PageTools.go:355.17,358.4 2 0
github.com/gebl/onenote-mcp-server/cmd/onenote-mcp-server/PageTools.go:360.3,361.17 2 0
github.com/gebl/onenote-mcp-server/cmd/onenote-mcp-server/PageTools.go:361.17,364.4 2 0
github.com/gebl/onenote-mcp-server/cmd/onenote-mcp-server/PageTools.go:366.3,367.17 2 0
github.com/gebl/onenote-mcp-server/cmd/onenote-mcp-server/PageTools.go:367.17,370.4 2 0
github.com/gebl/onenote-mcp-server/cmd/onenote-mcp-server/PageTools.go:372.3,376.116 3 0
github.com/gebl/onenote-mcp-server/cmd/onenote-mcp-server/PageTools.go:376.116,378.4 1 0
github.com/gebl/onenote-mcp-server/cmd/onenote-mcp-server/PageTools.go:381.3,382.37 2 0
github.com/gebl/onenote-mcp-server/cmd/onenote-mcp-server/PageTools.go:382.37,383.37 1 0
github.com/gebl/onenote-mcp-server/cmd/onenote-mcp-server/PageTools.go:383.37,387.5 3 0
github.com/gebl/onenote-mcp-server/cmd/onenote-mcp-server/PageTools.go:389.3,399.17 5 0
github.com/gebl/onenote-mcp-server/cmd/onenote-mcp-server/PageTools.go:399.17,402.4 2 0
github.com/gebl/onenote-mcp-server/cmd/onenote-mcp-server/PageTools.go:405.3,410.14 4 0
github.com/gebl/onenote-mcp-server/cmd/onenote-mcp-server/PageTools.go:410.14,413.4 2 0
github.com/gebl/onenote-mcp-server/cmd/onenote-mcp-server/PageTools.go:415.3,424.17 3 0
github.com/gebl/onenote-mcp-server/cmd/onenote-mcp-server/PageTools.go:424.17,427.4 2 0
github.com/gebl/onenote-mcp-server/cmd/onenote-mcp-server/PageTools.go:429.3,431.55 3 0
github.com/gebl/onenote-mcp-server/cmd/onenote-mcp-server/PageTools.go:433.2,442.110 3 1
github.com/gebl/onenote-mcp-server/cmd/onenote-mcp-server/PageTools.go:442.110,447.17 4 0
github.com/gebl/onenote-mcp-server/cmd/onenote-mcp-server/PageTools.go:447.17,450.4 2 0
github.com/gebl/onenote-mcp-server/cmd/onenote-mcp-server/PageTools.go:452.3,453.17 2 0
github.com/gebl/onenote-mcp-server/cmd/onenote-mcp-server/PageTools.go:453.17,456.4 2 0
github.com/gebl/onenote-mcp-server/cmd/onenote-mcp-server/PageTools.go:458.3,461.114 2 0
github.com/gebl/onenote-mcp-server/cmd/onenote-mcp-server/PageTools.go:461.114,463.4 1 0
github.com/gebl/onenote-mcp-server/cmd/onenote-mcp-server/PageTools.go:466.3,473.17 4 0
github.com/gebl/onenote-mcp-server/cmd/onenote-mcp-server/PageTools.go:473.17,476.4 2 0
github.com/gebl/onenote-mcp-server/cmd/onenote-mcp-server/PageTools.go:478.3,490.17 5 0
github.com/gebl/onenote-mcp-server/cmd/onenote-mcp-server/PageTools.go:490.17,493.4 2 0
github.com/gebl/onenote-mcp-server/cmd/onenote-mcp-server/PageTools.go:495.3,495.55 1 0
github.com/gebl/onenote-mcp-server/cmd/onenote-mcp-server/PageTools.go:497.2,506.118 3 1
github.com/gebl/onenote-mcp-server/cmd/onenote-mcp-server/PageTools.go:506.118,511.17 4 0
github.com/gebl/onenote-mcp-server/cmd/onenote-mcp-server/PageTools.go:511.17,514.4 2 0
github.com/gebl/onenote-mcp-server/cmd/onenote-mcp-server/PageTools.go:517.3,517.122 1 0
github.com/gebl/onenote-mcp-server/cmd/onenote-mcp-server/PageTools.go:517.122,519.4 1 0
github.com/gebl/onenote-mcp-server/cmd/onenote-mcp-server/PageTools.go:521.3,522.17 2 0
github.com/gebl/onenote-mcp-server/cmd/onenote-mcp-server/PageTools.go:522.17,525.4 2 0
github.com/gebl/onenote-mcp-server/cmd/onenote-mcp-server/PageTools.go:527.3,531.91 3 0
github.com/gebl/onenote-mcp-server/cmd/onenote-mcp-server/PageTools.go:531.91,534.4 2 0
github.com/gebl/onenote-mcp-server/cmd/onenote-mcp-server/PageTools.go:536.3,540.36 3 0
github.com/gebl/onenote-mcp-server/cmd/onenote-mcp-server/PageTools.go:540.36,541.29 1 0
github.com/gebl/onenote-mcp-server/cmd/onenote-mcp-server/PageTools.go:541.29,563.5 5 0
github.com/gebl/onenote-mcp-server/cmd/onenote-mcp-server/PageTools.go:566.3,567.17 2 0
github.com/gebl/onenote-mcp-server/cmd/onenote-mcp-server/PageTools.go:567.17,570.4 2 0
github.com/gebl/onenote-mcp-server/cmd/onenote-mcp-server/PageTools.go:572.3,583.17 5 0
github.com/gebl/onenote-mcp-server/cmd/onenote-mcp-server/PageTools.go:583.17,586.4 2 0
github.com/gebl/onenote-mcp-server/cmd/onenote-mcp-server/PageTools.go:588.3,588.55 1 0
github.com/gebl/onenote-mcp-server/cmd/onenote-mcp-server/PageTools.go:590.2,598.103 3 1
github.com/gebl/onenote-mcp-server/cmd/onenote-mcp-server/PageTools.go:598.103,603.17 4 0
github.com/gebl/onenote-mcp-server/cmd/onenote-mcp-server/PageTools.go:603.17,606.4 2 0
github.com/gebl/onenote-mcp-server/cmd/onenote-mcp-server/PageTools.go:609.3,609.107 1 0
github.com/gebl/onenote-mcp-server/cmd/onenote-mcp-server/PageTools.go:609.107,611.4 1 0
github.com/gebl/onenote-mcp-server/cmd/onenote-mcp-server/PageTools.go:613.3,616.17 3 0
github.com/gebl/onenote-mcp-server/cmd/onenote-mcp-server/PageTools.go:616.17,619.4 2 0
github.com/gebl/onenote-mcp-server/cmd/onenote-mcp-server/PageTools.go:622.3,627.65 5 0
github.com/gebl/onenote-mcp-server/cmd/onenote-mcp-server/PageTools.go:629.2,639.107 3 1
github.com/gebl/onenote-mcp-server/cmd/onenote-mcp-server/PageTools.go:639.107,644.17 4 0
github.com/gebl/onenote-mcp-server/cmd/onenote-mcp-server/PageTools.go:644.17,647.4 2 0
github.com/gebl/onenote-mcp-server/cmd/onenote-mcp-server/PageTools.go:649.3,658.44 7 0
github.com/gebl/onenote-mcp-server/cmd/onenote-mcp-server/PageTools.go:658.44,659.29 1 0
github.com/gebl/onenote-mcp-server/cmd/onenote-mcp-server/PageTools.go:659.29,661.10 2 0
github.com/gebl/onenote-mcp-server/cmd/onenote-mcp-server/PageTools.go:664.3,664.21 1 0
github.com/gebl/onenote-mcp-server/cmd/onenote-mcp-server/PageTools.go:664.21,667.4 2 0
github.com/gebl/onenote-mcp-server/cmd/onenote-mcp-server/PageTools.go:670.3,670.36 1 0
github.com/gebl/onenote-mcp-server/cmd/onenote-mcp-server/PageTools.go:670.36,673.4 2 0
github.com/gebl/onenote-mcp-server/cmd/onenote-mcp-server/PageTools.go:675.3,678.111 2 0
github.com/gebl/onenote-mcp-server/cmd/onenote-mcp-server/PageTools.go:678.111,680.4 1 0
github.com/gebl/onenote-mcp-server/cmd/onenote-mcp-server/PageTools.go:683.3,684.17 2 0
github.com/gebl/onenote-mcp-server/cmd/onenote-mcp-server/PageTools.go:684.17,687.4 2 0
github.com/gebl/onenote-mcp-server/cmd/onenote-mcp-server/PageTools.go:689.3,693.17 3 0
github.com/gebl/onenote-mcp-server/cmd/onenote-mcp-server/PageTools.go:694.15,696.76 2 0
github.com/gebl/onenote-mcp-server/cmd/onenote-mcp-server/PageTools.go:697.19,700.30 3 0
github.com/gebl/onenote-mcp-server/cmd/onenote-mcp-server/PageTools.go:700.30,703.5 2 0
github.com/gebl/onenote-mcp-server/cmd/onenote-mcp-server/PageTools.go:704.15,707.30 3 0
github.com/gebl/onenote-mcp-server/cmd/onenote-mcp-server/PageTools.go:707.30,710.5 2 0
github.com/gebl/onenote-mcp-server/cmd/onenote-mcp-server/PageTools.go:713.3,729.16 4 0
github.com/gebl/onenote-mcp-server/cmd/onenote-mcp-server/PageTools.go:729.16,731.4 1 0
github.com/gebl/onenote-mcp-server/cmd/onenote-mcp-server/PageTools.go:733.3,734.17 2 0
github.com/gebl/onenote-mcp-server/cmd/onenote-mcp-server/PageTools.go:734.17,737.4 2 0
github.com/gebl/onenote-mcp-server/cmd/onenote-mcp-server/PageTools.go:739.3,739.55 1 0
github.com/gebl/onenote-mcp-server/cmd/onenote-mcp-server/PageTools.go:741.2,752.111 3 1
github.com/gebl/onenote-mcp-server/cmd/onenote-mcp-server/PageTools.go:752.111,763.115 8 0
github.com/gebl/onenote-mcp-server/cmd/onenote-mcp-server/PageTools.go:763.115,765.4 1 0
[...]
github.com/gebl/onenote-mcp-server/internal/graph/http.go:50.16,53.3 2 1
github.com/gebl/onenote-mcp-server/internal/graph/http.go:56.2,56.34 1 1
github.com/gebl/onenote-mcp-server/internal/graph/http.go:56.34,58.3 1 0
github.com/gebl/onenote-mcp-server/internal/graph/http.go:60.2,65.16 4 1
github.com/gebl/onenote-mcp-server/internal/graph/http.go:65.16,68.3 2 0
github.com/gebl/onenote-mcp-server/internal/graph/http.go:70.2,71.18 2 1
github.com/gebl/onenote-mcp-server/internal/graph/http.go:75.82,76.80 1 1
github.com/gebl/onenote-mcp-server/internal/graph/http.go:76.80,80.3 3 1
github.com/gebl/onenote-mcp-server/internal/graph/http.go:81.2,81.12 1 1
github.com/gebl/onenote-mcp-server/internal/graph/http.go:85.90,87.16 2 1
github.com/gebl/onenote-mcp-server/internal/graph/http.go:87.16,90.3 2 1
github.com/gebl/onenote-mcp-server/internal/graph/http.go:91.2,92.21 2 1
github.com/gebl/onenote-mcp-server/internal/graph/http.go:96.73,99.43 2 1
github.com/gebl/onenote-mcp-server/internal/graph/http.go:99.43,102.3 2 1
github.com/gebl/onenote-mcp-server/internal/graph/http.go:102.8,104.3 1 1
github.com/gebl/onenote-mcp-server/internal/graph/http.go:106.2,106.20 1 1
github.com/gebl/onenote-mcp-server/internal/graph/utils.go:37.71,38.14 1 1
github.com/gebl/onenote-mcp-server/internal/graph/utils.go:38.14,41.3 2 1
github.com/gebl/onenote-mcp-server/internal/graph/utils.go:44.2,48.35 3 1
github.com/gebl/onenote-mcp-server/internal/graph/utils.go:48.35,49.48 1 1
github.com/gebl/onenote-mcp-server/internal/graph/utils.go:49.48,52.4 2 1
github.com/gebl/onenote-mcp-server/internal/graph/utils.go:56.2,56.28 1 1
github.com/gebl/onenote-mcp-server/internal/graph/utils.go:56.28,59.3 2 1
github.com/gebl/onenote-mcp-server/internal/graph/utils.go:61.2,62.25 2 1
github.com/gebl/onenote-mcp-server/internal/graph/utils.go:66.74,68.46 2 1
github.com/gebl/onenote-mcp-server/internal/graph/utils.go:68.46,70.22 1 1
github.com/gebl/onenote-mcp-server/internal/graph/utils.go:71.21,72.34 1 1
github.com/gebl/onenote-mcp-server/internal/graph/utils.go:73.20,74.34 1 1
github.com/gebl/onenote-mcp-server/internal/graph/utils.go:75.20,76.34 1 1
github.com/gebl/onenote-mcp-server/internal/graph/utils.go:77.21,78.35 1 1
github.com/gebl/onenote-mcp-server/internal/graph/utils.go:79.11,80.34 1 1
github.com/gebl/onenote-mcp-server/internal/graph/utils.go:82.8,84.3 1 1
github.com/gebl/onenote-mcp-server/internal/graph/utils.go:86.2,87.17 2 1
github.com/gebl/onenote-mcp-server/internal/graph/utils.go:93.90,98.16 3 1
github.com/gebl/onenote-mcp-server/internal/graph/utils.go:98.16,100.3 1 1
github.com/gebl/onenote-mcp-server/internal/graph/utils.go:103.2,114.16 4 1
github.com/gebl/onenote-mcp-server/internal/graph/utils.go:114.16,117.3 2 1
github.com/gebl/onenote-mcp-server/internal/graph/utils.go:119.2,123.57 3 0
github.com/gebl/onenote-mcp-server/internal/graph/utils.go:123.57,126.3 2 0
github.com/gebl/onenote-mcp-server/internal/graph/utils.go:128.2,129.20 2 0
github.com/gebl/onenote-mcp-server/internal/utils/image.go:43.110,45.47 1 1
github.com/gebl/onenote-mcp-server/internal/utils/image.go:45.47,47.3 1 1
github.com/gebl/onenote-mcp-server/internal/utils/image.go:50.2,51.16 2 1
github.com/gebl/onenote-mcp-server/internal/utils/image.go:51.16,54.3 2 1
github.com/gebl/onenote-mcp-server/internal/utils/image.go:56.2,61.46 4 1
github.com/gebl/onenote-mcp-server/internal/utils/image.go:61.46,64.3 2 1
github.com/gebl/onenote-mcp-server/internal/utils/image.go:66.2,72.21 5 1
github.com/gebl/onenote-mcp-server/internal/utils/image.go:72.21,74.3 1 1
github.com/gebl/onenote-mcp-server/internal/utils/image.go:76.2,87.21 6 1
github.com/gebl/onenote-mcp-server/internal/utils/image.go:88.33,89.65 1 1
github.com/gebl/onenote-mcp-server/internal/utils/image.go:90.19,91.36 1 1
github.com/gebl/onenote-mcp-server/internal/utils/image.go:92.19,93.41 1 1
github.com/gebl/onenote-mcp-server/internal/utils/image.go:94.10,96.31 2 0
github.com/gebl/onenote-mcp-server/internal/utils/image.go:99.2,99.16 1 1
github.com/gebl/onenote-mcp-server/internal/utils/image.go:99.16,102.3 2 0
github.com/gebl/onenote-mcp-server/internal/utils/image.go:104.2,110.30 3 1
github.com/gebl/onenote-mcp-server/internal/utils/image.go:114.41,116.2 1 1
github.com/gebl/onenote-mcp-server/internal/utils/progress.go:26.100,32.2 1 1
github.com/gebl/onenote-mcp-server/internal/utils/progress.go:35.59,37.68 1 1
github.com/gebl/onenote-mcp-server/internal/utils/progress.go:37.68,38.62 1 1
github.com/gebl/onenote-mcp-server/internal/utils/progress.go:38.62,40.4 1 1
github.com/gebl/onenote-mcp-server/internal/utils/progress.go:42.3,42.58 1 1
github.com/gebl/onenote-mcp-server/internal/utils/progress.go:44.2,44.11 1 1
github.com/gebl/onenote-mcp-server/internal/utils/progress.go:48.83,50.2 1 1
github.com/gebl/onenote-mcp-server/internal/utils/progress.go:53.57,55.2 1 1
github.com/gebl/onenote-mcp-server/internal/utils/progress.go:58.44,60.2 1 1
github.com/gebl/onenote-mcp-server/internal/utils/progress.go:63.136,64.25 1 1
github.com/gebl/onenote-mcp-server/internal/utils/progress.go:64.25,70.3 2 1
github.com/gebl/onenote-mcp-server/internal/utils/progress.go:73.2,83.14 3 1
github.com/gebl/onenote-mcp-server/internal/utils/progress.go:83.14,89.3 2 1
github.com/gebl/onenote-mcp-server/internal/utils/progress.go:91.2,98.16 2 1
github.com/gebl/onenote-mcp-server/internal/utils/progress.go:98.16,106.3 1 1
github.com/gebl/onenote-mcp-server/internal/utils/progress.go:106.8,113.3 1 0
github.com/gebl/onenote-mcp-server/internal/utils/progress.go:117.106,118.25 1 1
github.com/gebl/onenote-mcp-server/internal/utils/progress.go:118.25,122.3 2 1
github.com/gebl/onenote-mcp-server/internal/utils/progress.go:124.2,129.14 2 1
github.com/gebl/onenote-mcp-server/internal/utils/progress.go:129.14,134.3 2 1
github.com/gebl/onenote-mcp-server/internal/utils/progress.go:136.2,141.16 2 1
github.com/gebl/onenote-mcp-server/internal/utils/progress.go:141.16,146.3 1 1
github.com/gebl/onenote-mcp-server/internal/utils/progress.go:146.8,150.3 1 0
github.com/gebl/onenote-mcp-server/internal/utils/progress.go:163.74,167.60 3 1
github.com/gebl/onenote-mcp-server/internal/utils/progress.go:167.60,168.49 1 1
github.com/gebl/onenote-mcp-server/internal/utils/progress.go:168.49,170.4 1 1
github.com/gebl/onenote-mcp-server/internal/utils/progress.go:173.2,173.62 1 1
github.com/gebl/onenote-mcp-server/internal/utils/progress.go:173.62,174.41 1 1
github.com/gebl/onenote-mcp-server/internal/utils/progress.go:174.41,176.4 1 1
github.com/gebl/onenote-mcp-server/internal/utils/progress.go:179.2,179.33 1 1
github.com/gebl/onenote-mcp-server/internal/utils/progress.go:184.85,187.45 2 1
github.com/gebl/onenote-mcp-server/internal/utils/progress.go:187.45,189.3 1 1
github.com/gebl/onenote-mcp-server/internal/utils/progress.go:189.8,191.20 1 1
github.com/gebl/onenote-mcp-server/internal/utils/progress.go:191.20,197.4 1 1
github.com/gebl/onenote-mcp-server/internal/utils/tool_helpers.go:35.80,37.2 1 0
github.com/gebl/onenote-mcp-server/internal/utils/tool_helpers.go:40.106,43.2 2 0
github.com/gebl/onenote-mcp-server/internal/utils/tool_helpers.go:46.92,48.16 2 0
github.com/gebl/onenote-mcp-server/internal/utils/tool_helpers.go:48.16,51.3 2 0
github.com/gebl/onenote-mcp-server/internal/utils/tool_helpers.go:52.2,52.49 1 0
github.com/gebl/onenote-mcp-server/internal/utils/tool_helpers.go:56.125,58.16 2 0
github.com/gebl/onenote-mcp-server/internal/utils/tool_helpers.go:58.16,62.3 2 0
github.com/gebl/onenote-mcp-server/internal/utils/tool_helpers.go:63.2,63.49 1 0
github.com/gebl/onenote-mcp-server/internal/utils/tool_helpers.go:76.50,83.2 3 0
github.com/gebl/onenote-mcp-server/internal/utils/tool_helpers.go:86.71,90.2 3 0
github.com/gebl/onenote-mcp-server/internal/utils/tool_helpers.go:93.76,97.2 3 0
github.com/gebl/onenote-mcp-server/internal/utils/tool_helpers.go:100.62,105.2 4 0
github.com/gebl/onenote-mcp-server/internal/utils/tool_helpers.go:114.57,116.2 1 0
github.com/gebl/onenote-mcp-server/internal/utils/tool_helpers.go:119.39,120.66 1 0
github.com/gebl/onenote-mcp-server/internal/utils/tool_helpers.go:120.66,123.3 2 0
github.com/gebl/onenote-mcp-server/internal/utils/tool_helpers.go:124.2,124.12 1 0
github.com/gebl/onenote-mcp-server/internal/utils/tool_helpers.go:128.51,129.51 1 0
github.com/gebl/onenote-mcp-server/internal/utils/tool_helpers.go:129.51,131.3 1 0
github.com/gebl/onenote-mcp-server/internal/utils/tool_helpers.go:133.2,134.37 2 0
github.com/gebl/onenote-mcp-server/internal/utils/tool_helpers.go:151.16,153.2 1 0
github.com/gebl/onenote-mcp-server/internal/utils/tool_helpers.go:156.139,158.16 2 0
github.com/gebl/onenote-mcp-server/internal/utils/tool_helpers.go:158.16,160.3 1 0
github.com/gebl/onenote-mcp-server/internal/utils/tool_helpers.go:162.2,165.70 2 0
github.com/gebl/onenote-mcp-server/internal/utils/tool_helpers.go:165.70,168.3 2 0
github.com/gebl/onenote-mcp-server/internal/utils/tool_helpers.go:170.2,170.22 1 0
github.com/gebl/onenote-mcp-server/internal/utils/tool_helpers.go:174.143,176.16 2 0
github.com/gebl/onenote-mcp-server/internal/utils/tool_helpers.go:176.16,178.3 1 0
github.com/gebl/onenote-mcp-server/internal/utils/tool_helpers.go:180.2,180.27 1 0
github.com/gebl/onenote-mcp-server/internal/utils/tool_helpers.go:190.97,192.2 1 0
github.com/gebl/onenote-mcp-server/internal/utils/tool_helpers.go:195.84,197.16 2 0
github.com/gebl/onenote-mcp-server/internal/utils/tool_helpers.go:197.16,200.3 2 0
github.com/gebl/onenote-mcp-server/internal/utils/tool_helpers.go:202.2,202.17 1 0
github.com/gebl/onenote-mcp-server/internal/utils/tool_helpers.go:202.17,205.3 2 0
github.com/gebl/onenote-mcp-server/internal/utils/tool_helpers.go:207.2,208.19 2 0
github.com/gebl/onenote-mcp-server/internal/utils/tool_helpers.go:212.95,214.16 2 0
github.com/gebl/onenote-mcp-server/internal/utils/tool_helpers.go:214.16,217.3 2 0
github.com/gebl/onenote-mcp-server/internal/utils/tool_helpers.go:219.2,219.17 1 0
github.com/gebl/onenote-mcp-server/internal/utils/tool_helpers.go:219.17,222.3 2 0
github.com/gebl/onenote-mcp-server/internal/utils/tool_helpers.go:224.2,225.19 2 0
github.com/gebl/onenote-mcp-server/internal/utils/tool_helpers.go:235.87,238.2 2 0
github.com/gebl/onenote-mcp-server/internal/utils/tool_helpers.go:241.52,243.2 1 0
github.com/gebl/onenote-mcp-server/internal/utils/tool_helpers.go:246.118,247.40 1 0
github.com/gebl/onenote-mcp-server/internal/utils/tool_helpers.go:247.40,248.49 1 0
github.com/gebl/onenote-mcp-server/internal/utils/tool_helpers.go:248.49,251.4 2 0
github.com/gebl/onenote-mcp-server/internal/utils/tool_helpers.go:256.100,257.40 1 0
github.com/gebl/onenote-mcp-server/internal/utils/tool_helpers.go:257.40,258.49 1 0
github.com/gebl/onenote-mcp-server/internal/utils/tool_helpers.go:258.49,261.4 2 0
github.com/gebl/onenote-mcp-server/internal/utils/validation.go:46.52,48.36 2 1
github.com/gebl/onenote-mcp-server/internal/utils/validation.go:48.36,49.42 1 1
github.com/gebl/onenote-mcp-server/internal/utils/validation.go:49.42,52.4 2 1
github.com/gebl/onenote-mcp-server/internal/utils/validation.go:54.2,54.12 1 1
github.com/gebl/onenote-mcp-server/internal/utils/validation.go:58.56,74.62 2 1
github.com/gebl/onenote-mcp-server/internal/utils/validation.go:74.62,76.3 1 1
github.com/gebl/onenote-mcp-server/internal/utils/validation.go:77.2,77.13 1 1
github.com/gebl/onenote-mcp-server/internal/utils/validation.go:81.52,97.62 2 1
github.com/gebl/onenote-mcp-server/internal/utils/validation.go:97.62,99.3 1 1
github.com/gebl/onenote-mcp-server/internal/utils/validation.go:100.2,100.12 1 1
github.com/gebl/onenote-mcp-server/internal/utils/validation.go:113.37,114.11 1 1
github.com/gebl/onenote-mcp-server/internal/utils/validation.go:115.19,116.17 1 1
github.com/gebl/onenote-mcp-server/internal/utils/validation.go:117.22,118.20 1 1
github.com/gebl/onenote-mcp-server/internal/utils/validation.go:119.18,120.16 1 1
github.com/gebl/onenote-mcp-server/internal/utils/validation.go:121.10,122.19 1 0
github.com/gebl/onenote-mcp-server/internal/utils/validation.go:127.50,137.19 5 1
github.com/gebl/onenote-mcp-server/internal/utils/validation.go:137.19,140.3 2 1
github.com/gebl/onenote-mcp-server/internal/utils/validation.go:143.2,144.26 2 1
github.com/gebl/onenote-mcp-server/internal/utils/validation.go:144.26,147.3 2 1
github.com/gebl/onenote-mcp-server/internal/utils/validation.go:150.2,151.32 2 1
github.com/gebl/onenote-mcp-server/internal/utils/validation.go:151.32,154.3 2 1
github.com/gebl/onenote-mcp-server/internal/utils/validation.go:157.2,158.20 2 1
github.com/gebl/onenote-mcp-server/internal/utils/validation.go:162.39,176.2 5 1
github.com/gebl/onenote-mcp-server/internal/utils/validation.go:179.45,185.40 2 1
github.com/gebl/onenote-mcp-server/internal/utils/validation.go:185.40,188.3 2 1
github.com/gebl/onenote-mcp-server/internal/utils/validation.go:191.2,208.79 6 1
github.com/gebl/onenote-mcp-server/internal/utils/validation.go:208.79,209.15 1 1
github.com/gebl/onenote-mcp-server/internal/utils/validation.go:209.15,210.20 1 1
github.com/gebl/onenote-mcp-server/internal/utils/validation.go:211.25,213.53 2 0
github.com/gebl/onenote-mcp-server/internal/utils/validation.go:214.22,216.50 2 0
github.com/gebl/onenote-mcp-server/internal/utils/validation.go:217.26,219.54 2 0
github.com/gebl/onenote-mcp-server/internal/utils/validation.go:220.22,222.50 2 0
github.com/gebl/onenote-mcp-server/internal/utils/validation.go:223.27,225.55 2 0
github.com/gebl/onenote-mcp-server/internal/utils/validation.go:226.33,228.62 2 0
github.com/gebl/onenote-mcp-server/internal/utils/validation.go:229.28,231.56 2 0
github.com/gebl/onenote-mcp-server/internal/utils/validation.go:232.31,234.61 2 0
github.com/gebl/onenote-mcp-server/internal/utils/validation.go:237.3,237.31 1 1
github.com/gebl/onenote-mcp-server/internal/utils/validation.go:240.2,240.16 1 1
github.com/gebl/onenote-mcp-server/internal/utils/validation.go:240.16,243.3 2 0
github.com/gebl/onenote-mcp-server/internal/utils/validation.go:245.2,252.20 3 1
github.com/gebl/onenote-mcp-server/internal/utils/validation.go:256.53,276.29 3 1
github.com/gebl/onenote-mcp-server/internal/utils/validation.go:276.29,278.17 2 1
github.com/gebl/onenote-mcp-server/internal/utils/validation.go:278.17,279.12 1 0
github.com/gebl/onenote-mcp-server/internal/utils/validation.go:283.3,283.30 1 1
github.com/gebl/onenote-mcp-server/internal/utils/validation.go:283.30,284.105 1 1
github.com/gebl/onenote-mcp-server/internal/utils/validation.go:284.105,286.37 1 1
github.com/gebl/onenote-mcp-server/internal/utils/validation.go:286.37,291.6 2 1
github.com/gebl/onenote-mcp-server/internal/utils/validation.go:292.10,294.34 1 1
github.com/gebl/onenote-mcp-server/internal/utils/validation.go:294.34,299.6 2 1
github.com/gebl/onenote-mcp-server/internal/utils/validation.go:304.2,304.14 1 1
github.com/gebl/onenote-mcp-server/internal/utils/validation.go:309.57,322.16 6 1
github.com/gebl/onenote-mcp-server/internal/utils/validation.go:323.18,326.26 2 1
github.com/gebl/onenote-mcp-server/internal/utils/validation.go:327.22,330.49 2 1
github.com/gebl/onenote-mcp-server/internal/utils/validation.go:331.19,334.46 2 1
github.com/gebl/onenote-mcp-server/internal/utils/validation.go:335.10,339.23 3 0
github.com/gebl/onenote-mcp-server/internal/utils/validation.go:342.2,350.30 3 1
github.com/gebl/onenote-mcp-server/internal/utils/validation.go:354.56,383.16 6 1
github.com/gebl/onenote-mcp-server/internal/utils/validation.go:383.16,387.3 2 0
github.com/gebl/onenote-mcp-server/internal/utils/validation.go:389.2,396.19 3 1
github.com/gebl/onenote-mcp-server/internal/utils/validation.go:400.45,416.46 5 1
github.com/gebl/onenote-mcp-server/internal/utils/validation.go:416.46,420.34 4 1
github.com/gebl/onenote-mcp-server/internal/utils/validation.go:420.34,426.4 1 0
github.com/gebl/onenote-mcp-server/internal/utils/validation.go:430.2,437.29 5 1
github.com/gebl/onenote-mcp-server/internal/utils/validation.go:437.29,440.17 3 1
github.com/gebl/onenote-mcp-server/internal/utils/validation.go:440.17,447.4 2 1
github.com/gebl/onenote-mcp-server/internal/utils/validation.go:447.9,452.4 1 0
github.com/gebl/onenote-mcp-server/internal/utils/validation.go:455.2,458.30 2 1
github.com/gebl/onenote-mcp-server/internal/utils/validation.go:458.30,461.3 2 0
github.com/gebl/onenote-mcp-server/internal/utils/validation.go:461.8,461.37 1 1
github.com/gebl/onenote-mcp-server/internal/utils/validation.go:461.37,464.3 2 0
github.com/gebl/onenote-mcp-server/internal/utils/validation.go:464.8,468.3 2 1
github.com/gebl/onenote-mcp-server/internal/utils/validation.go:470.2,476.15 2 1
github.com/gebl/onenote-mcp-server/internal/utils/validation.go:480.50,481.22 1 1
github.com/gebl/onenote-mcp-server/internal/utils/validation.go:481.22,483.3 1 1
github.com/gebl/onenote-mcp-server/internal/utils/validation.go:484.2,484.27 1 1
github.com/gebl/onenote-mcp-server/internal/utils/validation.go:488.64,496.16 4 1
github.com/gebl/onenote-mcp-server/internal/utils/validation.go:496.16,499.3 2 0
github.com/gebl/onenote-mcp-server/internal/utils/validation.go:502.2,509.27 3 1
github.com/gebl/onenote-mcp-server/internal/utils/validation.go:513.60,520.16 3 1
github.com/gebl/onenote-mcp-server/internal/utils/validation.go:520.16,523.3 2 0
github.com/gebl/onenote-mcp-server/internal/utils/validation.go:525.2,554.23 14 1
github.com/gebl/onenote-mcp-server/internal/utils/validation.go:558.81,559.62 1 1
github.com/gebl/onenote-mcp-server/internal/utils/validation.go:559.62,561.37 1 1
github.com/gebl/onenote-mcp-server/internal/utils/validation.go:561.37,563.18 2 1
github.com/gebl/onenote-mcp-server/internal/utils/validation.go:563.18,564.129 1 1
github.com/gebl/onenote-mcp-server/internal/utils/validation.go:564.129,566.6 1 0
github.com/gebl/onenote-mcp-server/internal/utils/validation.go:567.5,567.34 1 1
github.com/gebl/onenote-mcp-server/internal/utils/validation.go:569.4,569.10 1 1
github.com/gebl/onenote-mcp-server/internal/utils/validation.go:572.3,575.18 2 1
github.com/gebl/onenote-mcp-server/internal/utils/validation.go:576.43,578.29 1 0
github.com/gebl/onenote-mcp-server/internal/utils/validation.go:578.29,580.5 1 0
github.com/gebl/onenote-mcp-server/internal/utils/validation.go:581.4,582.33 2 0
github.com/gebl/onenote-mcp-server/internal/utils/validation.go:584.12,586.29 1 1
github.com/gebl/onenote-mcp-server/internal/utils/validation.go:586.29,588.5 1 1
github.com/gebl/onenote-mcp-server/internal/utils/validation.go:589.4,589.34 1 1
github.com/gebl/onenote-mcp-server/internal/utils/validation.go:591.14,593.79 1 0
github.com/gebl/onenote-mcp-server/internal/utils/validation.go:593.79,595.5 1 0
github.com/gebl/onenote-mcp-server/internal/utils/validation.go:596.4,596.34 1 0
github.com/gebl/onenote-mcp-server/internal/utils/validation.go:598.13,600.33 1 0
github.com/gebl/onenote-mcp-server/internal/utils/validation.go:602.19,604.29 1 0
github.com/gebl/onenote-mcp-server/internal/utils/validation.go:604.29,606.5 1 0
github.com/gebl/onenote-mcp-server/internal/utils/validation.go:607.4,607.34 1 0
github.com/gebl/onenote-mcp-server/internal/utils/validation.go:609.13,612.34 2 0
github.com/gebl/onenote-mcp-server/internal/utils/validation.go:614.16,616.29 1 0
github.com/gebl/onenote-mcp-server/internal/utils/validation.go:616.29,618.5 1 0
github.com/gebl/onenote-mcp-server/internal/utils/validation.go:619.4,619.34 1 0
github.com/gebl/onenote-mcp-server/internal/utils/validation.go:621.13,623.79 1 0
github.com/gebl/onenote-mcp-server/internal/utils/validation.go:623.79,625.5 1 0
github.com/gebl/onenote-mcp-server/internal/utils/validation.go:626.4,626.34 1 0
github.com/gebl/onenote-mcp-server/internal/utils/validation.go:628.19,630.129 1 0
github.com/gebl/onenote-mcp-server/internal/utils/validation.go:630.129,632.5 1 0
github.com/gebl/onenote-mcp-server/internal/utils/validation.go:633.4,633.34 1 0
github.com/gebl/onenote-mcp-server/internal/utils/validation.go:635.11,637.34 1 0
