mode: set
github.com/gebl/onenote-mcp-server/internal/resources/descriptions.go:57.58,59.13 2 0
github.com/gebl/onenote-mcp-server/internal/resources/descriptions.go:59.13,61.3 1 0
github.com/gebl/onenote-mcp-server/internal/resources/descriptions.go:62.2,62.18 1 0
github.com/gebl/onenote-mcp-server/internal/resources/descriptions.go:67.53,69.13 2 0
github.com/gebl/onenote-mcp-server/internal/resources/descriptions.go:69.13,70.65 1 0
github.com/gebl/onenote-mcp-server/internal/resources/descriptions.go:72.2,72.13 1 0
github.com/gebl/onenote-mcp-server/internal/resources/descriptions.go:76.45,79.37 2 0
github.com/gebl/onenote-mcp-server/internal/resources/descriptions.go:79.37,81.3 1 0
github.com/gebl/onenote-mcp-server/internal/resources/descriptions.go:82.2,82.15 1 0
github.com/gebl/onenote-mcp-server/internal/http/helpers.go:63.19,69.2 1 1
github.com/gebl/onenote-mcp-server/internal/http/helpers.go:78.46,79.20 1 1
github.com/gebl/onenote-mcp-server/internal/http/helpers.go:79.20,81.3 1 1
github.com/gebl/onenote-mcp-server/internal/http/helpers.go:82.2,82.27 1 1
github.com/gebl/onenote-mcp-server/internal/http/helpers.go:86.50,87.20 1 1
github.com/gebl/onenote-mcp-server/internal/http/helpers.go:87.20,89.3 1 1
github.com/gebl/onenote-mcp-server/internal/http/helpers.go:90.2,90.23 1 1
github.com/gebl/onenote-mcp-server/internal/http/helpers.go:94.50,95.20 1 1
github.com/gebl/onenote-mcp-server/internal/http/helpers.go:95.20,97.3 1 1
github.com/gebl/onenote-mcp-server/internal/http/helpers.go:98.2,98.21 1 1
github.com/gebl/onenote-mcp-server/internal/http/helpers.go:102.43,103.57 1 1
github.com/gebl/onenote-mcp-server/internal/http/helpers.go:103.57,106.3 2 1
github.com/gebl/onenote-mcp-server/internal/http/helpers.go:107.2,107.12 1 1
github.com/gebl/onenote-mcp-server/internal/http/helpers.go:116.30,118.16 2 1
github.com/gebl/onenote-mcp-server/internal/http/helpers.go:118.16,120.3 1 1
github.com/gebl/onenote-mcp-server/internal/http/helpers.go:122.2,125.29 2 1
github.com/gebl/onenote-mcp-server/internal/http/helpers.go:125.29,126.59 1 1
github.com/gebl/onenote-mcp-server/internal/http/helpers.go:126.59,129.4 2 1
github.com/gebl/onenote-mcp-server/internal/http/helpers.go:132.2,132.22 1 1
github.com/gebl/onenote-mcp-server/internal/http/helpers.go:141.19,143.16 2 1
github.com/gebl/onenote-mcp-server/internal/http/helpers.go:143.16,145.3 1 0
github.com/gebl/onenote-mcp-server/internal/http/helpers.go:146.2,149.29 2 1
github.com/gebl/onenote-mcp-server/internal/http/helpers.go:149.29,150.59 1 1
github.com/gebl/onenote-mcp-server/internal/http/helpers.go:150.59,152.4 1 0
github.com/gebl/onenote-mcp-server/internal/http/helpers.go:156.2,156.23 1 1
github.com/gebl/onenote-mcp-server/internal/http/helpers.go:156.23,158.3 1 1
github.com/gebl/onenote-mcp-server/internal/http/helpers.go:161.2,161.30 1 1
github.com/gebl/onenote-mcp-server/internal/http/helpers.go:168.32,170.32 2 1
github.com/gebl/onenote-mcp-server/internal/http/helpers.go:170.32,171.34 1 1
github.com/gebl/onenote-mcp-server/internal/http/helpers.go:171.34,172.19 1 1
github.com/gebl/onenote-mcp-server/internal/http/helpers.go:172.19,174.5 1 1
github.com/gebl/onenote-mcp-server/internal/http/helpers.go:178.2,178.31 1 1
github.com/gebl/onenote-mcp-server/internal/http/helpers.go:178.31,181.17 2 1
github.com/gebl/onenote-mcp-server/internal/http/helpers.go:181.17,184.4 2 1
github.com/gebl/onenote-mcp-server/internal/http/helpers.go:185.3,185.38 1 1
github.com/gebl/onenote-mcp-server/internal/http/helpers.go:188.2,188.23 1 1
github.com/gebl/onenote-mcp-server/internal/http/helpers.go:200.80,201.17 1 1
github.com/gebl/onenote-mcp-server/internal/http/helpers.go:201.17,203.3 1 1
github.com/gebl/onenote-mcp-server/internal/http/helpers.go:204.2,205.17 2 1
github.com/gebl/onenote-mcp-server/internal/http/helpers.go:216.9,218.16 2 1
github.com/gebl/onenote-mcp-server/internal/http/helpers.go:218.16,220.3 1 1
github.com/gebl/onenote-mcp-server/internal/http/helpers.go:221.2,223.27 2 1
github.com/gebl/onenote-mcp-server/internal/http/helpers.go:223.27,225.3 1 1
github.com/gebl/onenote-mcp-server/internal/http/helpers.go:227.2,227.12 1 1
github.com/gebl/onenote-mcp-server/internal/http/helpers.go:239.19,241.16 2 1
github.com/gebl/onenote-mcp-server/internal/http/helpers.go:241.16,243.3 1 1
github.com/gebl/onenote-mcp-server/internal/http/helpers.go:244.2,246.27 2 1
github.com/gebl/onenote-mcp-server/internal/http/helpers.go:246.27,247.57 1 1
github.com/gebl/onenote-mcp-server/internal/http/helpers.go:247.57,249.4 1 1
github.com/gebl/onenote-mcp-server/internal/http/helpers.go:252.2,252.21 1 1
github.com/gebl/onenote-mcp-server/internal/http/helpers.go:252.21,254.3 1 1
github.com/gebl/onenote-mcp-server/internal/http/helpers.go:256.2,256.30 1 1
github.com/gebl/onenote-mcp-server/internal/http/helpers.go:266.9,268.16 2 1
github.com/gebl/onenote-mcp-server/internal/http/helpers.go:268.16,270.3 1 0
github.com/gebl/onenote-mcp-server/internal/http/helpers.go:271.2,273.22 2 1
github.com/gebl/onenote-mcp-server/internal/http/helpers.go:285.9,287.16 2 1
github.com/gebl/onenote-mcp-server/internal/http/helpers.go:287.16,289.3 1 0
github.com/gebl/onenote-mcp-server/internal/http/helpers.go:290.2,292.21 2 1
github.com/gebl/onenote-mcp-server/internal/http/helpers.go:292.21,293.23 1 1
github.com/gebl/onenote-mcp-server/internal/http/helpers.go:293.23,295.4 1 1
github.com/gebl/onenote-mcp-server/internal/http/helpers.go:296.8,297.23 1 1
github.com/gebl/onenote-mcp-server/internal/http/helpers.go:297.23,299.4 1 1
github.com/gebl/onenote-mcp-server/internal/http/helpers.go:302.2,302.12 1 1
github.com/gebl/onenote-mcp-server/internal/http/helpers.go:312.19,315.37 2 1
github.com/gebl/onenote-mcp-server/internal/http/helpers.go:315.37,317.17 2 1
github.com/gebl/onenote-mcp-server/internal/http/helpers.go:317.17,319.12 2 1
github.com/gebl/onenote-mcp-server/internal/http/helpers.go:323.3,324.60 2 1
github.com/gebl/onenote-mcp-server/internal/http/helpers.go:324.60,325.29 1 1
github.com/gebl/onenote-mcp-server/internal/http/helpers.go:325.29,326.90 1 1
github.com/gebl/onenote-mcp-server/internal/http/helpers.go:326.90,328.6 1 1
github.com/gebl/onenote-mcp-server/internal/http/helpers.go:331.4,331.23 1 1
github.com/gebl/onenote-mcp-server/internal/http/helpers.go:331.23,335.5 3 0
github.com/gebl/onenote-mcp-server/internal/http/helpers.go:337.4,339.14 3 1
github.com/gebl/onenote-mcp-server/internal/http/helpers.go:342.3,342.17 1 1
github.com/gebl/onenote-mcp-server/internal/http/helpers.go:342.17,344.12 2 1
github.com/gebl/onenote-mcp-server/internal/http/helpers.go:347.3,347.23 1 1
github.com/gebl/onenote-mcp-server/internal/http/helpers.go:350.2,350.20 1 1
github.com/gebl/onenote-mcp-server/internal/http/helpers.go:350.20,352.3 1 1
github.com/gebl/onenote-mcp-server/internal/http/helpers.go:354.2,354.49 1 1
github.com/gebl/onenote-mcp-server/internal/logging/logger.go:49.19,51.2 1 1
github.com/gebl/onenote-mcp-server/internal/logging/logger.go:56.26,59.18 2 1
github.com/gebl/onenote-mcp-server/internal/logging/logger.go:60.15,61.29 1 1
github.com/gebl/onenote-mcp-server/internal/logging/logger.go:62.14,63.28 1 1
github.com/gebl/onenote-mcp-server/internal/logging/logger.go:64.25,65.28 1 1
github.com/gebl/onenote-mcp-server/internal/logging/logger.go:66.15,67.29 1 1
github.com/gebl/onenote-mcp-server/internal/logging/logger.go:68.10,70.29 1 1
github.com/gebl/onenote-mcp-server/internal/logging/logger.go:74.2,75.25 2 1
github.com/gebl/onenote-mcp-server/internal/logging/logger.go:76.15,77.36 1 1
github.com/gebl/onenote-mcp-server/internal/logging/logger.go:78.14,79.35 1 1
github.com/gebl/onenote-mcp-server/internal/logging/logger.go:80.25,81.35 1 1
github.com/gebl/onenote-mcp-server/internal/logging/logger.go:82.15,83.36 1 1
github.com/gebl/onenote-mcp-server/internal/logging/logger.go:84.13,85.37 1 1
github.com/gebl/onenote-mcp-server/internal/logging/logger.go:86.10,87.36 1 1
github.com/gebl/onenote-mcp-server/internal/logging/logger.go:91.2,92.57 2 1
github.com/gebl/onenote-mcp-server/internal/logging/logger.go:92.57,94.17 2 1
github.com/gebl/onenote-mcp-server/internal/logging/logger.go:94.17,97.4 1 1
github.com/gebl/onenote-mcp-server/internal/logging/logger.go:97.9,99.4 1 0
github.com/gebl/onenote-mcp-server/internal/logging/logger.go:103.2,105.22 3 1
github.com/gebl/onenote-mcp-server/internal/logging/logger.go:105.22,109.3 1 1
github.com/gebl/onenote-mcp-server/internal/logging/logger.go:109.8,113.3 1 1
github.com/gebl/onenote-mcp-server/internal/logging/logger.go:115.2,116.32 2 1
github.com/gebl/onenote-mcp-server/internal/logging/logger.go:130.46,132.26 1 1
github.com/gebl/onenote-mcp-server/internal/logging/logger.go:132.26,134.3 1 1
github.com/gebl/onenote-mcp-server/internal/logging/logger.go:137.2,138.23 2 1
github.com/gebl/onenote-mcp-server/internal/logging/logger.go:138.23,140.3 1 1
github.com/gebl/onenote-mcp-server/internal/logging/logger.go:142.2,143.24 2 1
github.com/gebl/onenote-mcp-server/internal/logging/logger.go:143.24,145.3 1 1
github.com/gebl/onenote-mcp-server/internal/logging/logger.go:147.2,148.22 2 1
github.com/gebl/onenote-mcp-server/internal/logging/logger.go:148.22,150.3 1 1
github.com/gebl/onenote-mcp-server/internal/logging/logger.go:152.2,153.30 2 1
github.com/gebl/onenote-mcp-server/internal/logging/logger.go:153.30,155.3 1 1
github.com/gebl/onenote-mcp-server/internal/logging/logger.go:158.2,158.38 1 1
github.com/gebl/onenote-mcp-server/internal/logging/logger.go:159.15,160.29 1 1
github.com/gebl/onenote-mcp-server/internal/logging/logger.go:161.14,162.28 1 0
github.com/gebl/onenote-mcp-server/internal/logging/logger.go:163.25,164.28 1 1
github.com/gebl/onenote-mcp-server/internal/logging/logger.go:165.15,166.29 1 0
github.com/gebl/onenote-mcp-server/internal/logging/logger.go:167.10,169.28 1 1
github.com/gebl/onenote-mcp-server/internal/logging/logger.go:173.2,173.45 1 1
github.com/gebl/onenote-mcp-server/internal/logging/logger.go:174.15,175.36 1 1
github.com/gebl/onenote-mcp-server/internal/logging/logger.go:176.14,177.35 1 1
github.com/gebl/onenote-mcp-server/internal/logging/logger.go:178.25,179.35 1 0
github.com/gebl/onenote-mcp-server/internal/logging/logger.go:180.15,181.36 1 1
github.com/gebl/onenote-mcp-server/internal/logging/logger.go:182.13,183.37 1 0
github.com/gebl/onenote-mcp-server/internal/logging/logger.go:184.10,185.36 1 1
github.com/gebl/onenote-mcp-server/internal/logging/logger.go:189.2,190.22 2 1
github.com/gebl/onenote-mcp-server/internal/logging/logger.go:190.22,192.17 2 0
github.com/gebl/onenote-mcp-server/internal/logging/logger.go:192.17,194.28 1 0
github.com/gebl/onenote-mcp-server/internal/logging/logger.go:194.28,196.5 1 0
github.com/gebl/onenote-mcp-server/internal/logging/logger.go:197.9,199.4 1 0
github.com/gebl/onenote-mcp-server/internal/logging/logger.go:203.2,204.45 2 1
github.com/gebl/onenote-mcp-server/internal/logging/logger.go:204.45,208.3 1 0
github.com/gebl/onenote-mcp-server/internal/logging/logger.go:208.8,212.3 1 1
github.com/gebl/onenote-mcp-server/internal/logging/logger.go:214.2,223.43 3 1
github.com/gebl/onenote-mcp-server/internal/logging/logger.go:228.47,229.26 1 1
github.com/gebl/onenote-mcp-server/internal/logging/logger.go:229.26,231.3 1 1
github.com/gebl/onenote-mcp-server/internal/logging/logger.go:232.2,232.51 1 1
github.com/gebl/onenote-mcp-server/internal/logging/logger.go:236.28,238.2 1 1
github.com/gebl/onenote-mcp-server/internal/logging/logger.go:241.28,243.2 1 1
github.com/gebl/onenote-mcp-server/internal/logging/logger.go:246.53,248.2 1 1
github.com/gebl/onenote-mcp-server/internal/logging/logger.go:251.38,253.2 1 1
github.com/gebl/onenote-mcp-server/internal/logging/logger.go:256.33,259.2 2 1
github.com/gebl/onenote-mcp-server/internal/logging/logger.go:262.43,264.2 1 1
github.com/gebl/onenote-mcp-server/internal/logging/logger.go:268.81,269.36 1 1
github.com/gebl/onenote-mcp-server/internal/logging/logger.go:269.36,271.3 1 1
github.com/gebl/onenote-mcp-server/cmd/onenote-mcp-server/AuthTools.go:20.205,26.106 2 1
github.com/gebl/onenote-mcp-server/cmd/onenote-mcp-server/AuthTools.go:26.106,29.25 2 0
github.com/gebl/onenote-mcp-server/cmd/onenote-mcp-server/AuthTools.go:29.25,31.4 1 0
github.com/gebl/onenote-mcp-server/cmd/onenote-mcp-server/AuthTools.go:33.3,36.71 3 0
github.com/gebl/onenote-mcp-server/cmd/onenote-mcp-server/AuthTools.go:39.2,46.105 3 1
github.com/gebl/onenote-mcp-server/cmd/onenote-mcp-server/AuthTools.go:46.105,49.25 2 0
github.com/gebl/onenote-mcp-server/cmd/onenote-mcp-server/AuthTools.go:49.25,51.4 1 0
github.com/gebl/onenote-mcp-server/cmd/onenote-mcp-server/AuthTools.go:53.3,54.17 2 0
github.com/gebl/onenote-mcp-server/cmd/onenote-mcp-server/AuthTools.go:54.17,57.4 2 0
github.com/gebl/onenote-mcp-server/cmd/onenote-mcp-server/AuthTools.go:59.3,60.70 2 0
github.com/gebl/onenote-mcp-server/cmd/onenote-mcp-server/AuthTools.go:62.2,69.105 3 1
github.com/gebl/onenote-mcp-server/cmd/onenote-mcp-server/AuthTools.go:69.105,72.25 2 0
github.com/gebl/onenote-mcp-server/cmd/onenote-mcp-server/AuthTools.go:72.25,74.4 1 0
github.com/gebl/onenote-mcp-server/cmd/onenote-mcp-server/AuthTools.go:76.3,77.17 2 0
github.com/gebl/onenote-mcp-server/cmd/onenote-mcp-server/AuthTools.go:77.17,80.4 2 0
github.com/gebl/onenote-mcp-server/cmd/onenote-mcp-server/AuthTools.go:83.3,92.72 3 0
github.com/gebl/onenote-mcp-server/cmd/onenote-mcp-server/AuthTools.go:95.2,102.102 3 1
github.com/gebl/onenote-mcp-server/cmd/onenote-mcp-server/AuthTools.go:102.102,105.25 2 0
github.com/gebl/onenote-mcp-server/cmd/onenote-mcp-server/AuthTools.go:105.25,107.4 1 0
github.com/gebl/onenote-mcp-server/cmd/onenote-mcp-server/AuthTools.go:109.3,110.17 2 0
github.com/gebl/onenote-mcp-server/cmd/onenote-mcp-server/AuthTools.go:110.17,113.4 2 0
github.com/gebl/onenote-mcp-server/cmd/onenote-mcp-server/AuthTools.go:115.3,121.69 3 0
github.com/gebl/onenote-mcp-server/cmd/onenote-mcp-server/AuthTools.go:124.2,124.68 1 1
github.com/gebl/onenote-mcp-server/cmd/onenote-mcp-server/NotebookResources.go:48.100,62.126 4 0
github.com/gebl/onenote-mcp-server/cmd/onenote-mcp-server/NotebookResources.go:62.126,75.17 6 0
github.com/gebl/onenote-mcp-server/cmd/onenote-mcp-server/NotebookResources.go:75.17,80.4 2 0
github.com/gebl/onenote-mcp-server/cmd/onenote-mcp-server/NotebookResources.go:82.3,89.17 4 0
github.com/gebl/onenote-mcp-server/cmd/onenote-mcp-server/NotebookResources.go:89.17,94.4 2 0
github.com/gebl/onenote-mcp-server/cmd/onenote-mcp-server/NotebookResources.go:96.3,108.9 3 0
github.com/gebl/onenote-mcp-server/cmd/onenote-mcp-server/NotebookResources.go:110.2,124.139 4 0
github.com/gebl/onenote-mcp-server/cmd/onenote-mcp-server/NotebookResources.go:124.139,132.25 3 0
github.com/gebl/onenote-mcp-server/cmd/onenote-mcp-server/NotebookResources.go:132.25,137.4 2 0
github.com/gebl/onenote-mcp-server/cmd/onenote-mcp-server/NotebookResources.go:139.3,151.17 6 0
github.com/gebl/onenote-mcp-server/cmd/onenote-mcp-server/NotebookResources.go:151.17,157.4 2 0
github.com/gebl/onenote-mcp-server/cmd/onenote-mcp-server/NotebookResources.go:159.3,167.17 4 0
github.com/gebl/onenote-mcp-server/cmd/onenote-mcp-server/NotebookResources.go:167.17,173.4 2 0
github.com/gebl/onenote-mcp-server/cmd/onenote-mcp-server/NotebookResources.go:175.3,188.9 3 0
github.com/gebl/onenote-mcp-server/cmd/onenote-mcp-server/NotebookResources.go:190.2,196.27 2 0
github.com/gebl/onenote-mcp-server/cmd/onenote-mcp-server/NotebookResources.go:202.50,205.93 2 1
github.com/gebl/onenote-mcp-server/cmd/onenote-mcp-server/NotebookResources.go:205.93,207.3 1 1
github.com/gebl/onenote-mcp-server/cmd/onenote-mcp-server/NotebookResources.go:208.2,208.11 1 1
github.com/gebl/onenote-mcp-server/cmd/onenote-mcp-server/NotebookResources.go:212.52,215.74 2 1
github.com/gebl/onenote-mcp-server/cmd/onenote-mcp-server/NotebookResources.go:215.74,218.17 2 1
github.com/gebl/onenote-mcp-server/cmd/onenote-mcp-server/NotebookResources.go:218.17,223.4 2 0
github.com/gebl/onenote-mcp-server/cmd/onenote-mcp-server/NotebookResources.go:224.3,227.21 2 1
github.com/gebl/onenote-mcp-server/cmd/onenote-mcp-server/NotebookResources.go:229.2,229.11 1 1
github.com/gebl/onenote-mcp-server/cmd/onenote-mcp-server/NotebookTools.go:41.235,51.106 4 1
github.com/gebl/onenote-mcp-server/cmd/onenote-mcp-server/NotebookTools.go:51.106,56.17 4 0
github.com/gebl/onenote-mcp-server/cmd/onenote-mcp-server/NotebookTools.go:56.17,59.4 2 0
github.com/gebl/onenote-mcp-server/cmd/onenote-mcp-server/NotebookTools.go:62.3,63.46 2 0
github.com/gebl/onenote-mcp-server/cmd/onenote-mcp-server/NotebookTools.go:63.46,65.4 1 0
github.com/gebl/onenote-mcp-server/cmd/onenote-mcp-server/NotebookTools.go:67.3,74.26 3 0
github.com/gebl/onenote-mcp-server/cmd/onenote-mcp-server/NotebookTools.go:74.26,76.4 1 0
github.com/gebl/onenote-mcp-server/cmd/onenote-mcp-server/NotebookTools.go:79.3,90.38 3 0
github.com/gebl/onenote-mcp-server/cmd/onenote-mcp-server/NotebookTools.go:90.38,96.71 4 0
github.com/gebl/onenote-mcp-server/cmd/onenote-mcp-server/NotebookTools.go:96.71,98.5 1 0
github.com/gebl/onenote-mcp-server/cmd/onenote-mcp-server/NotebookTools.go:101.4,102.74 2 0
github.com/gebl/onenote-mcp-server/cmd/onenote-mcp-server/NotebookTools.go:102.74,104.5 1 0
github.com/gebl/onenote-mcp-server/cmd/onenote-mcp-server/NotebookTools.go:107.4,111.47 4 0
github.com/gebl/onenote-mcp-server/cmd/onenote-mcp-server/NotebookTools.go:111.47,116.5 4 0
github.com/gebl/onenote-mcp-server/cmd/onenote-mcp-server/NotebookTools.go:118.4,126.6 1 0
github.com/gebl/onenote-mcp-server/cmd/onenote-mcp-server/NotebookTools.go:130.3,131.17 2 0
github.com/gebl/onenote-mcp-server/cmd/onenote-mcp-server/NotebookTools.go:131.17,134.4 2 0
github.com/gebl/onenote-mcp-server/cmd/onenote-mcp-server/NotebookTools.go:136.3,136.55 1 0
github.com/gebl/onenote-mcp-server/cmd/onenote-mcp-server/NotebookTools.go:138.2,138.111 1 1
github.com/gebl/onenote-mcp-server/cmd/onenote-mcp-server/NotebookTools.go:138.111,140.3 1 0
github.com/gebl/onenote-mcp-server/cmd/onenote-mcp-server/NotebookTools.go:143.2,149.106 2 1
github.com/gebl/onenote-mcp-server/cmd/onenote-mcp-server/NotebookTools.go:149.106,154.24 4 0
github.com/gebl/onenote-mcp-server/cmd/onenote-mcp-server/NotebookTools.go:154.24,158.18 4 0
github.com/gebl/onenote-mcp-server/cmd/onenote-mcp-server/NotebookTools.go:158.18,161.5 2 0
github.com/gebl/onenote-mcp-server/cmd/onenote-mcp-server/NotebookTools.go:164.3,165.17 2 0
github.com/gebl/onenote-mcp-server/cmd/onenote-mcp-server/NotebookTools.go:165.17,168.4 2 0
github.com/gebl/onenote-mcp-server/cmd/onenote-mcp-server/NotebookTools.go:170.3,174.37 3 0
github.com/gebl/onenote-mcp-server/cmd/onenote-mcp-server/NotebookTools.go:174.37,175.43 1 0
github.com/gebl/onenote-mcp-server/cmd/onenote-mcp-server/NotebookTools.go:175.43,179.5 3 0
github.com/gebl/onenote-mcp-server/cmd/onenote-mcp-server/NotebookTools.go:181.3,184.17 3 0
github.com/gebl/onenote-mcp-server/cmd/onenote-mcp-server/NotebookTools.go:184.17,187.4 2 0
github.com/gebl/onenote-mcp-server/cmd/onenote-mcp-server/NotebookTools.go:190.3,191.14 2 0
github.com/gebl/onenote-mcp-server/cmd/onenote-mcp-server/NotebookTools.go:191.14,194.4 2 0
github.com/gebl/onenote-mcp-server/cmd/onenote-mcp-server/NotebookTools.go:196.3,202.17 3 0
github.com/gebl/onenote-mcp-server/cmd/onenote-mcp-server/NotebookTools.go:202.17,205.4 2 0
github.com/gebl/onenote-mcp-server/cmd/onenote-mcp-server/NotebookTools.go:207.3,209.55 3 0
github.com/gebl/onenote-mcp-server/cmd/onenote-mcp-server/NotebookTools.go:211.2,211.111 1 1
github.com/gebl/onenote-mcp-server/cmd/onenote-mcp-server/NotebookTools.go:211.111,213.3 1 0
github.com/gebl/onenote-mcp-server/cmd/onenote-mcp-server/NotebookTools.go:216.2,222.111 2 1
github.com/gebl/onenote-mcp-server/cmd/onenote-mcp-server/NotebookTools.go:222.111,227.24 4 0
github.com/gebl/onenote-mcp-server/cmd/onenote-mcp-server/NotebookTools.go:227.24,231.18 4 0
github.com/gebl/onenote-mcp-server/cmd/onenote-mcp-server/NotebookTools.go:231.18,234.5 2 0
github.com/gebl/onenote-mcp-server/cmd/onenote-mcp-server/NotebookTools.go:237.3,238.17 2 0
github.com/gebl/onenote-mcp-server/cmd/onenote-mcp-server/NotebookTools.go:238.17,241.4 2 0
github.com/gebl/onenote-mcp-server/cmd/onenote-mcp-server/NotebookTools.go:243.3,247.37 3 0
github.com/gebl/onenote-mcp-server/cmd/onenote-mcp-server/NotebookTools.go:247.37,248.43 1 0
github.com/gebl/onenote-mcp-server/cmd/onenote-mcp-server/NotebookTools.go:248.43,252.5 3 0
github.com/gebl/onenote-mcp-server/cmd/onenote-mcp-server/NotebookTools.go:254.3,257.17 3 0
github.com/gebl/onenote-mcp-server/cmd/onenote-mcp-server/NotebookTools.go:257.17,260.4 2 0
github.com/gebl/onenote-mcp-server/cmd/onenote-mcp-server/NotebookTools.go:263.3,264.14 2 0
github.com/gebl/onenote-mcp-server/cmd/onenote-mcp-server/NotebookTools.go:264.14,267.4 2 0
github.com/gebl/onenote-mcp-server/cmd/onenote-mcp-server/NotebookTools.go:269.3,275.17 3 0
github.com/gebl/onenote-mcp-server/cmd/onenote-mcp-server/NotebookTools.go:275.17,278.4 2 0
github.com/gebl/onenote-mcp-server/cmd/onenote-mcp-server/NotebookTools.go:280.3,282.55 3 0
github.com/gebl/onenote-mcp-server/cmd/onenote-mcp-server/NotebookTools.go:284.2,284.116 1 1
github.com/gebl/onenote-mcp-server/cmd/onenote-mcp-server/NotebookTools.go:284.116,286.3 1 0
github.com/gebl/onenote-mcp-server/cmd/onenote-mcp-server/NotebookTools.go:289.2,293.112 2 1
github.com/gebl/onenote-mcp-server/cmd/onenote-mcp-server/NotebookTools.go:293.112,298.13 4 0
github.com/gebl/onenote-mcp-server/cmd/onenote-mcp-server/NotebookTools.go:298.13,301.4 2 0
github.com/gebl/onenote-mcp-server/cmd/onenote-mcp-server/NotebookTools.go:303.3,304.17 2 0
github.com/gebl/onenote-mcp-server/cmd/onenote-mcp-server/NotebookTools.go:304.17,307.4 2 0
github.com/gebl/onenote-mcp-server/cmd/onenote-mcp-server/NotebookTools.go:309.3,310.60 2 0
github.com/gebl/onenote-mcp-server/cmd/onenote-mcp-server/NotebookTools.go:310.60,314.4 1 0
github.com/gebl/onenote-mcp-server/cmd/onenote-mcp-server/NotebookTools.go:316.3,316.55 1 0
github.com/gebl/onenote-mcp-server/cmd/onenote-mcp-server/NotebookTools.go:318.2,318.117 1 1
github.com/gebl/onenote-mcp-server/cmd/onenote-mcp-server/NotebookTools.go:318.117,320.3 1 0
github.com/gebl/onenote-mcp-server/cmd/onenote-mcp-server/NotebookTools.go:323.2,328.107 2 1
github.com/gebl/onenote-mcp-server/cmd/onenote-mcp-server/NotebookTools.go:328.107,333.30 4 0
github.com/gebl/onenote-mcp-server/cmd/onenote-mcp-server/NotebookTools.go:333.30,336.4 2 0
github.com/gebl/onenote-mcp-server/cmd/onenote-mcp-server/NotebookTools.go:338.3,346.17 5 0
github.com/gebl/onenote-mcp-server/cmd/onenote-mcp-server/NotebookTools.go:346.17,352.22 3 0
github.com/gebl/onenote-mcp-server/cmd/onenote-mcp-server/NotebookTools.go:352.22,356.5 2 0
github.com/gebl/onenote-mcp-server/cmd/onenote-mcp-server/NotebookTools.go:359.4,360.41 2 0
github.com/gebl/onenote-mcp-server/cmd/onenote-mcp-server/NotebookTools.go:360.41,361.64 1 0
github.com/gebl/onenote-mcp-server/cmd/onenote-mcp-server/NotebookTools.go:361.64,364.11 3 0
github.com/gebl/onenote-mcp-server/cmd/onenote-mcp-server/NotebookTools.go:368.4,368.14 1 0
github.com/gebl/onenote-mcp-server/cmd/onenote-mcp-server/NotebookTools.go:368.14,372.5 2 0
github.com/gebl/onenote-mcp-server/cmd/onenote-mcp-server/NotebookTools.go:376.3,377.46 2 0
github.com/gebl/onenote-mcp-server/cmd/onenote-mcp-server/NotebookTools.go:377.46,378.77 1 0
github.com/gebl/onenote-mcp-server/cmd/onenote-mcp-server/NotebookTools.go:378.77,383.5 2 0
github.com/gebl/onenote-mcp-server/cmd/onenote-mcp-server/NotebookTools.go:384.4,385.42 1 0
github.com/gebl/onenote-mcp-server/cmd/onenote-mcp-server/NotebookTools.go:389.3,399.17 4 0
github.com/gebl/onenote-mcp-server/cmd/onenote-mcp-server/NotebookTools.go:399.17,402.4 2 0
github.com/gebl/onenote-mcp-server/cmd/onenote-mcp-server/NotebookTools.go:404.3,405.62 2 0
github.com/gebl/onenote-mcp-server/cmd/onenote-mcp-server/NotebookTools.go:405.62,410.4 1 0
github.com/gebl/onenote-mcp-server/cmd/onenote-mcp-server/NotebookTools.go:412.3,412.55 1 0
github.com/gebl/onenote-mcp-server/cmd/onenote-mcp-server/NotebookTools.go:414.2,414.112 1 1
github.com/gebl/onenote-mcp-server/cmd/onenote-mcp-server/NotebookTools.go:414.112,416.3 1 0
github.com/gebl/onenote-mcp-server/cmd/onenote-mcp-server/NotebookTools.go:419.2,423.112 2 1
github.com/gebl/onenote-mcp-server/cmd/onenote-mcp-server/NotebookTools.go:423.112,429.13 4 0
github.com/gebl/onenote-mcp-server/cmd/onenote-mcp-server/NotebookTools.go:429.13,432.4 2 0
github.com/gebl/onenote-mcp-server/cmd/onenote-mcp-server/NotebookTools.go:436.3,439.53 2 0
github.com/gebl/onenote-mcp-server/cmd/onenote-mcp-server/NotebookTools.go:439.53,441.4 1 0
github.com/gebl/onenote-mcp-server/cmd/onenote-mcp-server/NotebookTools.go:444.3,444.29 1 0
github.com/gebl/onenote-mcp-server/cmd/onenote-mcp-server/NotebookTools.go:444.29,445.67 1 0
github.com/gebl/onenote-mcp-server/cmd/onenote-mcp-server/NotebookTools.go:445.67,447.5 1 0
github.com/gebl/onenote-mcp-server/cmd/onenote-mcp-server/NotebookTools.go:450.3,454.69 2 0
github.com/gebl/onenote-mcp-server/cmd/onenote-mcp-server/NotebookTools.go:454.69,461.36 3 0
github.com/gebl/onenote-mcp-server/cmd/onenote-mcp-server/NotebookTools.go:462.16,464.101 2 0
github.com/gebl/onenote-mcp-server/cmd/onenote-mcp-server/NotebookTools.go:465.13,467.123 2 0
github.com/gebl/onenote-mcp-server/cmd/onenote-mcp-server/NotebookTools.go:468.15,470.125 2 0
github.com/gebl/onenote-mcp-server/cmd/onenote-mcp-server/NotebookTools.go:471.17,473.39 1 0
github.com/gebl/onenote-mcp-server/cmd/onenote-mcp-server/NotebookTools.go:473.39,475.6 1 0
github.com/gebl/onenote-mcp-server/cmd/onenote-mcp-server/NotebookTools.go:475.11,477.6 1 0
github.com/gebl/onenote-mcp-server/cmd/onenote-mcp-server/NotebookTools.go:478.5,481.56 1 0
github.com/gebl/onenote-mcp-server/cmd/onenote-mcp-server/NotebookTools.go:482.12,487.38 2 0
github.com/gebl/onenote-mcp-server/cmd/onenote-mcp-server/NotebookTools.go:489.9,491.4 1 0
github.com/gebl/onenote-mcp-server/cmd/onenote-mcp-server/NotebookTools.go:494.3,494.26 1 0
github.com/gebl/onenote-mcp-server/cmd/onenote-mcp-server/NotebookTools.go:494.26,496.27 2 0
github.com/gebl/onenote-mcp-server/cmd/onenote-mcp-server/NotebookTools.go:496.27,498.5 1 0
github.com/gebl/onenote-mcp-server/cmd/onenote-mcp-server/NotebookTools.go:501.3,508.39 3 0
github.com/gebl/onenote-mcp-server/cmd/onenote-mcp-server/NotebookTools.go:508.39,513.14 3 0
github.com/gebl/onenote-mcp-server/cmd/onenote-mcp-server/NotebookTools.go:513.14,518.83 3 0
github.com/gebl/onenote-mcp-server/cmd/onenote-mcp-server/NotebookTools.go:518.83,520.63 1 0
github.com/gebl/onenote-mcp-server/cmd/onenote-mcp-server/NotebookTools.go:520.63,522.7 1 0
github.com/gebl/onenote-mcp-server/cmd/onenote-mcp-server/NotebookTools.go:522.12,522.84 1 0
github.com/gebl/onenote-mcp-server/cmd/onenote-mcp-server/NotebookTools.go:522.84,524.46 1 0
github.com/gebl/onenote-mcp-server/cmd/onenote-mcp-server/NotebookTools.go:524.46,527.8 2 0
github.com/gebl/onenote-mcp-server/cmd/onenote-mcp-server/NotebookTools.go:532.5,533.48 2 0
github.com/gebl/onenote-mcp-server/cmd/onenote-mcp-server/NotebookTools.go:533.48,536.35 2 0
github.com/gebl/onenote-mcp-server/cmd/onenote-mcp-server/NotebookTools.go:536.35,538.7 1 0
github.com/gebl/onenote-mcp-server/cmd/onenote-mcp-server/NotebookTools.go:541.6,542.39 2 0
github.com/gebl/onenote-mcp-server/cmd/onenote-mcp-server/NotebookTools.go:542.39,549.7 2 0
github.com/gebl/onenote-mcp-server/cmd/onenote-mcp-server/NotebookTools.go:552.6,556.55 3 0
github.com/gebl/onenote-mcp-server/cmd/onenote-mcp-server/NotebookTools.go:556.55,557.48 1 0
github.com/gebl/onenote-mcp-server/cmd/onenote-mcp-server/NotebookTools.go:557.48,558.61 1 0
github.com/gebl/onenote-mcp-server/cmd/onenote-mcp-server/NotebookTools.go:558.61,560.14 2 0
github.com/gebl/onenote-mcp-server/cmd/onenote-mcp-server/NotebookTools.go:565.6,569.42 2 0
github.com/gebl/onenote-mcp-server/cmd/onenote-mcp-server/NotebookTools.go:572.5,582.34 4 0
github.com/gebl/onenote-mcp-server/cmd/onenote-mcp-server/NotebookTools.go:582.34,584.6 1 0
github.com/gebl/onenote-mcp-server/cmd/onenote-mcp-server/NotebookTools.go:587.5,604.19 4 0
github.com/gebl/onenote-mcp-server/cmd/onenote-mcp-server/NotebookTools.go:604.19,607.6 2 0
github.com/gebl/onenote-mcp-server/cmd/onenote-mcp-server/NotebookTools.go:610.5,612.57 2 0
github.com/gebl/onenote-mcp-server/cmd/onenote-mcp-server/NotebookTools.go:617.3,630.17 7 0
github.com/gebl/onenote-mcp-server/cmd/onenote-mcp-server/NotebookTools.go:630.17,633.4 2 0
github.com/gebl/onenote-mcp-server/cmd/onenote-mcp-server/NotebookTools.go:636.3,637.46 2 0
github.com/gebl/onenote-mcp-server/cmd/onenote-mcp-server/NotebookTools.go:637.46,640.33 2 0
github.com/gebl/onenote-mcp-server/cmd/onenote-mcp-server/NotebookTools.go:640.33,642.5 1 0
github.com/gebl/onenote-mcp-server/cmd/onenote-mcp-server/NotebookTools.go:645.4,646.38 2 0
github.com/gebl/onenote-mcp-server/cmd/onenote-mcp-server/NotebookTools.go:646.38,653.5 2 0
github.com/gebl/onenote-mcp-server/cmd/onenote-mcp-server/NotebookTools.go:656.4,660.53 3 0
github.com/gebl/onenote-mcp-server/cmd/onenote-mcp-server/NotebookTools.go:660.53,661.47 1 0
github.com/gebl/onenote-mcp-server/cmd/onenote-mcp-server/NotebookTools.go:661.47,662.59 1 0
github.com/gebl/onenote-mcp-server/cmd/onenote-mcp-server/NotebookTools.go:662.59,664.12 2 0
github.com/gebl/onenote-mcp-server/cmd/onenote-mcp-server/NotebookTools.go:669.4,673.41 2 0
github.com/gebl/onenote-mcp-server/cmd/onenote-mcp-server/NotebookTools.go:677.3,691.32 6 0
github.com/gebl/onenote-mcp-server/cmd/onenote-mcp-server/NotebookTools.go:691.32,693.4 1 0
github.com/gebl/onenote-mcp-server/cmd/onenote-mcp-server/NotebookTools.go:696.3,713.17 4 0
github.com/gebl/onenote-mcp-server/cmd/onenote-mcp-server/NotebookTools.go:713.17,716.4 2 0
github.com/gebl/onenote-mcp-server/cmd/onenote-mcp-server/NotebookTools.go:719.3,721.55 2 0
github.com/gebl/onenote-mcp-server/cmd/onenote-mcp-server/NotebookTools.go:723.2,723.117 1 1
github.com/gebl/onenote-mcp-server/cmd/onenote-mcp-server/NotebookTools.go:723.117,725.3 1 0
github.com/gebl/onenote-mcp-server/cmd/onenote-mcp-server/NotebookTools.go:728.2,732.103 2 1
github.com/gebl/onenote-mcp-server/cmd/onenote-mcp-server/NotebookTools.go:732.103,753.17 8 0
github.com/gebl/onenote-mcp-server/cmd/onenote-mcp-server/NotebookTools.go:753.17,756.4 2 0
github.com/gebl/onenote-mcp-server/cmd/onenote-mcp-server/NotebookTools.go:758.3,758.55 1 0
github.com/gebl/onenote-mcp-server/cmd/onenote-mcp-server/NotebookTools.go:761.2,763.81 2 1
github.com/gebl/onenote-mcp-server/cmd/onenote-mcp-server/NotebookTools.go:767.136,769.2 1 0
github.com/gebl/onenote-mcp-server/cmd/onenote-mcp-server/NotebookTools.go:774.144,780.60 4 0
github.com/gebl/onenote-mcp-server/cmd/onenote-mcp-server/NotebookTools.go:780.60,782.3 1 0
github.com/gebl/onenote-mcp-server/cmd/onenote-mcp-server/NotebookTools.go:783.2,783.62 1 0
github.com/gebl/onenote-mcp-server/cmd/onenote-mcp-server/NotebookTools.go:783.62,785.3 1 0
github.com/gebl/onenote-mcp-server/cmd/onenote-mcp-server/NotebookTools.go:787.2,794.22 2 0
github.com/gebl/onenote-mcp-server/cmd/onenote-mcp-server/NotebookTools.go:794.22,801.3 2 0
github.com/gebl/onenote-mcp-server/cmd/onenote-mcp-server/NotebookTools.go:801.8,803.3 1 0
github.com/gebl/onenote-mcp-server/cmd/onenote-mcp-server/NotebookTools.go:806.2,806.22 1 0
github.com/gebl/onenote-mcp-server/cmd/onenote-mcp-server/NotebookTools.go:806.22,813.3 2 0
github.com/gebl/onenote-mcp-server/cmd/onenote-mcp-server/NotebookTools.go:816.2,817.16 2 0
github.com/gebl/onenote-mcp-server/cmd/onenote-mcp-server/NotebookTools.go:817.16,820.3 2 0
github.com/gebl/onenote-mcp-server/cmd/onenote-mcp-server/NotebookTools.go:823.2,823.22 1 0
github.com/gebl/onenote-mcp-server/cmd/onenote-mcp-server/NotebookTools.go:823.22,831.3 2 0
github.com/gebl/onenote-mcp-server/cmd/onenote-mcp-server/NotebookTools.go:833.2,842.29 5 0
github.com/gebl/onenote-mcp-server/cmd/onenote-mcp-server/NotebookTools.go:842.29,845.21 3 0
github.com/gebl/onenote-mcp-server/cmd/onenote-mcp-server/NotebookTools.go:845.21,847.4 1 0
github.com/gebl/onenote-mcp-server/cmd/onenote-mcp-server/NotebookTools.go:849.3,857.23 2 0
github.com/gebl/onenote-mcp-server/cmd/onenote-mcp-server/NotebookTools.go:857.23,866.4 3 0
github.com/gebl/onenote-mcp-server/cmd/onenote-mcp-server/NotebookTools.go:869.3,870.17 2 0
github.com/gebl/onenote-mcp-server/cmd/onenote-mcp-server/NotebookTools.go:870.17,876.12 2 0
github.com/gebl/onenote-mcp-server/cmd/onenote-mcp-server/NotebookTools.go:880.3,880.23 1 0
github.com/gebl/onenote-mcp-server/cmd/onenote-mcp-server/NotebookTools.go:880.23,889.4 3 0
github.com/gebl/onenote-mcp-server/cmd/onenote-mcp-server/NotebookTools.go:891.3,898.19 3 0
github.com/gebl/onenote-mcp-server/cmd/onenote-mcp-server/NotebookTools.go:902.2,902.22 1 0
github.com/gebl/onenote-mcp-server/cmd/onenote-mcp-server/NotebookTools.go:902.22,909.3 2 0
github.com/gebl/onenote-mcp-server/cmd/onenote-mcp-server/NotebookTools.go:909.8,913.3 1 0
github.com/gebl/onenote-mcp-server/cmd/onenote-mcp-server/NotebookTools.go:915.2,919.26 2 0
github.com/gebl/onenote-mcp-server/cmd/onenote-mcp-server/NotebookTools.go:923.71,924.43 1 0
github.com/gebl/onenote-mcp-server/cmd/onenote-mcp-server/NotebookTools.go:924.43,926.3 1 0
github.com/gebl/onenote-mcp-server/cmd/onenote-mcp-server/NotebookTools.go:927.2,927.11 1 0
github.com/gebl/onenote-mcp-server/cmd/onenote-mcp-server/NotebookTools.go:931.71,933.2 1 0
github.com/gebl/onenote-mcp-server/cmd/onenote-mcp-server/NotebookTools.go:936.172,949.60 6 0
github.com/gebl/onenote-mcp-server/cmd/onenote-mcp-server/NotebookTools.go:949.60,951.3 1 0
github.com/gebl/onenote-mcp-server/cmd/onenote-mcp-server/NotebookTools.go:952.2,952.62 1 0
github.com/gebl/onenote-mcp-server/cmd/onenote-mcp-server/NotebookTools.go:952.62,954.3 1 0
github.com/gebl/onenote-mcp-server/cmd/onenote-mcp-server/NotebookTools.go:956.2,977.32 5 0
github.com/gebl/onenote-mcp-server/cmd/onenote-mcp-server/NotebookTools.go:977.32,985.23 2 0
github.com/gebl/onenote-mcp-server/cmd/onenote-mcp-server/NotebookTools.go:985.23,993.4 3 0
github.com/gebl/onenote-mcp-server/cmd/onenote-mcp-server/NotebookTools.go:993.9,996.4 1 0
github.com/gebl/onenote-mcp-server/cmd/onenote-mcp-server/NotebookTools.go:999.3,999.23 1 0
github.com/gebl/onenote-mcp-server/cmd/onenote-mcp-server/NotebookTools.go:999.23,1007.4 3 0
github.com/gebl/onenote-mcp-server/cmd/onenote-mcp-server/NotebookTools.go:1009.3,1010.17 2 0
github.com/gebl/onenote-mcp-server/cmd/onenote-mcp-server/NotebookTools.go:1010.17,1018.4 3 0
github.com/gebl/onenote-mcp-server/cmd/onenote-mcp-server/NotebookTools.go:1021.3,1021.23 1 0
github.com/gebl/onenote-mcp-server/cmd/onenote-mcp-server/NotebookTools.go:1021.23,1030.4 3 0
github.com/gebl/onenote-mcp-server/cmd/onenote-mcp-server/NotebookTools.go:1032.3,1038.49 3 0
github.com/gebl/onenote-mcp-server/cmd/onenote-mcp-server/NotebookTools.go:1038.49,1041.23 3 0
github.com/gebl/onenote-mcp-server/cmd/onenote-mcp-server/NotebookTools.go:1041.23,1043.5 1 0
github.com/gebl/onenote-mcp-server/cmd/onenote-mcp-server/NotebookTools.go:1045.4,1054.47 2 0
github.com/gebl/onenote-mcp-server/cmd/onenote-mcp-server/NotebookTools.go:1054.47,1066.5 5 0
github.com/gebl/onenote-mcp-server/cmd/onenote-mcp-server/NotebookTools.go:1070.4,1073.18 4 0
github.com/gebl/onenote-mcp-server/cmd/onenote-mcp-server/NotebookTools.go:1073.18,1079.13 2 0
github.com/gebl/onenote-mcp-server/cmd/onenote-mcp-server/NotebookTools.go:1083.4,1083.47 1 0
github.com/gebl/onenote-mcp-server/cmd/onenote-mcp-server/NotebookTools.go:1083.47,1094.5 5 0
github.com/gebl/onenote-mcp-server/cmd/onenote-mcp-server/NotebookTools.go:1096.4,1102.49 2 0
github.com/gebl/onenote-mcp-server/cmd/onenote-mcp-server/NotebookTools.go:1105.3,1108.23 2 0
github.com/gebl/onenote-mcp-server/cmd/onenote-mcp-server/NotebookTools.go:1108.23,1118.4 4 0
github.com/gebl/onenote-mcp-server/cmd/onenote-mcp-server/NotebookTools.go:1120.3,1124.41 1 0
github.com/gebl/onenote-mcp-server/cmd/onenote-mcp-server/NotebookTools.go:1125.8,1133.23 3 0
github.com/gebl/onenote-mcp-server/cmd/onenote-mcp-server/NotebookTools.go:1133.23,1142.4 4 0
github.com/gebl/onenote-mcp-server/cmd/onenote-mcp-server/NotebookTools.go:1145.2,1145.25 1 0
github.com/gebl/onenote-mcp-server/cmd/onenote-mcp-server/NotebookTools.go:1149.67,1158.53 1 0
github.com/gebl/onenote-mcp-server/cmd/onenote-mcp-server/NotebookTools.go:1158.53,1160.3 1 0
github.com/gebl/onenote-mcp-server/cmd/onenote-mcp-server/NotebookTools.go:1162.2,1162.62 1 0
github.com/gebl/onenote-mcp-server/cmd/onenote-mcp-server/NotebookTools.go:1162.62,1164.3 1 0
github.com/gebl/onenote-mcp-server/cmd/onenote-mcp-server/NotebookTools.go:1166.2,1166.77 1 0
github.com/gebl/onenote-mcp-server/cmd/onenote-mcp-server/NotebookTools.go:1166.77,1168.3 1 0
github.com/gebl/onenote-mcp-server/cmd/onenote-mcp-server/NotebookTools.go:1172.2,1173.18 2 0
github.com/gebl/onenote-mcp-server/cmd/onenote-mcp-server/NotebookTools.go:1177.71,1185.69 2 0
github.com/gebl/onenote-mcp-server/cmd/onenote-mcp-server/NotebookTools.go:1185.69,1186.65 1 0
github.com/gebl/onenote-mcp-server/cmd/onenote-mcp-server/NotebookTools.go:1186.65,1188.49 2 0
github.com/gebl/onenote-mcp-server/cmd/onenote-mcp-server/NotebookTools.go:1188.49,1189.68 1 0
github.com/gebl/onenote-mcp-server/cmd/onenote-mcp-server/NotebookTools.go:1189.68,1192.6 2 0
github.com/gebl/onenote-mcp-server/cmd/onenote-mcp-server/NotebookTools.go:1194.4,1194.35 1 0
github.com/gebl/onenote-mcp-server/cmd/onenote-mcp-server/NotebookTools.go:1198.2,1198.20 1 0
github.com/gebl/onenote-mcp-server/cmd/onenote-mcp-server/PageResources.go:51.96,65.130 4 0
github.com/gebl/onenote-mcp-server/cmd/onenote-mcp-server/PageResources.go:65.130,73.28 3 0
github.com/gebl/onenote-mcp-server/cmd/onenote-mcp-server/PageResources.go:73.28,78.4 2 0
github.com/gebl/onenote-mcp-server/cmd/onenote-mcp-server/PageResources.go:80.3,86.17 3 0
github.com/gebl/onenote-mcp-server/cmd/onenote-mcp-server/PageResources.go:86.17,91.4 2 0
github.com/gebl/onenote-mcp-server/cmd/onenote-mcp-server/PageResources.go:93.3,105.9 3 0
github.com/gebl/onenote-mcp-server/cmd/onenote-mcp-server/PageResources.go:107.2,121.136 4 0
github.com/gebl/onenote-mcp-server/cmd/onenote-mcp-server/PageResources.go:121.136,129.19 3 0
github.com/gebl/onenote-mcp-server/cmd/onenote-mcp-server/PageResources.go:129.19,134.4 2 0
github.com/gebl/onenote-mcp-server/cmd/onenote-mcp-server/PageResources.go:136.3,142.17 3 0
github.com/gebl/onenote-mcp-server/cmd/onenote-mcp-server/PageResources.go:142.17,147.4 2 0
github.com/gebl/onenote-mcp-server/cmd/onenote-mcp-server/PageResources.go:149.3,161.9 3 0
github.com/gebl/onenote-mcp-server/cmd/onenote-mcp-server/PageResources.go:163.2,169.25 2 0
github.com/gebl/onenote-mcp-server/cmd/onenote-mcp-server/PageResources.go:175.60,178.70 2 0
github.com/gebl/onenote-mcp-server/cmd/onenote-mcp-server/PageResources.go:178.70,181.17 2 0
github.com/gebl/onenote-mcp-server/cmd/onenote-mcp-server/PageResources.go:181.17,187.4 2 0
github.com/gebl/onenote-mcp-server/cmd/onenote-mcp-server/PageResources.go:188.3,192.22 2 0
github.com/gebl/onenote-mcp-server/cmd/onenote-mcp-server/PageResources.go:194.2,194.11 1 0
github.com/gebl/onenote-mcp-server/cmd/onenote-mcp-server/PageResources.go:198.50,201.69 2 0
github.com/gebl/onenote-mcp-server/cmd/onenote-mcp-server/PageResources.go:201.69,204.17 2 0
github.com/gebl/onenote-mcp-server/cmd/onenote-mcp-server/PageResources.go:204.17,210.4 2 0
github.com/gebl/onenote-mcp-server/cmd/onenote-mcp-server/PageResources.go:211.3,215.22 2 0
github.com/gebl/onenote-mcp-server/cmd/onenote-mcp-server/PageResources.go:217.2,217.11 1 0
github.com/gebl/onenote-mcp-server/cmd/onenote-mcp-server/PageResources.go:221.132,230.14 4 0
github.com/gebl/onenote-mcp-server/cmd/onenote-mcp-server/PageResources.go:230.14,232.3 1 0
github.com/gebl/onenote-mcp-server/cmd/onenote-mcp-server/PageResources.go:235.2,242.14 4 0
github.com/gebl/onenote-mcp-server/cmd/onenote-mcp-server/PageResources.go:242.14,244.3 1 0
github.com/gebl/onenote-mcp-server/cmd/onenote-mcp-server/PageResources.go:247.2,248.16 2 0
github.com/gebl/onenote-mcp-server/cmd/onenote-mcp-server/PageResources.go:248.16,253.3 2 0
github.com/gebl/onenote-mcp-server/cmd/onenote-mcp-server/PageResources.go:256.2,256.14 1 0
github.com/gebl/onenote-mcp-server/cmd/onenote-mcp-server/PageResources.go:256.14,258.3 1 0
github.com/gebl/onenote-mcp-server/cmd/onenote-mcp-server/PageResources.go:260.2,264.25 2 0
github.com/gebl/onenote-mcp-server/cmd/onenote-mcp-server/PageResources.go:268.142,277.14 4 0
github.com/gebl/onenote-mcp-server/cmd/onenote-mcp-server/PageResources.go:277.14,279.3 1 0
github.com/gebl/onenote-mcp-server/cmd/onenote-mcp-server/PageResources.go:282.2,291.16 6 0
github.com/gebl/onenote-mcp-server/cmd/onenote-mcp-server/PageResources.go:291.16,296.3 2 0
github.com/gebl/onenote-mcp-server/cmd/onenote-mcp-server/PageResources.go:298.2,303.14 2 0
github.com/gebl/onenote-mcp-server/cmd/onenote-mcp-server/PageResources.go:303.14,305.3 1 0
github.com/gebl/onenote-mcp-server/cmd/onenote-mcp-server/PageResources.go:308.2,309.16 2 0
github.com/gebl/onenote-mcp-server/cmd/onenote-mcp-server/PageResources.go:309.16,315.3 2 0
github.com/gebl/onenote-mcp-server/cmd/onenote-mcp-server/PageResources.go:318.2,318.14 1 0
github.com/gebl/onenote-mcp-server/cmd/onenote-mcp-server/PageResources.go:318.14,320.3 1 0
github.com/gebl/onenote-mcp-server/cmd/onenote-mcp-server/PageResources.go:323.2,324.33 2 0
github.com/gebl/onenote-mcp-server/cmd/onenote-mcp-server/PageResources.go:324.33,328.45 2 0
github.com/gebl/onenote-mcp-server/cmd/onenote-mcp-server/PageResources.go:328.45,330.4 1 0
github.com/gebl/onenote-mcp-server/cmd/onenote-mcp-server/PageResources.go:333.3,333.47 1 0
github.com/gebl/onenote-mcp-server/cmd/onenote-mcp-server/PageResources.go:333.47,335.4 1 0
github.com/gebl/onenote-mcp-server/cmd/onenote-mcp-server/PageResources.go:335.9,335.46 1 0
github.com/gebl/onenote-mcp-server/cmd/onenote-mcp-server/PageResources.go:335.46,337.4 1 0
github.com/gebl/onenote-mcp-server/cmd/onenote-mcp-server/PageResources.go:339.3,339.54 1 0
github.com/gebl/onenote-mcp-server/cmd/onenote-mcp-server/PageResources.go:343.2,352.14 2 0
github.com/gebl/onenote-mcp-server/cmd/onenote-mcp-server/PageResources.go:352.14,354.3 1 0
github.com/gebl/onenote-mcp-server/cmd/onenote-mcp-server/PageResources.go:356.2,357.16 2 0
github.com/gebl/onenote-mcp-server/cmd/onenote-mcp-server/PageResources.go:357.16,362.3 2 0
github.com/gebl/onenote-mcp-server/cmd/onenote-mcp-server/PageResources.go:365.2,365.14 1 0
github.com/gebl/onenote-mcp-server/cmd/onenote-mcp-server/PageResources.go:365.14,367.3 1 0
github.com/gebl/onenote-mcp-server/cmd/onenote-mcp-server/PageResources.go:369.2,374.22 2 0
github.com/gebl/onenote-mcp-server/cmd/onenote-mcp-server/PageResources.go:380.129,384.45 2 0
github.com/gebl/onenote-mcp-server/cmd/onenote-mcp-server/PageResources.go:384.45,391.17 3 0
github.com/gebl/onenote-mcp-server/cmd/onenote-mcp-server/PageResources.go:391.17,392.40 1 0
github.com/gebl/onenote-mcp-server/cmd/onenote-mcp-server/PageResources.go:392.40,393.78 1 0
github.com/gebl/onenote-mcp-server/cmd/onenote-mcp-server/PageResources.go:393.78,397.6 2 0
github.com/gebl/onenote-mcp-server/cmd/onenote-mcp-server/PageResources.go:401.3,402.29 1 0
github.com/gebl/onenote-mcp-server/cmd/onenote-mcp-server/PageResources.go:406.2,410.16 3 0
github.com/gebl/onenote-mcp-server/cmd/onenote-mcp-server/PageResources.go:410.16,415.3 2 0
github.com/gebl/onenote-mcp-server/cmd/onenote-mcp-server/PageResources.go:418.2,418.38 1 0
github.com/gebl/onenote-mcp-server/cmd/onenote-mcp-server/PageResources.go:418.38,419.103 1 0
github.com/gebl/onenote-mcp-server/cmd/onenote-mcp-server/PageResources.go:419.103,420.52 1 0
github.com/gebl/onenote-mcp-server/cmd/onenote-mcp-server/PageResources.go:420.52,425.5 2 0
github.com/gebl/onenote-mcp-server/cmd/onenote-mcp-server/PageResources.go:429.2,431.98 2 0
github.com/gebl/onenote-mcp-server/cmd/onenote-mcp-server/PageResources.go:436.45,437.18 1 0
github.com/gebl/onenote-mcp-server/cmd/onenote-mcp-server/PageResources.go:437.18,439.3 1 0
github.com/gebl/onenote-mcp-server/cmd/onenote-mcp-server/PageResources.go:442.2,442.26 1 0
github.com/gebl/onenote-mcp-server/cmd/onenote-mcp-server/PageResources.go:442.26,446.32 1 0
github.com/gebl/onenote-mcp-server/cmd/onenote-mcp-server/PageResources.go:446.32,448.4 1 0
github.com/gebl/onenote-mcp-server/cmd/onenote-mcp-server/PageResources.go:451.2,451.13 1 0
github.com/gebl/onenote-mcp-server/cmd/onenote-mcp-server/PageTools.go:30.281,37.102 2 1
github.com/gebl/onenote-mcp-server/cmd/onenote-mcp-server/PageTools.go:37.102,42.17 4 0
github.com/gebl/onenote-mcp-server/cmd/onenote-mcp-server/PageTools.go:42.17,45.4 2 0
github.com/gebl/onenote-mcp-server/cmd/onenote-mcp-server/PageTools.go:46.3,52.26 3 0
github.com/gebl/onenote-mcp-server/cmd/onenote-mcp-server/PageTools.go:52.26,54.4 1 0
github.com/gebl/onenote-mcp-server/cmd/onenote-mcp-server/PageTools.go:56.3,56.45 1 0
github.com/gebl/onenote-mcp-server/cmd/onenote-mcp-server/PageTools.go:56.45,58.14 2 0
github.com/gebl/onenote-mcp-server/cmd/onenote-mcp-server/PageTools.go:58.14,61.48 2 0
github.com/gebl/onenote-mcp-server/cmd/onenote-mcp-server/PageTools.go:61.48,64.22 2 0
github.com/gebl/onenote-mcp-server/cmd/onenote-mcp-server/PageTools.go:64.22,66.44 1 0
github.com/gebl/onenote-mcp-server/cmd/onenote-mcp-server/PageTools.go:66.44,71.31 2 0
github.com/gebl/onenote-mcp-server/cmd/onenote-mcp-server/PageTools.go:71.31,73.9 1 0
github.com/gebl/onenote-mcp-server/cmd/onenote-mcp-server/PageTools.go:76.8,76.114 1 0
github.com/gebl/onenote-mcp-server/cmd/onenote-mcp-server/PageTools.go:76.114,78.9 1 0
github.com/gebl/onenote-mcp-server/cmd/onenote-mcp-server/PageTools.go:80.8,80.31 1 0
github.com/gebl/onenote-mcp-server/cmd/onenote-mcp-server/PageTools.go:80.31,82.9 1 0
github.com/gebl/onenote-mcp-server/cmd/onenote-mcp-server/PageTools.go:85.6,85.29 1 0
github.com/gebl/onenote-mcp-server/cmd/onenote-mcp-server/PageTools.go:85.29,87.7 1 0
github.com/gebl/onenote-mcp-server/cmd/onenote-mcp-server/PageTools.go:88.6,89.46 2 0
github.com/gebl/onenote-mcp-server/cmd/onenote-mcp-server/PageTools.go:92.6,98.42 2 0
github.com/gebl/onenote-mcp-server/cmd/onenote-mcp-server/PageTools.go:101.5,110.30 3 0
github.com/gebl/onenote-mcp-server/cmd/onenote-mcp-server/PageTools.go:110.30,114.6 1 0
github.com/gebl/onenote-mcp-server/cmd/onenote-mcp-server/PageTools.go:114.11,127.27 3 0
github.com/gebl/onenote-mcp-server/cmd/onenote-mcp-server/PageTools.go:127.27,130.7 1 0
github.com/gebl/onenote-mcp-server/cmd/onenote-mcp-server/PageTools.go:130.12,132.7 1 0
github.com/gebl/onenote-mcp-server/cmd/onenote-mcp-server/PageTools.go:138.3,140.26 2 0
github.com/gebl/onenote-mcp-server/cmd/onenote-mcp-server/PageTools.go:140.26,142.4 1 0
github.com/gebl/onenote-mcp-server/cmd/onenote-mcp-server/PageTools.go:144.3,146.26 2 0
github.com/gebl/onenote-mcp-server/cmd/onenote-mcp-server/PageTools.go:146.26,148.4 1 0
github.com/gebl/onenote-mcp-server/cmd/onenote-mcp-server/PageTools.go:149.3,149.17 1 0
github.com/gebl/onenote-mcp-server/cmd/onenote-mcp-server/PageTools.go:149.17,152.4 2 0
github.com/gebl/onenote-mcp-server/cmd/onenote-mcp-server/PageTools.go:155.3,156.46 2 0
github.com/gebl/onenote-mcp-server/cmd/onenote-mcp-server/PageTools.go:156.46,159.20 2 0
github.com/gebl/onenote-mcp-server/cmd/onenote-mcp-server/PageTools.go:159.20,161.42 1 0
github.com/gebl/onenote-mcp-server/cmd/onenote-mcp-server/PageTools.go:161.42,166.29 2 0
github.com/gebl/onenote-mcp-server/cmd/onenote-mcp-server/PageTools.go:166.29,168.7 1 0
github.com/gebl/onenote-mcp-server/cmd/onenote-mcp-server/PageTools.go:171.6,171.112 1 0
github.com/gebl/onenote-mcp-server/cmd/onenote-mcp-server/PageTools.go:171.112,173.7 1 0
github.com/gebl/onenote-mcp-server/cmd/onenote-mcp-server/PageTools.go:175.6,175.29 1 0
github.com/gebl/onenote-mcp-server/cmd/onenote-mcp-server/PageTools.go:175.29,177.7 1 0
github.com/gebl/onenote-mcp-server/cmd/onenote-mcp-server/PageTools.go:180.4,180.27 1 0
github.com/gebl/onenote-mcp-server/cmd/onenote-mcp-server/PageTools.go:180.27,182.5 1 0
github.com/gebl/onenote-mcp-server/cmd/onenote-mcp-server/PageTools.go:183.4,184.44 2 0
github.com/gebl/onenote-mcp-server/cmd/onenote-mcp-server/PageTools.go:187.4,195.27 3 0
github.com/gebl/onenote-mcp-server/cmd/onenote-mcp-server/PageTools.go:195.27,197.5 1 0
github.com/gebl/onenote-mcp-server/cmd/onenote-mcp-server/PageTools.go:201.3,203.26 2 0
github.com/gebl/onenote-mcp-server/cmd/onenote-mcp-server/PageTools.go:203.26,205.4 1 0
github.com/gebl/onenote-mcp-server/cmd/onenote-mcp-server/PageTools.go:206.3,215.22 4 0
github.com/gebl/onenote-mcp-server/cmd/onenote-mcp-server/PageTools.go:215.22,217.4 1 0
github.com/gebl/onenote-mcp-server/cmd/onenote-mcp-server/PageTools.go:220.3,220.26 1 0
github.com/gebl/onenote-mcp-server/cmd/onenote-mcp-server/PageTools.go:220.26,222.4 1 0
github.com/gebl/onenote-mcp-server/cmd/onenote-mcp-server/PageTools.go:224.3,235.26 3 0
github.com/gebl/onenote-mcp-server/cmd/onenote-mcp-server/PageTools.go:235.26,237.4 1 0
github.com/gebl/onenote-mcp-server/cmd/onenote-mcp-server/PageTools.go:238.3,238.17 1 0
github.com/gebl/onenote-mcp-server/cmd/onenote-mcp-server/PageTools.go:238.17,241.4 2 0
github.com/gebl/onenote-mcp-server/cmd/onenote-mcp-server/PageTools.go:242.3,242.56 1 0
github.com/gebl/onenote-mcp-server/cmd/onenote-mcp-server/PageTools.go:244.2,254.103 3 1
github.com/gebl/onenote-mcp-server/cmd/onenote-mcp-server/PageTools.go:254.103,259.17 4 0
github.com/gebl/onenote-mcp-server/cmd/onenote-mcp-server/PageTools.go:259.17,262.4 2 0
github.com/gebl/onenote-mcp-server/cmd/onenote-mcp-server/PageTools.go:264.3,265.17 2 0
github.com/gebl/onenote-mcp-server/cmd/onenote-mcp-server/PageTools.go:265.17,268.4 2 0
github.com/gebl/onenote-mcp-server/cmd/onenote-mcp-server/PageTools.go:270.3,271.17 2 0
github.com/gebl/onenote-mcp-server/cmd/onenote-mcp-server/PageTools.go:271.17,274.4 2 0
github.com/gebl/onenote-mcp-server/cmd/onenote-mcp-server/PageTools.go:276.3,280.37 3 0
github.com/gebl/onenote-mcp-server/cmd/onenote-mcp-server/PageTools.go:280.37,281.37 1 0
github.com/gebl/onenote-mcp-server/cmd/onenote-mcp-server/PageTools.go:281.37,285.5 3 0
github.com/gebl/onenote-mcp-server/cmd/onenote-mcp-server/PageTools.go:287.3,297.17 5 0
github.com/gebl/onenote-mcp-server/cmd/onenote-mcp-server/PageTools.go:297.17,300.4 2 0
github.com/gebl/onenote-mcp-server/cmd/onenote-mcp-server/PageTools.go:303.3,308.14 4 0
github.com/gebl/onenote-mcp-server/cmd/onenote-mcp-server/PageTools.go:308.14,311.4 2 0
github.com/gebl/onenote-mcp-server/cmd/onenote-mcp-server/PageTools.go:313.3,322.17 3 0
github.com/gebl/onenote-mcp-server/cmd/onenote-mcp-server/PageTools.go:322.17,325.4 2 0
github.com/gebl/onenote-mcp-server/cmd/onenote-mcp-server/PageTools.go:327.3,329.55 3 0
github.com/gebl/onenote-mcp-server/cmd/onenote-mcp-server/PageTools.go:331.2,340.110 3 1
github.com/gebl/onenote-mcp-server/cmd/onenote-mcp-server/PageTools.go:340.110,345.17 4 0
github.com/gebl/onenote-mcp-server/cmd/onenote-mcp-server/PageTools.go:345.17,348.4 2 0
github.com/gebl/onenote-mcp-server/cmd/onenote-mcp-server/PageTools.go:350.3,351.17 2 0
github.com/gebl/onenote-mcp-server/cmd/onenote-mcp-server/PageTools.go:351.17,354.4 2 0
github.com/gebl/onenote-mcp-server/cmd/onenote-mcp-server/PageTools.go:356.3,366.17 5 0
github.com/gebl/onenote-mcp-server/cmd/onenote-mcp-server/PageTools.go:366.17,369.4 2 0
github.com/gebl/onenote-mcp-server/cmd/onenote-mcp-server/PageTools.go:371.3,383.17 5 0
github.com/gebl/onenote-mcp-server/cmd/onenote-mcp-server/PageTools.go:383.17,386.4 2 0
github.com/gebl/onenote-mcp-server/cmd/onenote-mcp-server/PageTools.go:388.3,388.55 1 0
github.com/gebl/onenote-mcp-server/cmd/onenote-mcp-server/PageTools.go:390.2,399.118 3 1
github.com/gebl/onenote-mcp-server/cmd/onenote-mcp-server/PageTools.go:399.118,404.17 4 0
github.com/gebl/onenote-mcp-server/cmd/onenote-mcp-server/PageTools.go:404.17,407.4 2 0
github.com/gebl/onenote-mcp-server/cmd/onenote-mcp-server/PageTools.go:409.3,410.17 2 0
github.com/gebl/onenote-mcp-server/cmd/onenote-mcp-server/PageTools.go:410.17,413.4 2 0
github.com/gebl/onenote-mcp-server/cmd/onenote-mcp-server/PageTools.go:415.3,419.91 3 0
github.com/gebl/onenote-mcp-server/cmd/onenote-mcp-server/PageTools.go:419.91,422.4 2 0
github.com/gebl/onenote-mcp-server/cmd/onenote-mcp-server/PageTools.go:424.3,428.36 3 0
github.com/gebl/onenote-mcp-server/cmd/onenote-mcp-server/PageTools.go:428.36,429.29 1 0
github.com/gebl/onenote-mcp-server/cmd/onenote-mcp-server/PageTools.go:429.29,451.5 5 0
github.com/gebl/onenote-mcp-server/cmd/onenote-mcp-server/PageTools.go:454.3,455.17 2 0
github.com/gebl/onenote-mcp-server/cmd/onenote-mcp-server/PageTools.go:455.17,458.4 2 0
github.com/gebl/onenote-mcp-server/cmd/onenote-mcp-server/PageTools.go:460.3,471.17 5 0
github.com/gebl/onenote-mcp-server/cmd/onenote-mcp-server/PageTools.go:471.17,474.4 2 0
github.com/gebl/onenote-mcp-server/cmd/onenote-mcp-server/PageTools.go:476.3,476.55 1 0
github.com/gebl/onenote-mcp-server/cmd/onenote-mcp-server/PageTools.go:478.2,486.103 3 1
github.com/gebl/onenote-mcp-server/cmd/onenote-mcp-server/PageTools.go:486.103,491.17 4 0
github.com/gebl/onenote-mcp-server/cmd/onenote-mcp-server/PageTools.go:491.17,494.4 2 0
github.com/gebl/onenote-mcp-server/cmd/onenote-mcp-server/PageTools.go:496.3,499.17 3 0
github.com/gebl/onenote-mcp-server/cmd/onenote-mcp-server/PageTools.go:499.17,502.4 2 0
github.com/gebl/onenote-mcp-server/cmd/onenote-mcp-server/PageTools.go:505.3,510.65 5 0
github.com/gebl/onenote-mcp-server/cmd/onenote-mcp-server/PageTools.go:512.2,522.107 3 1
github.com/gebl/onenote-mcp-server/cmd/onenote-mcp-server/PageTools.go:522.107,527.17 4 0
github.com/gebl/onenote-mcp-server/cmd/onenote-mcp-server/PageTools.go:527.17,530.4 2 0
github.com/gebl/onenote-mcp-server/cmd/onenote-mcp-server/PageTools.go:532.3,541.44 7 0
github.com/gebl/onenote-mcp-server/cmd/onenote-mcp-server/PageTools.go:541.44,542.29 1 0
github.com/gebl/onenote-mcp-server/cmd/onenote-mcp-server/PageTools.go:542.29,544.10 2 0
github.com/gebl/onenote-mcp-server/cmd/onenote-mcp-server/PageTools.go:547.3,547.21 1 0
github.com/gebl/onenote-mcp-server/cmd/onenote-mcp-server/PageTools.go:547.21,550.4 2 0
github.com/gebl/onenote-mcp-server/cmd/onenote-mcp-server/PageTools.go:553.3,553.36 1 0
github.com/gebl/onenote-mcp-server/cmd/onenote-mcp-server/PageTools.go:553.36,556.4 2 0
github.com/gebl/onenote-mcp-server/cmd/onenote-mcp-server/PageTools.go:558.3,562.17 3 0
github.com/gebl/onenote-mcp-server/cmd/onenote-mcp-server/PageTools.go:562.17,565.4 2 0
github.com/gebl/onenote-mcp-server/cmd/onenote-mcp-server/PageTools.go:567.3,571.17 3 0
github.com/gebl/onenote-mcp-server/cmd/onenote-mcp-server/PageTools.go:572.15,574.76 2 0
github.com/gebl/onenote-mcp-server/cmd/onenote-mcp-server/PageTools.go:575.19,578.30 3 0
github.com/gebl/onenote-mcp-server/cmd/onenote-mcp-server/PageTools.go:578.30,581.5 2 0
github.com/gebl/onenote-mcp-server/cmd/onenote-mcp-server/PageTools.go:582.15,585.30 3 0
github.com/gebl/onenote-mcp-server/cmd/onenote-mcp-server/PageTools.go:585.30,588.5 2 0
github.com/gebl/onenote-mcp-server/cmd/onenote-mcp-server/PageTools.go:591.3,607.16 4 0
github.com/gebl/onenote-mcp-server/cmd/onenote-mcp-server/PageTools.go:607.16,609.4 1 0
github.com/gebl/onenote-mcp-server/cmd/onenote-mcp-server/PageTools.go:611.3,612.17 2 0
github.com/gebl/onenote-mcp-server/cmd/onenote-mcp-server/PageTools.go:612.17,615.4 2 0
github.com/gebl/onenote-mcp-server/cmd/onenote-mcp-server/PageTools.go:617.3,617.55 1 0
github.com/gebl/onenote-mcp-server/cmd/onenote-mcp-server/PageTools.go:619.2,630.111 3 1
github.com/gebl/onenote-mcp-server/cmd/onenote-mcp-server/PageTools.go:630.111,644.17 10 0
github.com/gebl/onenote-mcp-server/cmd/onenote-mcp-server/PageTools.go:644.17,647.4 2 0
github.com/gebl/onenote-mcp-server/cmd/onenote-mcp-server/PageTools.go:649.3,653.27 3 0
github.com/gebl/onenote-mcp-server/cmd/onenote-mcp-server/PageTools.go:653.27,656.4 2 0
github.com/gebl/onenote-mcp-server/cmd/onenote-mcp-server/PageTools.go:660.3,665.82 5 0
github.com/gebl/onenote-mcp-server/cmd/onenote-mcp-server/PageTools.go:667.2,675.106 3 1
github.com/gebl/onenote-mcp-server/cmd/onenote-mcp-server/PageTools.go:675.106,680.17 4 0
github.com/gebl/onenote-mcp-server/cmd/onenote-mcp-server/PageTools.go:680.17,683.4 2 0
github.com/gebl/onenote-mcp-server/cmd/onenote-mcp-server/PageTools.go:685.3,688.17 3 0
github.com/gebl/onenote-mcp-server/cmd/onenote-mcp-server/PageTools.go:688.17,691.4 2 0
github.com/gebl/onenote-mcp-server/cmd/onenote-mcp-server/PageTools.go:693.3,694.17 2 0
github.com/gebl/onenote-mcp-server/cmd/onenote-mcp-server/PageTools.go:694.17,697.4 2 0
github.com/gebl/onenote-mcp-server/cmd/onenote-mcp-server/PageTools.go:699.3,701.55 3 0
github.com/gebl/onenote-mcp-server/cmd/onenote-mcp-server/PageTools.go:703.2,712.101 3 1
github.com/gebl/onenote-mcp-server/cmd/onenote-mcp-server/PageTools.go:712.101,717.17 4 0
github.com/gebl/onenote-mcp-server/cmd/onenote-mcp-server/PageTools.go:717.17,720.4 2 0
github.com/gebl/onenote-mcp-server/cmd/onenote-mcp-server/PageTools.go:722.3,723.17 2 0
github.com/gebl/onenote-mcp-server/cmd/onenote-mcp-server/PageTools.go:723.17,726.4 2 0
github.com/gebl/onenote-mcp-server/cmd/onenote-mcp-server/PageTools.go:728.3,731.17 3 0
github.com/gebl/onenote-mcp-server/cmd/onenote-mcp-server/PageTools.go:731.17,734.4 2 0
github.com/gebl/onenote-mcp-server/cmd/onenote-mcp-server/PageTools.go:737.3,741.17 4 0
github.com/gebl/onenote-mcp-server/cmd/onenote-mcp-server/PageTools.go:741.17,744.4 2 0
github.com/gebl/onenote-mcp-server/cmd/onenote-mcp-server/PageTools.go:746.3,748.55 3 0
github.com/gebl/onenote-mcp-server/cmd/onenote-mcp-server/PageTools.go:750.2,759.101 3 1
github.com/gebl/onenote-mcp-server/cmd/onenote-mcp-server/PageTools.go:759.101,764.17 4 0
github.com/gebl/onenote-mcp-server/cmd/onenote-mcp-server/PageTools.go:764.17,767.4 2 0
github.com/gebl/onenote-mcp-server/cmd/onenote-mcp-server/PageTools.go:769.3,770.17 2 0
github.com/gebl/onenote-mcp-server/cmd/onenote-mcp-server/PageTools.go:770.17,773.4 2 0
github.com/gebl/onenote-mcp-server/cmd/onenote-mcp-server/PageTools.go:775.3,778.17 3 0
github.com/gebl/onenote-mcp-server/cmd/onenote-mcp-server/PageTools.go:778.17,781.4 2 0
github.com/gebl/onenote-mcp-server/cmd/onenote-mcp-server/PageTools.go:785.3,789.17 4 0
github.com/gebl/onenote-mcp-server/cmd/onenote-mcp-server/PageTools.go:789.17,792.4 2 0
github.com/gebl/onenote-mcp-server/cmd/onenote-mcp-server/PageTools.go:794.3,796.55 3 0
github.com/gebl/onenote-mcp-server/cmd/onenote-mcp-server/PageTools.go:798.2,806.102 3 1
github.com/gebl/onenote-mcp-server/cmd/onenote-mcp-server/PageTools.go:806.102,816.69 5 0
github.com/gebl/onenote-mcp-server/cmd/onenote-mcp-server/PageTools.go:816.69,823.36 3 0
github.com/gebl/onenote-mcp-server/cmd/onenote-mcp-server/PageTools.go:824.16,826.101 2 0
github.com/gebl/onenote-mcp-server/cmd/onenote-mcp-server/PageTools.go:827.13,829.123 2 0
github.com/gebl/onenote-mcp-server/cmd/onenote-mcp-server/PageTools.go:830.15,832.125 2 0
github.com/gebl/onenote-mcp-server/cmd/onenote-mcp-server/PageTools.go:833.17,835.39 1 0
github.com/gebl/onenote-mcp-server/cmd/onenote-mcp-server/PageTools.go:835.39,838.6 2 0
github.com/gebl/onenote-mcp-server/cmd/onenote-mcp-server/PageTools.go:838.11,841.6 2 0
github.com/gebl/onenote-mcp-server/cmd/onenote-mcp-server/PageTools.go:842.12,844.45 2 0
github.com/gebl/onenote-mcp-server/cmd/onenote-mcp-server/PageTools.go:846.9,848.4 1 0
github.com/gebl/onenote-mcp-server/cmd/onenote-mcp-server/PageTools.go:850.3,851.17 2 0
github.com/gebl/onenote-mcp-server/cmd/onenote-mcp-server/PageTools.go:851.17,854.4 2 0
github.com/gebl/onenote-mcp-server/cmd/onenote-mcp-server/PageTools.go:857.3,857.27 1 0
github.com/gebl/onenote-mcp-server/cmd/onenote-mcp-server/PageTools.go:857.27,860.4 2 0
github.com/gebl/onenote-mcp-server/cmd/onenote-mcp-server/PageTools.go:862.3,862.35 1 0
github.com/gebl/onenote-mcp-server/cmd/onenote-mcp-server/PageTools.go:862.35,865.4 2 0
github.com/gebl/onenote-mcp-server/cmd/onenote-mcp-server/PageTools.go:868.3,869.31 2 0
github.com/gebl/onenote-mcp-server/cmd/onenote-mcp-server/PageTools.go:869.31,872.4 2 0
github.com/gebl/onenote-mcp-server/cmd/onenote-mcp-server/PageTools.go:874.3,874.31 1 0
github.com/gebl/onenote-mcp-server/cmd/onenote-mcp-server/PageTools.go:874.31,877.4 2 0
github.com/gebl/onenote-mcp-server/cmd/onenote-mcp-server/PageTools.go:879.3,893.17 5 0
github.com/gebl/onenote-mcp-server/cmd/onenote-mcp-server/PageTools.go:893.17,896.4 2 0
github.com/gebl/onenote-mcp-server/cmd/onenote-mcp-server/PageTools.go:899.3,899.16 1 0
github.com/gebl/onenote-mcp-server/cmd/onenote-mcp-server/PageTools.go:899.16,901.4 1 0
github.com/gebl/onenote-mcp-server/cmd/onenote-mcp-server/PageTools.go:901.9,903.4 1 0
github.com/gebl/onenote-mcp-server/cmd/onenote-mcp-server/PageTools.go:906.3,908.10 3 0
github.com/gebl/onenote-mcp-server/cmd/onenote-mcp-server/PageTools.go:908.10,911.4 2 0
github.com/gebl/onenote-mcp-server/cmd/onenote-mcp-server/PageTools.go:914.3,915.17 2 0
github.com/gebl/onenote-mcp-server/cmd/onenote-mcp-server/PageTools.go:915.17,918.4 2 0
github.com/gebl/onenote-mcp-server/cmd/onenote-mcp-server/PageTools.go:921.3,921.20 1 0
github.com/gebl/onenote-mcp-server/cmd/onenote-mcp-server/PageTools.go:921.20,923.4 1 0
github.com/gebl/onenote-mcp-server/cmd/onenote-mcp-server/PageTools.go:923.9,925.4 1 0
github.com/gebl/onenote-mcp-server/cmd/onenote-mcp-server/PageTools.go:928.3,953.10 9 0
github.com/gebl/onenote-mcp-server/cmd/onenote-mcp-server/PageTools.go:953.10,956.4 2 0
github.com/gebl/onenote-mcp-server/cmd/onenote-mcp-server/PageTools.go:958.3,959.17 2 0
github.com/gebl/onenote-mcp-server/cmd/onenote-mcp-server/PageTools.go:959.17,962.4 2 0
github.com/gebl/onenote-mcp-server/cmd/onenote-mcp-server/PageTools.go:965.3,991.17 9 0
github.com/gebl/onenote-mcp-server/cmd/onenote-mcp-server/PageTools.go:991.17,994.4 2 0
github.com/gebl/onenote-mcp-server/cmd/onenote-mcp-server/PageTools.go:997.3,999.55 2 0
github.com/gebl/onenote-mcp-server/cmd/onenote-mcp-server/PageTools.go:1001.2,1043.65 2 1
github.com/gebl/onenote-mcp-server/cmd/onenote-mcp-server/PageTools.go:1050.279,1054.92 2 0
github.com/gebl/onenote-mcp-server/cmd/onenote-mcp-server/PageTools.go:1054.92,1060.25 2 0
github.com/gebl/onenote-mcp-server/cmd/onenote-mcp-server/PageTools.go:1060.25,1066.4 3 0
github.com/gebl/onenote-mcp-server/cmd/onenote-mcp-server/PageTools.go:1066.9,1070.4 2 0
github.com/gebl/onenote-mcp-server/cmd/onenote-mcp-server/PageTools.go:1073.2,1077.64 3 0
github.com/gebl/onenote-mcp-server/cmd/onenote-mcp-server/PageTools.go:1077.64,1080.3 2 0
github.com/gebl/onenote-mcp-server/cmd/onenote-mcp-server/PageTools.go:1083.2,1084.16 2 0
github.com/gebl/onenote-mcp-server/cmd/onenote-mcp-server/PageTools.go:1084.16,1086.3 1 0
github.com/gebl/onenote-mcp-server/cmd/onenote-mcp-server/PageTools.go:1088.2,1094.35 4 0
github.com/gebl/onenote-mcp-server/cmd/onenote-mcp-server/PageTools.go:1094.35,1096.10 2 0
github.com/gebl/onenote-mcp-server/cmd/onenote-mcp-server/PageTools.go:1096.10,1098.12 2 0
github.com/gebl/onenote-mcp-server/cmd/onenote-mcp-server/PageTools.go:1101.3,1102.10 2 0
github.com/gebl/onenote-mcp-server/cmd/onenote-mcp-server/PageTools.go:1102.10,1104.4 1 0
github.com/gebl/onenote-mcp-server/cmd/onenote-mcp-server/PageTools.go:1107.3,1120.45 6 0
github.com/gebl/onenote-mcp-server/cmd/onenote-mcp-server/PageTools.go:1120.45,1122.14 2 0
github.com/gebl/onenote-mcp-server/cmd/onenote-mcp-server/PageTools.go:1122.14,1130.5 4 0
github.com/gebl/onenote-mcp-server/cmd/onenote-mcp-server/PageTools.go:1133.3,1133.17 1 0
github.com/gebl/onenote-mcp-server/cmd/onenote-mcp-server/PageTools.go:1133.17,1140.63 2 0
github.com/gebl/onenote-mcp-server/cmd/onenote-mcp-server/PageTools.go:1140.63,1143.44 2 0
github.com/gebl/onenote-mcp-server/cmd/onenote-mcp-server/PageTools.go:1143.44,1145.6 1 0
github.com/gebl/onenote-mcp-server/cmd/onenote-mcp-server/PageTools.go:1146.5,1146.128 1 0
github.com/gebl/onenote-mcp-server/cmd/onenote-mcp-server/PageTools.go:1149.4,1150.18 2 0
github.com/gebl/onenote-mcp-server/cmd/onenote-mcp-server/PageTools.go:1150.18,1155.13 2 0
github.com/gebl/onenote-mcp-server/cmd/onenote-mcp-server/PageTools.go:1157.4,1163.31 3 0
github.com/gebl/onenote-mcp-server/cmd/onenote-mcp-server/PageTools.go:1167.3,1168.30 2 0
github.com/gebl/onenote-mcp-server/cmd/onenote-mcp-server/PageTools.go:1168.30,1169.51 1 0
github.com/gebl/onenote-mcp-server/cmd/onenote-mcp-server/PageTools.go:1169.51,1171.5 1 0
github.com/gebl/onenote-mcp-server/cmd/onenote-mcp-server/PageTools.go:1171.10,1173.5 1 0
github.com/gebl/onenote-mcp-server/cmd/onenote-mcp-server/PageTools.go:1176.3,1184.30 2 0
github.com/gebl/onenote-mcp-server/cmd/onenote-mcp-server/PageTools.go:1184.30,1186.11 2 0
github.com/gebl/onenote-mcp-server/cmd/onenote-mcp-server/PageTools.go:1186.11,1190.13 2 0
github.com/gebl/onenote-mcp-server/cmd/onenote-mcp-server/PageTools.go:1193.4,1202.29 2 0
github.com/gebl/onenote-mcp-server/cmd/onenote-mcp-server/PageTools.go:1202.29,1204.12 2 0
github.com/gebl/onenote-mcp-server/cmd/onenote-mcp-server/PageTools.go:1204.12,1208.14 2 0
github.com/gebl/onenote-mcp-server/cmd/onenote-mcp-server/PageTools.go:1212.5,1232.39 6 0
github.com/gebl/onenote-mcp-server/cmd/onenote-mcp-server/PageTools.go:1236.3,1240.28 1 0
github.com/gebl/onenote-mcp-server/cmd/onenote-mcp-server/PageTools.go:1244.2,1254.80 4 0
github.com/gebl/onenote-mcp-server/cmd/onenote-mcp-server/PageTools.go:1260.169,1264.90 2 0
github.com/gebl/onenote-mcp-server/cmd/onenote-mcp-server/PageTools.go:1264.90,1273.3 3 0
github.com/gebl/onenote-mcp-server/cmd/onenote-mcp-server/PageTools.go:1275.2,1279.16 3 0
github.com/gebl/onenote-mcp-server/cmd/onenote-mcp-server/PageTools.go:1279.16,1282.3 2 0
github.com/gebl/onenote-mcp-server/cmd/onenote-mcp-server/PageTools.go:1285.2,1294.29 4 0
github.com/gebl/onenote-mcp-server/cmd/onenote-mcp-server/PageTools.go:1302.166,1305.12 2 0
github.com/gebl/onenote-mcp-server/cmd/onenote-mcp-server/PageTools.go:1305.12,1307.3 1 0
github.com/gebl/onenote-mcp-server/cmd/onenote-mcp-server/PageTools.go:1309.2,1317.25 3 0
github.com/gebl/onenote-mcp-server/cmd/onenote-mcp-server/PageTools.go:1317.25,1319.3 1 0
github.com/gebl/onenote-mcp-server/cmd/onenote-mcp-server/PageTools.go:1322.2,1325.25 3 0
github.com/gebl/onenote-mcp-server/cmd/onenote-mcp-server/PageTools.go:1325.25,1327.3 1 0
github.com/gebl/onenote-mcp-server/cmd/onenote-mcp-server/PageTools.go:1330.2,1331.16 2 0
github.com/gebl/onenote-mcp-server/cmd/onenote-mcp-server/PageTools.go:1331.16,1334.3 2 0
github.com/gebl/onenote-mcp-server/cmd/onenote-mcp-server/PageTools.go:1336.2,1336.25 1 0
github.com/gebl/onenote-mcp-server/cmd/onenote-mcp-server/PageTools.go:1336.25,1338.3 1 0
github.com/gebl/onenote-mcp-server/cmd/onenote-mcp-server/PageTools.go:1341.2,1345.25 2 0
github.com/gebl/onenote-mcp-server/cmd/onenote-mcp-server/PageTools.go:1345.25,1347.3 1 0
github.com/gebl/onenote-mcp-server/cmd/onenote-mcp-server/PageTools.go:1350.2,1352.25 2 0
github.com/gebl/onenote-mcp-server/cmd/onenote-mcp-server/PageTools.go:1352.25,1354.3 1 0
github.com/gebl/onenote-mcp-server/cmd/onenote-mcp-server/PageTools.go:1356.2,1357.12 2 0
github.com/gebl/onenote-mcp-server/cmd/onenote-mcp-server/SectionResources.go:49.99,63.133 4 0
github.com/gebl/onenote-mcp-server/cmd/onenote-mcp-server/SectionResources.go:63.133,71.25 3 0
github.com/gebl/onenote-mcp-server/cmd/onenote-mcp-server/SectionResources.go:71.25,76.4 2 0
github.com/gebl/onenote-mcp-server/cmd/onenote-mcp-server/SectionResources.go:78.3,84.17 3 0
github.com/gebl/onenote-mcp-server/cmd/onenote-mcp-server/SectionResources.go:84.17,89.4 2 0
github.com/gebl/onenote-mcp-server/cmd/onenote-mcp-server/SectionResources.go:91.3,103.9 3 0
github.com/gebl/onenote-mcp-server/cmd/onenote-mcp-server/SectionResources.go:105.2,119.131 4 0
github.com/gebl/onenote-mcp-server/cmd/onenote-mcp-server/SectionResources.go:119.131,127.17 3 0
github.com/gebl/onenote-mcp-server/cmd/onenote-mcp-server/SectionResources.go:127.17,131.4 2 0
github.com/gebl/onenote-mcp-server/cmd/onenote-mcp-server/SectionResources.go:133.3,144.9 3 0
github.com/gebl/onenote-mcp-server/cmd/onenote-mcp-server/SectionResources.go:146.2,152.25 2 0
github.com/gebl/onenote-mcp-server/cmd/onenote-mcp-server/SectionResources.go:158.60,161.100 2 0
github.com/gebl/onenote-mcp-server/cmd/onenote-mcp-server/SectionResources.go:161.100,164.17 2 0
github.com/gebl/onenote-mcp-server/cmd/onenote-mcp-server/SectionResources.go:164.17,170.4 2 0
github.com/gebl/onenote-mcp-server/cmd/onenote-mcp-server/SectionResources.go:171.3,175.21 2 0
github.com/gebl/onenote-mcp-server/cmd/onenote-mcp-server/SectionResources.go:177.2,177.11 1 0
github.com/gebl/onenote-mcp-server/cmd/onenote-mcp-server/SectionResources.go:183.52,185.19 2 0
github.com/gebl/onenote-mcp-server/cmd/onenote-mcp-server/SectionResources.go:185.19,187.3 1 0
github.com/gebl/onenote-mcp-server/cmd/onenote-mcp-server/SectionResources.go:188.2,188.13 1 0
github.com/gebl/onenote-mcp-server/cmd/onenote-mcp-server/SectionResources.go:193.163,204.16 6 0
github.com/gebl/onenote-mcp-server/cmd/onenote-mcp-server/SectionResources.go:204.16,209.3 2 0
github.com/gebl/onenote-mcp-server/cmd/onenote-mcp-server/SectionResources.go:211.2,212.13 2 0
github.com/gebl/onenote-mcp-server/cmd/onenote-mcp-server/SectionResources.go:212.13,217.3 2 0
github.com/gebl/onenote-mcp-server/cmd/onenote-mcp-server/SectionResources.go:219.2,238.16 7 0
github.com/gebl/onenote-mcp-server/cmd/onenote-mcp-server/SectionResources.go:238.16,244.3 2 0
github.com/gebl/onenote-mcp-server/cmd/onenote-mcp-server/SectionResources.go:247.2,248.61 2 0
github.com/gebl/onenote-mcp-server/cmd/onenote-mcp-server/SectionResources.go:248.61,250.3 1 0
github.com/gebl/onenote-mcp-server/cmd/onenote-mcp-server/SectionResources.go:250.8,252.3 1 0
github.com/gebl/onenote-mcp-server/cmd/onenote-mcp-server/SectionResources.go:255.2,255.73 1 0
github.com/gebl/onenote-mcp-server/cmd/onenote-mcp-server/SectionResources.go:255.73,262.37 3 0
github.com/gebl/onenote-mcp-server/cmd/onenote-mcp-server/SectionResources.go:262.37,269.4 2 0
github.com/gebl/onenote-mcp-server/cmd/onenote-mcp-server/SectionResources.go:272.3,276.52 3 0
github.com/gebl/onenote-mcp-server/cmd/onenote-mcp-server/SectionResources.go:276.52,277.46 1 0
github.com/gebl/onenote-mcp-server/cmd/onenote-mcp-server/SectionResources.go:277.46,278.58 1 0
github.com/gebl/onenote-mcp-server/cmd/onenote-mcp-server/SectionResources.go:278.58,280.11 2 0
github.com/gebl/onenote-mcp-server/cmd/onenote-mcp-server/SectionResources.go:285.3,289.56 2 0
github.com/gebl/onenote-mcp-server/cmd/onenote-mcp-server/SectionResources.go:293.2,303.16 3 0
github.com/gebl/onenote-mcp-server/cmd/onenote-mcp-server/SectionResources.go:303.16,308.3 2 0
github.com/gebl/onenote-mcp-server/cmd/onenote-mcp-server/SectionResources.go:310.2,315.22 2 0
github.com/gebl/onenote-mcp-server/cmd/onenote-mcp-server/SectionResources.go:320.137,329.14 4 0
github.com/gebl/onenote-mcp-server/cmd/onenote-mcp-server/SectionResources.go:329.14,331.3 1 0
github.com/gebl/onenote-mcp-server/cmd/onenote-mcp-server/SectionResources.go:334.2,341.14 4 0
github.com/gebl/onenote-mcp-server/cmd/onenote-mcp-server/SectionResources.go:341.14,343.3 1 0
github.com/gebl/onenote-mcp-server/cmd/onenote-mcp-server/SectionResources.go:346.2,347.16 2 0
github.com/gebl/onenote-mcp-server/cmd/onenote-mcp-server/SectionResources.go:347.16,351.3 2 0
github.com/gebl/onenote-mcp-server/cmd/onenote-mcp-server/SectionResources.go:354.2,354.14 1 0
github.com/gebl/onenote-mcp-server/cmd/onenote-mcp-server/SectionResources.go:354.14,356.3 1 0
github.com/gebl/onenote-mcp-server/cmd/onenote-mcp-server/SectionResources.go:361.2,361.73 1 0
github.com/gebl/onenote-mcp-server/cmd/onenote-mcp-server/SectionResources.go:361.73,366.40 3 0
github.com/gebl/onenote-mcp-server/cmd/onenote-mcp-server/SectionResources.go:366.40,367.62 1 0
github.com/gebl/onenote-mcp-server/cmd/onenote-mcp-server/SectionResources.go:367.62,370.95 1 0
github.com/gebl/onenote-mcp-server/cmd/onenote-mcp-server/SectionResources.go:370.95,371.64 1 0
github.com/gebl/onenote-mcp-server/cmd/onenote-mcp-server/SectionResources.go:371.64,373.7 1 0
github.com/gebl/onenote-mcp-server/cmd/onenote-mcp-server/SectionResources.go:374.11,376.118 1 0
github.com/gebl/onenote-mcp-server/cmd/onenote-mcp-server/SectionResources.go:376.118,378.7 1 0
github.com/gebl/onenote-mcp-server/cmd/onenote-mcp-server/SectionResources.go:380.10,382.117 1 0
github.com/gebl/onenote-mcp-server/cmd/onenote-mcp-server/SectionResources.go:382.117,384.6 1 0
github.com/gebl/onenote-mcp-server/cmd/onenote-mcp-server/SectionResources.go:387.3,390.56 2 0
github.com/gebl/onenote-mcp-server/cmd/onenote-mcp-server/SectionResources.go:394.2,402.14 2 0
github.com/gebl/onenote-mcp-server/cmd/onenote-mcp-server/SectionResources.go:402.14,404.3 1 0
github.com/gebl/onenote-mcp-server/cmd/onenote-mcp-server/SectionResources.go:406.2,407.16 2 0
github.com/gebl/onenote-mcp-server/cmd/onenote-mcp-server/SectionResources.go:407.16,411.3 2 0
github.com/gebl/onenote-mcp-server/cmd/onenote-mcp-server/SectionResources.go:414.2,414.14 1 0
github.com/gebl/onenote-mcp-server/cmd/onenote-mcp-server/SectionResources.go:414.14,416.3 1 0
github.com/gebl/onenote-mcp-server/cmd/onenote-mcp-server/SectionResources.go:418.2,421.22 2 0
github.com/gebl/onenote-mcp-server/cmd/onenote-mcp-server/TestTools.go:20.174,26.105 2 1
github.com/gebl/onenote-mcp-server/cmd/onenote-mcp-server/TestTools.go:26.105,30.23 3 0
github.com/gebl/onenote-mcp-server/cmd/onenote-mcp-server/TestTools.go:30.23,33.4 2 0
github.com/gebl/onenote-mcp-server/cmd/onenote-mcp-server/TestTools.go:36.3,37.69 2 0
github.com/gebl/onenote-mcp-server/cmd/onenote-mcp-server/TestTools.go:37.69,39.4 1 0
github.com/gebl/onenote-mcp-server/cmd/onenote-mcp-server/TestTools.go:39.9,42.4 1 0
github.com/gebl/onenote-mcp-server/cmd/onenote-mcp-server/TestTools.go:44.3,55.17 5 0
github.com/gebl/onenote-mcp-server/cmd/onenote-mcp-server/TestTools.go:55.17,57.4 1 0
github.com/gebl/onenote-mcp-server/cmd/onenote-mcp-server/TestTools.go:59.3,62.28 2 0
github.com/gebl/onenote-mcp-server/cmd/onenote-mcp-server/TestTools.go:62.28,73.18 5 0
github.com/gebl/onenote-mcp-server/cmd/onenote-mcp-server/TestTools.go:73.18,75.5 1 0
github.com/gebl/onenote-mcp-server/cmd/onenote-mcp-server/TestTools.go:77.4,77.102 1 0
github.com/gebl/onenote-mcp-server/cmd/onenote-mcp-server/TestTools.go:80.3,82.76 2 0
github.com/gebl/onenote-mcp-server/cmd/onenote-mcp-server/TestTools.go:84.2,86.65 2 1
github.com/gebl/onenote-mcp-server/cmd/onenote-mcp-server/main.go:117.40,128.2 1 0
github.com/gebl/onenote-mcp-server/cmd/onenote-mcp-server/main.go:131.91,141.2 5 0
github.com/gebl/onenote-mcp-server/cmd/onenote-mcp-server/main.go:144.72,149.2 3 0
github.com/gebl/onenote-mcp-server/cmd/onenote-mcp-server/main.go:152.71,176.43 13 0
github.com/gebl/onenote-mcp-server/cmd/onenote-mcp-server/main.go:176.43,178.3 1 0
github.com/gebl/onenote-mcp-server/cmd/onenote-mcp-server/main.go:179.2,179.54 1 0
github.com/gebl/onenote-mcp-server/cmd/onenote-mcp-server/main.go:179.54,181.3 1 0
github.com/gebl/onenote-mcp-server/cmd/onenote-mcp-server/main.go:185.71,189.15 3 0
github.com/gebl/onenote-mcp-server/cmd/onenote-mcp-server/main.go:189.15,191.3 1 0
github.com/gebl/onenote-mcp-server/cmd/onenote-mcp-server/main.go:194.2,195.32 2 0
github.com/gebl/onenote-mcp-server/cmd/onenote-mcp-server/main.go:195.32,197.3 1 0
github.com/gebl/onenote-mcp-server/cmd/onenote-mcp-server/main.go:199.2,199.27 1 0
github.com/gebl/onenote-mcp-server/cmd/onenote-mcp-server/main.go:203.57,208.2 3 0
github.com/gebl/onenote-mcp-server/cmd/onenote-mcp-server/main.go:211.58,216.2 3 0
github.com/gebl/onenote-mcp-server/cmd/onenote-mcp-server/main.go:219.74,223.24 3 0
github.com/gebl/onenote-mcp-server/cmd/onenote-mcp-server/main.go:223.24,225.3 1 0
github.com/gebl/onenote-mcp-server/cmd/onenote-mcp-server/main.go:228.2,228.61 1 0
github.com/gebl/onenote-mcp-server/cmd/onenote-mcp-server/main.go:233.134,235.56 1 0
github.com/gebl/onenote-mcp-server/cmd/onenote-mcp-server/main.go:235.56,237.3 1 0
github.com/gebl/onenote-mcp-server/cmd/onenote-mcp-server/main.go:240.2,240.22 1 0
github.com/gebl/onenote-mcp-server/cmd/onenote-mcp-server/main.go:240.22,242.3 1 0
github.com/gebl/onenote-mcp-server/cmd/onenote-mcp-server/main.go:246.2,246.50 1 0
github.com/gebl/onenote-mcp-server/cmd/onenote-mcp-server/main.go:246.50,254.3 1 0
github.com/gebl/onenote-mcp-server/cmd/onenote-mcp-server/main.go:256.2,256.18 1 0
github.com/gebl/onenote-mcp-server/cmd/onenote-mcp-server/main.go:261.177,269.56 2 0
github.com/gebl/onenote-mcp-server/cmd/onenote-mcp-server/main.go:269.56,274.3 2 0
github.com/gebl/onenote-mcp-server/cmd/onenote-mcp-server/main.go:276.2,282.9 3 0
github.com/gebl/onenote-mcp-server/cmd/onenote-mcp-server/main.go:282.9,287.3 2 0
github.com/gebl/onenote-mcp-server/cmd/onenote-mcp-server/main.go:289.2,290.22 2 0
github.com/gebl/onenote-mcp-server/cmd/onenote-mcp-server/main.go:290.22,292.3 1 0
github.com/gebl/onenote-mcp-server/cmd/onenote-mcp-server/main.go:295.2,295.50 1 0
github.com/gebl/onenote-mcp-server/cmd/onenote-mcp-server/main.go:295.50,302.17 2 0
github.com/gebl/onenote-mcp-server/cmd/onenote-mcp-server/main.go:302.17,306.4 1 0
github.com/gebl/onenote-mcp-server/cmd/onenote-mcp-server/main.go:310.2,317.50 3 0
github.com/gebl/onenote-mcp-server/cmd/onenote-mcp-server/main.go:317.50,324.17 2 0
github.com/gebl/onenote-mcp-server/cmd/onenote-mcp-server/main.go:324.17,328.4 1 0
github.com/gebl/onenote-mcp-server/cmd/onenote-mcp-server/main.go:333.2,334.16 2 0
github.com/gebl/onenote-mcp-server/cmd/onenote-mcp-server/main.go:334.16,340.51 2 0
github.com/gebl/onenote-mcp-server/cmd/onenote-mcp-server/main.go:340.51,347.18 2 0
github.com/gebl/onenote-mcp-server/cmd/onenote-mcp-server/main.go:347.18,349.5 1 0
github.com/gebl/onenote-mcp-server/cmd/onenote-mcp-server/main.go:352.3,352.19 1 0
github.com/gebl/onenote-mcp-server/cmd/onenote-mcp-server/main.go:356.2,357.67 2 0
github.com/gebl/onenote-mcp-server/cmd/onenote-mcp-server/main.go:357.67,359.3 1 0
github.com/gebl/onenote-mcp-server/cmd/onenote-mcp-server/main.go:361.2,361.23 1 0
github.com/gebl/onenote-mcp-server/cmd/onenote-mcp-server/main.go:361.23,367.51 2 0
github.com/gebl/onenote-mcp-server/cmd/onenote-mcp-server/main.go:367.51,374.18 2 0
github.com/gebl/onenote-mcp-server/cmd/onenote-mcp-server/main.go:374.18,376.5 1 0
github.com/gebl/onenote-mcp-server/cmd/onenote-mcp-server/main.go:379.3,379.19 1 0
github.com/gebl/onenote-mcp-server/cmd/onenote-mcp-server/main.go:383.2,383.50 1 0
github.com/gebl/onenote-mcp-server/cmd/onenote-mcp-server/main.go:383.50,390.17 2 0
github.com/gebl/onenote-mcp-server/cmd/onenote-mcp-server/main.go:390.17,392.4 1 0
github.com/gebl/onenote-mcp-server/cmd/onenote-mcp-server/main.go:395.2,399.26 2 0
github.com/gebl/onenote-mcp-server/cmd/onenote-mcp-server/main.go:403.116,405.59 1 0
github.com/gebl/onenote-mcp-server/cmd/onenote-mcp-server/main.go:405.59,406.60 1 0
github.com/gebl/onenote-mcp-server/cmd/onenote-mcp-server/main.go:406.60,407.46 1 0
github.com/gebl/onenote-mcp-server/cmd/onenote-mcp-server/main.go:407.46,408.69 1 0
github.com/gebl/onenote-mcp-server/cmd/onenote-mcp-server/main.go:408.69,410.97 1 0
github.com/gebl/onenote-mcp-server/cmd/onenote-mcp-server/main.go:410.97,411.81 1 0
[...]
github.com/gebl/onenote-mcp-server/internal/graph/http.go:50.16,53.3 2 1
github.com/gebl/onenote-mcp-server/internal/graph/http.go:56.2,56.34 1 1
github.com/gebl/onenote-mcp-server/internal/graph/http.go:56.34,58.3 1 0
github.com/gebl/onenote-mcp-server/internal/graph/http.go:60.2,65.16 4 1
github.com/gebl/onenote-mcp-server/internal/graph/http.go:65.16,68.3 2 0
github.com/gebl/onenote-mcp-server/internal/graph/http.go:70.2,71.18 2 1
github.com/gebl/onenote-mcp-server/internal/graph/http.go:75.82,76.80 1 1
github.com/gebl/onenote-mcp-server/internal/graph/http.go:76.80,80.3 3 1
github.com/gebl/onenote-mcp-server/internal/graph/http.go:81.2,81.12 1 1
github.com/gebl/onenote-mcp-server/internal/graph/http.go:85.90,87.16 2 1
github.com/gebl/onenote-mcp-server/internal/graph/http.go:87.16,90.3 2 1
github.com/gebl/onenote-mcp-server/internal/graph/http.go:91.2,92.21 2 1
github.com/gebl/onenote-mcp-server/internal/graph/http.go:96.73,99.43 2 1
github.com/gebl/onenote-mcp-server/internal/graph/http.go:99.43,102.3 2 1
github.com/gebl/onenote-mcp-server/internal/graph/http.go:102.8,104.3 1 1
github.com/gebl/onenote-mcp-server/internal/graph/http.go:106.2,106.20 1 1
github.com/gebl/onenote-mcp-server/internal/graph/utils.go:37.71,38.14 1 1
github.com/gebl/onenote-mcp-server/internal/graph/utils.go:38.14,41.3 2 1
github.com/gebl/onenote-mcp-server/internal/graph/utils.go:44.2,48.35 3 1
github.com/gebl/onenote-mcp-server/internal/graph/utils.go:48.35,49.48 1 1
github.com/gebl/onenote-mcp-server/internal/graph/utils.go:49.48,52.4 2 1
github.com/gebl/onenote-mcp-server/internal/graph/utils.go:56.2,56.28 1 1
github.com/gebl/onenote-mcp-server/internal/graph/utils.go:56.28,59.3 2 1
github.com/gebl/onenote-mcp-server/internal/graph/utils.go:61.2,62.25 2 1
github.com/gebl/onenote-mcp-server/internal/graph/utils.go:66.74,68.46 2 1
github.com/gebl/onenote-mcp-server/internal/graph/utils.go:68.46,70.22 1 1
github.com/gebl/onenote-mcp-server/internal/graph/utils.go:71.21,72.34 1 1
github.com/gebl/onenote-mcp-server/internal/graph/utils.go:73.20,74.34 1 1
github.com/gebl/onenote-mcp-server/internal/graph/utils.go:75.20,76.34 1 1
github.com/gebl/onenote-mcp-server/internal/graph/utils.go:77.21,78.35 1 1
github.com/gebl/onenote-mcp-server/internal/graph/utils.go:79.11,80.34 1 1
github.com/gebl/onenote-mcp-server/internal/graph/utils.go:82.8,84.3 1 1
github.com/gebl/onenote-mcp-server/internal/graph/utils.go:86.2,87.17 2 1
github.com/gebl/onenote-mcp-server/internal/graph/utils.go:93.90,98.16 3 1
github.com/gebl/onenote-mcp-server/internal/graph/utils.go:98.16,100.3 1 1
github.com/gebl/onenote-mcp-server/internal/graph/utils.go:103.2,114.16 4 1
github.com/gebl/onenote-mcp-server/internal/graph/utils.go:114.16,117.3 2 1
github.com/gebl/onenote-mcp-server/internal/graph/utils.go:119.2,123.57 3 0
github.com/gebl/onenote-mcp-server/internal/graph/utils.go:123.57,126.3 2 0
github.com/gebl/onenote-mcp-server/internal/graph/utils.go:128.2,129.20 2 0
github.com/gebl/onenote-mcp-server/internal/utils/image.go:43.110,45.47 1 1
github.com/gebl/onenote-mcp-server/internal/utils/image.go:45.47,47.3 1 1
github.com/gebl/onenote-mcp-server/internal/utils/image.go:50.2,51.16 2 1
github.com/gebl/onenote-mcp-server/internal/utils/image.go:51.16,54.3 2 1
github.com/gebl/onenote-mcp-server/internal/utils/image.go:56.2,61.46 4 1
github.com/gebl/onenote-mcp-server/internal/utils/image.go:61.46,64.3 2 1
github.com/gebl/onenote-mcp-server/internal/utils/image.go:66.2,72.21 5 1
github.com/gebl/onenote-mcp-server/internal/utils/image.go:72.21,74.3 1 1
github.com/gebl/onenote-mcp-server/internal/utils/image.go:76.2,87.21 6 1
github.com/gebl/onenote-mcp-server/internal/utils/image.go:88.33,89.65 1 1
github.com/gebl/onenote-mcp-server/internal/utils/image.go:90.19,91.36 1 1
github.com/gebl/onenote-mcp-server/internal/utils/image.go:92.19,93.41 1 1
github.com/gebl/onenote-mcp-server/internal/utils/image.go:94.10,96.31 2 0
github.com/gebl/onenote-mcp-server/internal/utils/image.go:99.2,99.16 1 1
github.com/gebl/onenote-mcp-server/internal/utils/image.go:99.16,102.3 2 0
github.com/gebl/onenote-mcp-server/internal/utils/image.go:104.2,110.30 3 1
github.com/gebl/onenote-mcp-server/internal/utils/image.go:114.41,116.2 1 1
github.com/gebl/onenote-mcp-server/internal/utils/progress.go:26.100,32.2 1 1
github.com/gebl/onenote-mcp-server/internal/utils/progress.go:35.59,37.68 1 1
github.com/gebl/onenote-mcp-server/internal/utils/progress.go:37.68,38.62 1 1
github.com/gebl/onenote-mcp-server/internal/utils/progress.go:38.62,40.4 1 1
github.com/gebl/onenote-mcp-server/internal/utils/progress.go:42.3,42.58 1 1
github.com/gebl/onenote-mcp-server/internal/utils/progress.go:44.2,44.11 1 1
github.com/gebl/onenote-mcp-server/internal/utils/progress.go:48.83,50.2 1 1
github.com/gebl/onenote-mcp-server/internal/utils/progress.go:53.57,55.2 1 1
github.com/gebl/onenote-mcp-server/internal/utils/progress.go:58.44,60.2 1 1
github.com/gebl/onenote-mcp-server/internal/utils/progress.go:63.136,64.25 1 1
github.com/gebl/onenote-mcp-server/internal/utils/progress.go:64.25,70.3 2 1
github.com/gebl/onenote-mcp-server/internal/utils/progress.go:73.2,83.14 3 1
github.com/gebl/onenote-mcp-server/internal/utils/progress.go:83.14,89.3 2 1
github.com/gebl/onenote-mcp-server/internal/utils/progress.go:91.2,98.16 2 1
github.com/gebl/onenote-mcp-server/internal/utils/progress.go:98.16,106.3 1 1
github.com/gebl/onenote-mcp-server/internal/utils/progress.go:106.8,113.3 1 0
github.com/gebl/onenote-mcp-server/internal/utils/progress.go:117.106,118.25 1 1
github.com/gebl/onenote-mcp-server/internal/utils/progress.go:118.25,122.3 2 1
github.com/gebl/onenote-mcp-server/internal/utils/progress.go:124.2,129.14 2 1
github.com/gebl/onenote-mcp-server/internal/utils/progress.go:129.14,134.3 2 1
github.com/gebl/onenote-mcp-server/internal/utils/progress.go:136.2,141.16 2 1
github.com/gebl/onenote-mcp-server/internal/utils/progress.go:141.16,146.3 1 1
github.com/gebl/onenote-mcp-server/internal/utils/progress.go:146.8,150.3 1 0
github.com/gebl/onenote-mcp-server/internal/utils/progress.go:163.74,167.60 3 1
github.com/gebl/onenote-mcp-server/internal/utils/progress.go:167.60,168.49 1 1
github.com/gebl/onenote-mcp-server/internal/utils/progress.go:168.49,170.4 1 1
github.com/gebl/onenote-mcp-server/internal/utils/progress.go:173.2,173.62 1 1
github.com/gebl/onenote-mcp-server/internal/utils/progress.go:173.62,174.41 1 1
github.com/gebl/onenote-mcp-server/internal/utils/progress.go:174.41,176.4 1 1
github.com/gebl/onenote-mcp-server/internal/utils/progress.go:179.2,179.33 1 1
github.com/gebl/onenote-mcp-server/internal/utils/progress.go:184.85,187.45 2 1
github.com/gebl/onenote-mcp-server/internal/utils/progress.go:187.45,189.3 1 1
github.com/gebl/onenote-mcp-server/internal/utils/progress.go:189.8,191.20 1 1
github.com/gebl/onenote-mcp-server/internal/utils/progress.go:191.20,197.4 1 1
github.com/gebl/onenote-mcp-server/internal/utils/tool_helpers.go:35.80,37.2 1 0
github.com/gebl/onenote-mcp-server/internal/utils/tool_helpers.go:40.106,43.2 2 0
github.com/gebl/onenote-mcp-server/internal/utils/tool_helpers.go:46.92,48.16 2 0
github.com/gebl/onenote-mcp-server/internal/utils/tool_helpers.go:48.16,51.3 2 0
github.com/gebl/onenote-mcp-server/internal/utils/tool_helpers.go:52.2,52.49 1 0
github.com/gebl/onenote-mcp-server/internal/utils/tool_helpers.go:56.125,58.16 2 0
github.com/gebl/onenote-mcp-server/internal/utils/tool_helpers.go:58.16,62.3 2 0
github.com/gebl/onenote-mcp-server/internal/utils/tool_helpers.go:63.2,63.49 1 0
github.com/gebl/onenote-mcp-server/internal/utils/tool_helpers.go:76.50,83.2 3 0
github.com/gebl/onenote-mcp-server/internal/utils/tool_helpers.go:86.71,90.2 3 0
github.com/gebl/onenote-mcp-server/internal/utils/tool_helpers.go:93.76,97.2 3 0
github.com/gebl/onenote-mcp-server/internal/utils/tool_helpers.go:100.62,105.2 4 0
github.com/gebl/onenote-mcp-server/internal/utils/tool_helpers.go:114.57,116.2 1 0
github.com/gebl/onenote-mcp-server/internal/utils/tool_helpers.go:119.39,120.66 1 0
github.com/gebl/onenote-mcp-server/internal/utils/tool_helpers.go:120.66,123.3 2 0
github.com/gebl/onenote-mcp-server/internal/utils/tool_helpers.go:124.2,124.12 1 0
github.com/gebl/onenote-mcp-server/internal/utils/tool_helpers.go:128.51,129.51 1 0
github.com/gebl/onenote-mcp-server/internal/utils/tool_helpers.go:129.51,131.3 1 0
github.com/gebl/onenote-mcp-server/internal/utils/tool_helpers.go:133.2,134.37 2 0
github.com/gebl/onenote-mcp-server/internal/utils/tool_helpers.go:151.16,153.2 1 0
github.com/gebl/onenote-mcp-server/internal/utils/tool_helpers.go:156.139,158.16 2 0
github.com/gebl/onenote-mcp-server/internal/utils/tool_helpers.go:158.16,160.3 1 0
github.com/gebl/onenote-mcp-server/internal/utils/tool_helpers.go:162.2,165.70 2 0
github.com/gebl/onenote-mcp-server/internal/utils/tool_helpers.go:165.70,168.3 2 0
github.com/gebl/onenote-mcp-server/internal/utils/tool_helpers.go:170.2,170.22 1 0
github.com/gebl/onenote-mcp-server/internal/utils/tool_helpers.go:174.143,176.16 2 0
github.com/gebl/onenote-mcp-server/internal/utils/tool_helpers.go:176.16,178.3 1 0
github.com/gebl/onenote-mcp-server/internal/utils/tool_helpers.go:180.2,180.27 1 0
github.com/gebl/onenote-mcp-server/internal/utils/tool_helpers.go:190.97,192.2 1 0
github.com/gebl/onenote-mcp-server/internal/utils/tool_helpers.go:195.84,197.16 2 0
github.com/gebl/onenote-mcp-server/internal/utils/tool_helpers.go:197.16,200.3 2 0
github.com/gebl/onenote-mcp-server/internal/utils/tool_helpers.go:202.2,202.17 1 0
github.com/gebl/onenote-mcp-server/internal/utils/tool_helpers.go:202.17,205.3 2 0
github.com/gebl/onenote-mcp-server/internal/utils/tool_helpers.go:207.2,208.19 2 0
github.com/gebl/onenote-mcp-server/internal/utils/tool_helpers.go:212.95,214.16 2 0
github.com/gebl/onenote-mcp-server/internal/utils/tool_helpers.go:214.16,217.3 2 0
github.com/gebl/onenote-mcp-server/internal/utils/tool_helpers.go:219.2,219.17 1 0
github.com/gebl/onenote-mcp-server/internal/utils/tool_helpers.go:219.17,222.3 2 0
github.com/gebl/onenote-mcp-server/internal/utils/tool_helpers.go:224.2,225.19 2 0
github.com/gebl/onenote-mcp-server/internal/utils/tool_helpers.go:235.87,238.2 2 0
github.com/gebl/onenote-mcp-server/internal/utils/tool_helpers.go:241.52,243.2 1 0
github.com/gebl/onenote-mcp-server/internal/utils/tool_helpers.go:246.118,247.40 1 0
github.com/gebl/onenote-mcp-server/internal/utils/tool_helpers.go:247.40,248.49 1 0
github.com/gebl/onenote-mcp-server/internal/utils/tool_helpers.go:248.49,251.4 2 0
github.com/gebl/onenote-mcp-server/internal/utils/tool_helpers.go:256.100,257.40 1 0
github.com/gebl/onenote-mcp-server/internal/utils/tool_helpers.go:257.40,258.49 1 0
github.com/gebl/onenote-mcp-server/internal/utils/tool_helpers.go:258.49,261.4 2 0
github.com/gebl/onenote-mcp-server/internal/utils/validation.go:46.52,48.36 2 1
github.com/gebl/onenote-mcp-server/internal/utils/validation.go:48.36,49.42 1 1
github.com/gebl/onenote-mcp-server/internal/utils/validation.go:49.42,52.4 2 1
github.com/gebl/onenote-mcp-server/internal/utils/validation.go:54.2,54.12 1 1
github.com/gebl/onenote-mcp-server/internal/utils/validation.go:58.56,74.62 2 1
github.com/gebl/onenote-mcp-server/internal/utils/validation.go:74.62,76.3 1 1
github.com/gebl/onenote-mcp-server/internal/utils/validation.go:77.2,77.13 1 1
github.com/gebl/onenote-mcp-server/internal/utils/validation.go:81.52,97.62 2 1
github.com/gebl/onenote-mcp-server/internal/utils/validation.go:97.62,99.3 1 1
github.com/gebl/onenote-mcp-server/internal/utils/validation.go:100.2,100.12 1 1
github.com/gebl/onenote-mcp-server/internal/utils/validation.go:113.37,114.11 1 1
github.com/gebl/onenote-mcp-server/internal/utils/validation.go:115.19,116.17 1 1
github.com/gebl/onenote-mcp-server/internal/utils/validation.go:117.22,118.20 1 1
github.com/gebl/onenote-mcp-server/internal/utils/validation.go:119.18,120.16 1 1
github.com/gebl/onenote-mcp-server/internal/utils/validation.go:121.10,122.19 1 0
github.com/gebl/onenote-mcp-server/internal/utils/validation.go:127.50,137.19 5 1
github.com/gebl/onenote-mcp-server/internal/utils/validation.go:137.19,140.3 2 1
github.com/gebl/onenote-mcp-server/internal/utils/validation.go:143.2,144.26 2 1
github.com/gebl/onenote-mcp-server/internal/utils/validation.go:144.26,147.3 2 1
github.com/gebl/onenote-mcp-server/internal/utils/validation.go:150.2,151.32 2 1
github.com/gebl/onenote-mcp-server/internal/utils/validation.go:151.32,154.3 2 1
github.com/gebl/onenote-mcp-server/internal/utils/validation.go:157.2,158.20 2 1
github.com/gebl/onenote-mcp-server/internal/utils/validation.go:162.39,176.2 5 1
github.com/gebl/onenote-mcp-server/internal/utils/validation.go:179.45,185.40 2 1
github.com/gebl/onenote-mcp-server/internal/utils/validation.go:185.40,188.3 2 1
github.com/gebl/onenote-mcp-server/internal/utils/validation.go:191.2,208.79 6 1
github.com/gebl/onenote-mcp-server/internal/utils/validation.go:208.79,209.15 1 1
github.com/gebl/onenote-mcp-server/internal/utils/validation.go:209.15,210.20 1 1
github.com/gebl/onenote-mcp-server/internal/utils/validation.go:211.25,213.53 2 0
github.com/gebl/onenote-mcp-server/internal/utils/validation.go:214.22,216.50 2 0
github.com/gebl/onenote-mcp-server/internal/utils/validation.go:217.26,219.54 2 0
github.com/gebl/onenote-mcp-server/internal/utils/validation.go:220.22,222.50 2 0
github.com/gebl/onenote-mcp-server/internal/utils/validation.go:223.27,225.55 2 0
github.com/gebl/onenote-mcp-server/internal/utils/validation.go:226.33,228.62 2 0
github.com/gebl/onenote-mcp-server/internal/utils/validation.go:229.28,231.56 2 0
github.com/gebl/onenote-mcp-server/internal/utils/validation.go:232.31,234.61 2 0
github.com/gebl/onenote-mcp-server/internal/utils/validation.go:237.3,237.31 1 1
github.com/gebl/onenote-mcp-server/internal/utils/validation.go:240.2,240.16 1 1
github.com/gebl/onenote-mcp-server/internal/utils/validation.go:240.16,243.3 2 0
github.com/gebl/onenote-mcp-server/internal/utils/validation.go:245.2,252.20 3 1
github.com/gebl/onenote-mcp-server/internal/utils/validation.go:256.53,276.29 3 1
github.com/gebl/onenote-mcp-server/internal/utils/validation.go:276.29,278.17 2 1
github.com/gebl/onenote-mcp-server/internal/utils/validation.go:278.17,279.12 1 0
github.com/gebl/onenote-mcp-server/internal/utils/validation.go:283.3,283.30 1 1
github.com/gebl/onenote-mcp-server/internal/utils/validation.go:283.30,284.105 1 1
github.com/gebl/onenote-mcp-server/internal/utils/validation.go:284.105,286.37 1 1
github.com/gebl/onenote-mcp-server/internal/utils/validation.go:286.37,291.6 2 1
github.com/gebl/onenote-mcp-server/internal/utils/validation.go:292.10,294.34 1 1
github.com/gebl/onenote-mcp-server/internal/utils/validation.go:294.34,299.6 2 1
github.com/gebl/onenote-mcp-server/internal/utils/validation.go:304.2,304.14 1 1
github.com/gebl/onenote-mcp-server/internal/utils/validation.go:309.57,322.16 6 1
github.com/gebl/onenote-mcp-server/internal/utils/validation.go:323.18,326.26 2 1
github.com/gebl/onenote-mcp-server/internal/utils/validation.go:327.22,330.49 2 1
github.com/gebl/onenote-mcp-server/internal/utils/validation.go:331.19,334.46 2 1
github.com/gebl/onenote-mcp-server/internal/utils/validation.go:335.10,339.23 3 0
github.com/gebl/onenote-mcp-server/internal/utils/validation.go:342.2,350.30 3 1
github.com/gebl/onenote-mcp-server/internal/utils/validation.go:354.56,383.16 6 1
github.com/gebl/onenote-mcp-server/internal/utils/validation.go:383.16,387.3 2 0
github.com/gebl/onenote-mcp-server/internal/utils/validation.go:389.2,396.19 3 1
github.com/gebl/onenote-mcp-server/internal/utils/validation.go:400.45,416.46 5 1
github.com/gebl/onenote-mcp-server/internal/utils/validation.go:416.46,420.34 4 1
github.com/gebl/onenote-mcp-server/internal/utils/validation.go:420.34,426.4 1 0
github.com/gebl/onenote-mcp-server/internal/utils/validation.go:430.2,437.29 5 1
github.com/gebl/onenote-mcp-server/internal/utils/validation.go:437.29,440.17 3 1
github.com/gebl/onenote-mcp-server/internal/utils/validation.go:440.17,447.4 2 1
github.com/gebl/onenote-mcp-server/internal/utils/validation.go:447.9,452.4 1 0
github.com/gebl/onenote-mcp-server/internal/utils/validation.go:455.2,458.30 2 1
github.com/gebl/onenote-mcp-server/internal/utils/validation.go:458.30,461.3 2 0
github.com/gebl/onenote-mcp-server/internal/utils/validation.go:461.8,461.37 1 1
github.com/gebl/onenote-mcp-server/internal/utils/validation.go:461.37,464.3 2 0
github.com/gebl/onenote-mcp-server/internal/utils/validation.go:464.8,468.3 2 1
github.com/gebl/onenote-mcp-server/internal/utils/validation.go:470.2,476.15 2 1
github.com/gebl/onenote-mcp-server/internal/utils/validation.go:480.50,481.22 1 1
github.com/gebl/onenote-mcp-server/internal/utils/validation.go:481.22,483.3 1 1
github.com/gebl/onenote-mcp-server/internal/utils/validation.go:484.2,484.27 1 1
github.com/gebl/onenote-mcp-server/internal/utils/validation.go:488.64,496.16 4 1
github.com/gebl/onenote-mcp-server/internal/utils/validation.go:496.16,499.3 2 0
github.com/gebl/onenote-mcp-server/internal/utils/validation.go:502.2,509.27 3 1
github.com/gebl/onenote-mcp-server/internal/utils/validation.go:513.60,520.16 3 1
github.com/gebl/onenote-mcp-server/internal/utils/validation.go:520.16,523.3 2 0
github.com/gebl/onenote-mcp-server/internal/utils/validation.go:525.2,554.23 14 1
github.com/gebl/onenote-mcp-server/internal/utils/validation.go:558.81,559.62 1 1
github.com/gebl/onenote-mcp-server/internal/utils/validation.go:559.62,561.37 1 1
github.com/gebl/onenote-mcp-server/internal/utils/validation.go:561.37,563.18 2 1
github.com/gebl/onenote-mcp-server/internal/utils/validation.go:563.18,564.129 1 1
github.com/gebl/onenote-mcp-server/internal/utils/validation.go:564.129,566.6 1 0
github.com/gebl/onenote-mcp-server/internal/utils/validation.go:567.5,567.34 1 1
github.com/gebl/onenote-mcp-server/internal/utils/validation.go:569.4,569.10 1 1
github.com/gebl/onenote-mcp-server/internal/utils/validation.go:572.3,575.18 2 1
github.com/gebl/onenote-mcp-server/internal/utils/validation.go:576.43,578.29 1 0
github.com/gebl/onenote-mcp-server/internal/utils/validation.go:578.29,580.5 1 0
github.com/gebl/onenote-mcp-server/internal/utils/validation.go:581.4,582.33 2 0
github.com/gebl/onenote-mcp-server/internal/utils/validation.go:584.12,586.29 1 1
github.com/gebl/onenote-mcp-server/internal/utils/validation.go:586.29,588.5 1 1
github.com/gebl/onenote-mcp-server/internal/utils/validation.go:589.4,589.34 1 1
github.com/gebl/onenote-mcp-server/internal/utils/validation.go:591.14,593.79 1 0
github.com/gebl/onenote-mcp-server/internal/utils/validation.go:593.79,595.5 1 0
github.com/gebl/onenote-mcp-server/internal/utils/validation.go:596.4,596.34 1 0
github.com/gebl/onenote-mcp-server/internal/utils/validation.go:598.13,600.33 1 0
github.com/gebl/onenote-mcp-server/internal/utils/validation.go:602.19,604.29 1 0
github.com/gebl/onenote-mcp-server/internal/utils/validation.go:604.29,606.5 1 0
github.com/gebl/onenote-mcp-server/internal/utils/validation.go:607.4,607.34 1 0
github.com/gebl/onenote-mcp-server/internal/utils/validation.go:609.13,612.34 2 0
github.com/gebl/onenote-mcp-server/internal/utils/validation.go:614.16,616.29 1 0
github.com/gebl/onenote-mcp-server/internal/utils/validation.go:616.29,618.5 1 0
github.com/gebl/onenote-mcp-server/internal/utils/validation.go:619.4,619.34 1 0
github.com/gebl/onenote-mcp-server/internal/utils/validation.go:621.13,623.79 1 0
github.com/gebl/onenote-mcp-server/internal/utils/validation.go:623.79,625.5 1 0
github.com/gebl/onenote-mcp-server/internal/utils/validation.go:626.4,626.34 1 0
github.com/gebl/onenote-mcp-server/internal/utils/validation.go:628.19,630.129 1 0
github.com/gebl/onenote-mcp-server/internal/utils/validation.go:630.129,632.5 1 0
github.com/gebl/onenote-mcp-server/internal/utils/validation.go:633.4,633.34 1 0
github.com/gebl/onenote-mcp-server/internal/utils/validation.go:635.11,637.34 1 0
