mode: set
github.com/gebl/onenote-mcp-server/internal/logging/logger.go:49.19,51.2 1 0
github.com/gebl/onenote-mcp-server/internal/logging/logger.go:56.26,59.18 2 0
github.com/gebl/onenote-mcp-server/internal/logging/logger.go:60.15,61.29 1 0
github.com/gebl/onenote-mcp-server/internal/logging/logger.go:62.14,63.28 1 0
github.com/gebl/onenote-mcp-server/internal/logging/logger.go:64.25,65.28 1 0
github.com/gebl/onenote-mcp-server/internal/logging/logger.go:66.15,67.29 1 0
github.com/gebl/onenote-mcp-server/internal/logging/logger.go:68.10,70.29 1 0
github.com/gebl/onenote-mcp-server/internal/logging/logger.go:74.2,75.25 2 0
github.com/gebl/onenote-mcp-server/internal/logging/logger.go:76.15,77.36 1 0
github.com/gebl/onenote-mcp-server/internal/logging/logger.go:78.14,79.35 1 0
github.com/gebl/onenote-mcp-server/internal/logging/logger.go:80.25,81.35 1 0
github.com/gebl/onenote-mcp-server/internal/logging/logger.go:82.15,83.36 1 0
github.com/gebl/onenote-mcp-server/internal/logging/logger.go:84.13,85.37 1 0
github.com/gebl/onenote-mcp-server/internal/logging/logger.go:86.10,87.36 1 0
github.com/gebl/onenote-mcp-server/internal/logging/logger.go:91.2,92.57 2 0
github.com/gebl/onenote-mcp-server/internal/logging/logger.go:92.57,94.17 2 0
github.com/gebl/onenote-mcp-server/internal/logging/logger.go:94.17,97.4 1 0
github.com/gebl/onenote-mcp-server/internal/logging/logger.go:97.9,99.4 1 0
github.com/gebl/onenote-mcp-server/internal/logging/logger.go:103.2,105.22 3 0
github.com/gebl/onenote-mcp-server/internal/logging/logger.go:105.22,109.3 1 0
github.com/gebl/onenote-mcp-server/internal/logging/logger.go:109.8,113.3 1 0
github.com/gebl/onenote-mcp-server/internal/logging/logger.go:115.2,116.32 2 0
github.com/gebl/onenote-mcp-server/internal/logging/logger.go:130.46,132.26 1 0
github.com/gebl/onenote-mcp-server/internal/logging/logger.go:132.26,134.3 1 0
github.com/gebl/onenote-mcp-server/internal/logging/logger.go:137.2,138.23 2 0
github.com/gebl/onenote-mcp-server/internal/logging/logger.go:138.23,140.3 1 0
github.com/gebl/onenote-mcp-server/internal/logging/logger.go:142.2,143.24 2 0
github.com/gebl/onenote-mcp-server/internal/logging/logger.go:143.24,145.3 1 0
github.com/gebl/onenote-mcp-server/internal/logging/logger.go:147.2,148.22 2 0
github.com/gebl/onenote-mcp-server/internal/logging/logger.go:148.22,150.3 1 0
github.com/gebl/onenote-mcp-server/internal/logging/logger.go:152.2,153.30 2 0
github.com/gebl/onenote-mcp-server/internal/logging/logger.go:153.30,155.3 1 0
github.com/gebl/onenote-mcp-server/internal/logging/logger.go:158.2,158.38 1 0
github.com/gebl/onenote-mcp-server/internal/logging/logger.go:159.15,160.29 1 0
github.com/gebl/onenote-mcp-server/internal/logging/logger.go:161.14,162.28 1 0
github.com/gebl/onenote-mcp-server/internal/logging/logger.go:163.25,164.28 1 0
github.com/gebl/onenote-mcp-server/internal/logging/logger.go:165.15,166.29 1 0
github.com/gebl/onenote-mcp-server/internal/logging/logger.go:167.10,169.28 1 0
github.com/gebl/onenote-mcp-server/internal/logging/logger.go:173.2,173.45 1 0
github.com/gebl/onenote-mcp-server/internal/logging/logger.go:174.15,175.36 1 0
github.com/gebl/onenote-mcp-server/internal/logging/logger.go:176.14,177.35 1 0
github.com/gebl/onenote-mcp-server/internal/logging/logger.go:178.25,179.35 1 0
github.com/gebl/onenote-mcp-server/internal/logging/logger.go:180.15,181.36 1 0
github.com/gebl/onenote-mcp-server/internal/logging/logger.go:182.13,183.37 1 0
github.com/gebl/onenote-mcp-server/internal/logging/logger.go:184.10,185.36 1 0
github.com/gebl/onenote-mcp-server/internal/logging/logger.go:189.2,190.22 2 0
github.com/gebl/onenote-mcp-server/internal/logging/logger.go:190.22,192.17 2 0
github.com/gebl/onenote-mcp-server/internal/logging/logger.go:192.17,194.28 1 0
github.com/gebl/onenote-mcp-server/internal/logging/logger.go:194.28,196.5 1 0
github.com/gebl/onenote-mcp-server/internal/logging/logger.go:197.9,199.4 1 0
github.com/gebl/onenote-mcp-server/internal/logging/logger.go:203.2,204.45 2 0
github.com/gebl/onenote-mcp-server/internal/logging/logger.go:204.45,208.3 1 0
github.com/gebl/onenote-mcp-server/internal/logging/logger.go:208.8,212.3 1 0
github.com/gebl/onenote-mcp-server/internal/logging/logger.go:214.2,223.43 3 0
github.com/gebl/onenote-mcp-server/internal/logging/logger.go:228.47,229.26 1 0
github.com/gebl/onenote-mcp-server/internal/logging/logger.go:229.26,231.3 1 0
github.com/gebl/onenote-mcp-server/internal/logging/logger.go:232.2,232.51 1 0
github.com/gebl/onenote-mcp-server/internal/logging/logger.go:236.28,238.2 1 0
github.com/gebl/onenote-mcp-server/internal/logging/logger.go:241.28,243.2 1 0
github.com/gebl/onenote-mcp-server/internal/logging/logger.go:246.53,248.2 1 0
github.com/gebl/onenote-mcp-server/internal/logging/logger.go:251.38,253.2 1 0
github.com/gebl/onenote-mcp-server/internal/logging/logger.go:256.33,259.2 2 0
github.com/gebl/onenote-mcp-server/internal/logging/logger.go:262.43,264.2 1 0
github.com/gebl/onenote-mcp-server/internal/logging/logger.go:268.81,269.36 1 0
github.com/gebl/onenote-mcp-server/internal/logging/logger.go:269.36,271.3 1 0
github.com/gebl/onenote-mcp-server/internal/http/helpers.go:63.19,69.2 1 0
github.com/gebl/onenote-mcp-server/internal/http/helpers.go:78.46,79.20 1 0
github.com/gebl/onenote-mcp-server/internal/http/helpers.go:79.20,81.3 1 0
github.com/gebl/onenote-mcp-server/internal/http/helpers.go:82.2,82.27 1 0
github.com/gebl/onenote-mcp-server/internal/http/helpers.go:86.50,87.20 1 0
github.com/gebl/onenote-mcp-server/internal/http/helpers.go:87.20,89.3 1 0
github.com/gebl/onenote-mcp-server/internal/http/helpers.go:90.2,90.23 1 0
github.com/gebl/onenote-mcp-server/internal/http/helpers.go:94.50,95.20 1 0
github.com/gebl/onenote-mcp-server/internal/http/helpers.go:95.20,97.3 1 0
github.com/gebl/onenote-mcp-server/internal/http/helpers.go:98.2,98.21 1 0
github.com/gebl/onenote-mcp-server/internal/http/helpers.go:102.43,103.57 1 0
github.com/gebl/onenote-mcp-server/internal/http/helpers.go:103.57,106.3 2 0
github.com/gebl/onenote-mcp-server/internal/http/helpers.go:107.2,107.12 1 0
github.com/gebl/onenote-mcp-server/internal/http/helpers.go:116.30,118.16 2 0
github.com/gebl/onenote-mcp-server/internal/http/helpers.go:118.16,120.3 1 0
github.com/gebl/onenote-mcp-server/internal/http/helpers.go:122.2,125.29 2 0
github.com/gebl/onenote-mcp-server/internal/http/helpers.go:125.29,126.59 1 0
github.com/gebl/onenote-mcp-server/internal/http/helpers.go:126.59,129.4 2 0
github.com/gebl/onenote-mcp-server/internal/http/helpers.go:132.2,132.22 1 0
github.com/gebl/onenote-mcp-server/internal/http/helpers.go:141.19,143.16 2 0
github.com/gebl/onenote-mcp-server/internal/http/helpers.go:143.16,145.3 1 0
github.com/gebl/onenote-mcp-server/internal/http/helpers.go:146.2,149.29 2 0
github.com/gebl/onenote-mcp-server/internal/http/helpers.go:149.29,150.59 1 0
github.com/gebl/onenote-mcp-server/internal/http/helpers.go:150.59,152.4 1 0
github.com/gebl/onenote-mcp-server/internal/http/helpers.go:156.2,156.23 1 0
github.com/gebl/onenote-mcp-server/internal/http/helpers.go:156.23,158.3 1 0
github.com/gebl/onenote-mcp-server/internal/http/helpers.go:161.2,161.30 1 0
github.com/gebl/onenote-mcp-server/internal/http/helpers.go:168.32,170.32 2 0
github.com/gebl/onenote-mcp-server/internal/http/helpers.go:170.32,171.34 1 0
github.com/gebl/onenote-mcp-server/internal/http/helpers.go:171.34,172.19 1 0
github.com/gebl/onenote-mcp-server/internal/http/helpers.go:172.19,174.5 1 0
github.com/gebl/onenote-mcp-server/internal/http/helpers.go:178.2,178.31 1 0
github.com/gebl/onenote-mcp-server/internal/http/helpers.go:178.31,181.17 2 0
github.com/gebl/onenote-mcp-server/internal/http/helpers.go:181.17,184.4 2 0
github.com/gebl/onenote-mcp-server/internal/http/helpers.go:185.3,185.38 1 0
github.com/gebl/onenote-mcp-server/internal/http/helpers.go:188.2,188.23 1 0
github.com/gebl/onenote-mcp-server/internal/http/helpers.go:200.80,201.17 1 0
github.com/gebl/onenote-mcp-server/internal/http/helpers.go:201.17,203.3 1 0
github.com/gebl/onenote-mcp-server/internal/http/helpers.go:204.2,205.17 2 0
github.com/gebl/onenote-mcp-server/internal/http/helpers.go:216.9,218.16 2 0
github.com/gebl/onenote-mcp-server/internal/http/helpers.go:218.16,220.3 1 0
github.com/gebl/onenote-mcp-server/internal/http/helpers.go:221.2,223.27 2 0
github.com/gebl/onenote-mcp-server/internal/http/helpers.go:223.27,225.3 1 0
github.com/gebl/onenote-mcp-server/internal/http/helpers.go:227.2,227.12 1 0
github.com/gebl/onenote-mcp-server/internal/http/helpers.go:239.19,241.16 2 0
github.com/gebl/onenote-mcp-server/internal/http/helpers.go:241.16,243.3 1 0
github.com/gebl/onenote-mcp-server/internal/http/helpers.go:244.2,246.27 2 0
github.com/gebl/onenote-mcp-server/internal/http/helpers.go:246.27,247.57 1 0
github.com/gebl/onenote-mcp-server/internal/http/helpers.go:247.57,249.4 1 0
github.com/gebl/onenote-mcp-server/internal/http/helpers.go:252.2,252.21 1 0
github.com/gebl/onenote-mcp-server/internal/http/helpers.go:252.21,254.3 1 0
github.com/gebl/onenote-mcp-server/internal/http/helpers.go:256.2,256.30 1 0
github.com/gebl/onenote-mcp-server/internal/http/helpers.go:266.9,268.16 2 0
github.com/gebl/onenote-mcp-server/internal/http/helpers.go:268.16,270.3 1 0
github.com/gebl/onenote-mcp-server/internal/http/helpers.go:271.2,273.22 2 0
github.com/gebl/onenote-mcp-server/internal/http/helpers.go:285.9,287.16 2 0
github.com/gebl/onenote-mcp-server/internal/http/helpers.go:287.16,289.3 1 0
github.com/gebl/onenote-mcp-server/internal/http/helpers.go:290.2,292.21 2 0
github.com/gebl/onenote-mcp-server/internal/http/helpers.go:292.21,293.23 1 0
github.com/gebl/onenote-mcp-server/internal/http/helpers.go:293.23,295.4 1 0
github.com/gebl/onenote-mcp-server/internal/http/helpers.go:296.8,297.23 1 0
github.com/gebl/onenote-mcp-server/internal/http/helpers.go:297.23,299.4 1 0
github.com/gebl/onenote-mcp-server/internal/http/helpers.go:302.2,302.12 1 0
github.com/gebl/onenote-mcp-server/internal/http/helpers.go:312.19,315.37 2 0
github.com/gebl/onenote-mcp-server/internal/http/helpers.go:315.37,317.17 2 0
github.com/gebl/onenote-mcp-server/internal/http/helpers.go:317.17,319.12 2 0
github.com/gebl/onenote-mcp-server/internal/http/helpers.go:323.3,324.60 2 0
github.com/gebl/onenote-mcp-server/internal/http/helpers.go:324.60,325.29 1 0
github.com/gebl/onenote-mcp-server/internal/http/helpers.go:325.29,326.90 1 0
github.com/gebl/onenote-mcp-server/internal/http/helpers.go:326.90,328.6 1 0
github.com/gebl/onenote-mcp-server/internal/http/helpers.go:331.4,331.23 1 0
github.com/gebl/onenote-mcp-server/internal/http/helpers.go:331.23,335.5 3 0
github.com/gebl/onenote-mcp-server/internal/http/helpers.go:337.4,339.14 3 0
github.com/gebl/onenote-mcp-server/internal/http/helpers.go:342.3,342.17 1 0
github.com/gebl/onenote-mcp-server/internal/http/helpers.go:342.17,344.12 2 0
github.com/gebl/onenote-mcp-server/internal/http/helpers.go:347.3,347.23 1 0
github.com/gebl/onenote-mcp-server/internal/http/helpers.go:350.2,350.20 1 0
github.com/gebl/onenote-mcp-server/internal/http/helpers.go:350.20,352.3 1 0
github.com/gebl/onenote-mcp-server/internal/http/helpers.go:354.2,354.49 1 0
github.com/gebl/onenote-mcp-server/internal/auth/auth.go:108.76,123.2 4 0
github.com/gebl/onenote-mcp-server/internal/auth/auth.go:126.45,127.17 1 0
github.com/gebl/onenote-mcp-server/internal/auth/auth.go:127.17,129.3 1 0
github.com/gebl/onenote-mcp-server/internal/auth/auth.go:130.2,130.21 1 0
github.com/gebl/onenote-mcp-server/internal/auth/auth.go:130.21,132.3 1 0
github.com/gebl/onenote-mcp-server/internal/auth/auth.go:133.2,133.49 1 0
github.com/gebl/onenote-mcp-server/internal/auth/auth.go:138.45,141.16 3 0
github.com/gebl/onenote-mcp-server/internal/auth/auth.go:141.16,143.3 1 0
github.com/gebl/onenote-mcp-server/internal/auth/auth.go:144.2,144.53 1 0
github.com/gebl/onenote-mcp-server/internal/auth/auth.go:149.48,152.2 2 0
github.com/gebl/onenote-mcp-server/internal/auth/auth.go:158.71,170.2 3 0
github.com/gebl/onenote-mcp-server/internal/auth/auth.go:173.50,174.22 1 0
github.com/gebl/onenote-mcp-server/internal/auth/auth.go:174.22,176.3 1 0
github.com/gebl/onenote-mcp-server/internal/auth/auth.go:177.2,177.19 1 0
github.com/gebl/onenote-mcp-server/internal/auth/auth.go:185.108,197.16 11 0
github.com/gebl/onenote-mcp-server/internal/auth/auth.go:197.16,200.3 2 0
github.com/gebl/onenote-mcp-server/internal/auth/auth.go:201.2,204.16 3 0
github.com/gebl/onenote-mcp-server/internal/auth/auth.go:204.16,207.3 2 0
github.com/gebl/onenote-mcp-server/internal/auth/auth.go:209.2,211.72 3 0
github.com/gebl/onenote-mcp-server/internal/auth/auth.go:211.72,214.21 3 0
github.com/gebl/onenote-mcp-server/internal/auth/auth.go:214.21,216.4 1 0
github.com/gebl/onenote-mcp-server/internal/auth/auth.go:217.3,218.13 2 0
github.com/gebl/onenote-mcp-server/internal/auth/auth.go:220.2,220.16 1 0
github.com/gebl/onenote-mcp-server/internal/auth/auth.go:220.16,223.3 2 0
github.com/gebl/onenote-mcp-server/internal/auth/auth.go:225.2,225.23 1 0
github.com/gebl/onenote-mcp-server/internal/auth/auth.go:225.23,229.105 2 0
github.com/gebl/onenote-mcp-server/internal/auth/auth.go:229.105,238.4 2 0
github.com/gebl/onenote-mcp-server/internal/auth/auth.go:240.3,240.68 1 0
github.com/gebl/onenote-mcp-server/internal/auth/auth.go:242.2,247.51 2 0
github.com/gebl/onenote-mcp-server/internal/auth/auth.go:247.51,250.3 2 0
github.com/gebl/onenote-mcp-server/internal/auth/auth.go:251.2,256.8 2 0
github.com/gebl/onenote-mcp-server/internal/auth/auth.go:264.102,267.76 3 0
github.com/gebl/onenote-mcp-server/internal/auth/auth.go:267.76,268.42 1 0
github.com/gebl/onenote-mcp-server/internal/auth/auth.go:268.42,272.4 3 0
github.com/gebl/onenote-mcp-server/internal/auth/auth.go:273.3,274.17 2 0
github.com/gebl/onenote-mcp-server/internal/auth/auth.go:274.17,278.4 3 0
github.com/gebl/onenote-mcp-server/internal/auth/auth.go:279.3,281.17 3 0
github.com/gebl/onenote-mcp-server/internal/auth/auth.go:283.2,284.12 2 0
github.com/gebl/onenote-mcp-server/internal/auth/auth.go:284.12,286.3 1 0
github.com/gebl/onenote-mcp-server/internal/auth/auth.go:287.2,287.20 1 0
github.com/gebl/onenote-mcp-server/internal/auth/auth.go:293.55,296.16 2 0
github.com/gebl/onenote-mcp-server/internal/auth/auth.go:296.16,299.3 2 0
github.com/gebl/onenote-mcp-server/internal/auth/auth.go:301.2,309.16 3 0
github.com/gebl/onenote-mcp-server/internal/auth/auth.go:309.16,312.3 2 0
github.com/gebl/onenote-mcp-server/internal/auth/auth.go:313.2,315.54 2 0
github.com/gebl/onenote-mcp-server/internal/auth/auth.go:315.54,318.3 2 0
github.com/gebl/onenote-mcp-server/internal/auth/auth.go:320.2,321.12 2 0
github.com/gebl/onenote-mcp-server/internal/auth/auth.go:325.46,326.55 1 0
github.com/gebl/onenote-mcp-server/internal/auth/auth.go:326.55,329.3 2 0
github.com/gebl/onenote-mcp-server/internal/auth/auth.go:330.2,331.20 2 0
github.com/gebl/onenote-mcp-server/internal/auth/auth.go:337.53,340.16 2 0
github.com/gebl/onenote-mcp-server/internal/auth/auth.go:340.16,343.3 2 0
github.com/gebl/onenote-mcp-server/internal/auth/auth.go:345.2,348.16 3 0
github.com/gebl/onenote-mcp-server/internal/auth/auth.go:348.16,351.3 2 0
github.com/gebl/onenote-mcp-server/internal/auth/auth.go:352.2,360.16 8 0
github.com/gebl/onenote-mcp-server/internal/auth/auth.go:360.16,363.3 2 0
github.com/gebl/onenote-mcp-server/internal/auth/auth.go:364.2,367.54 3 0
github.com/gebl/onenote-mcp-server/internal/auth/auth.go:367.54,370.3 2 0
github.com/gebl/onenote-mcp-server/internal/auth/auth.go:372.2,377.16 5 0
github.com/gebl/onenote-mcp-server/internal/auth/auth.go:384.102,395.16 10 0
github.com/gebl/onenote-mcp-server/internal/auth/auth.go:395.16,398.3 2 0
github.com/gebl/onenote-mcp-server/internal/auth/auth.go:399.2,402.16 3 0
github.com/gebl/onenote-mcp-server/internal/auth/auth.go:402.16,405.3 2 0
github.com/gebl/onenote-mcp-server/internal/auth/auth.go:407.2,409.72 3 0
github.com/gebl/onenote-mcp-server/internal/auth/auth.go:409.72,412.21 3 0
github.com/gebl/onenote-mcp-server/internal/auth/auth.go:412.21,414.4 1 0
github.com/gebl/onenote-mcp-server/internal/auth/auth.go:415.3,416.13 2 0
github.com/gebl/onenote-mcp-server/internal/auth/auth.go:418.2,418.16 1 0
github.com/gebl/onenote-mcp-server/internal/auth/auth.go:418.16,421.3 2 0
github.com/gebl/onenote-mcp-server/internal/auth/auth.go:423.2,423.23 1 0
github.com/gebl/onenote-mcp-server/internal/auth/auth.go:423.23,426.3 2 0
github.com/gebl/onenote-mcp-server/internal/auth/auth.go:427.2,432.51 2 0
github.com/gebl/onenote-mcp-server/internal/auth/auth.go:432.51,435.3 2 0
github.com/gebl/onenote-mcp-server/internal/auth/auth.go:436.2,441.8 2 0
github.com/gebl/onenote-mcp-server/internal/auth/auth.go:446.42,458.2 9 0
github.com/gebl/onenote-mcp-server/internal/auth/auth.go:462.50,469.16 4 0
github.com/gebl/onenote-mcp-server/internal/auth/auth.go:469.16,471.3 1 0
github.com/gebl/onenote-mcp-server/internal/auth/auth.go:472.2,473.40 2 0
github.com/gebl/onenote-mcp-server/internal/auth/auth.go:478.41,481.16 3 0
github.com/gebl/onenote-mcp-server/internal/auth/auth.go:481.16,483.3 1 0
github.com/gebl/onenote-mcp-server/internal/auth/auth.go:484.2,487.57 3 0
github.com/gebl/onenote-mcp-server/internal/auth/auth.go:487.57,489.3 1 0
github.com/gebl/onenote-mcp-server/internal/auth/auth.go:492.2,492.52 1 0
github.com/gebl/onenote-mcp-server/internal/auth/auth.go:492.52,493.65 1 0
github.com/gebl/onenote-mcp-server/internal/auth/auth.go:493.65,494.34 1 0
github.com/gebl/onenote-mcp-server/internal/auth/auth.go:494.34,497.5 2 0
github.com/gebl/onenote-mcp-server/internal/auth/auth.go:501.2,501.35 1 0
github.com/gebl/onenote-mcp-server/internal/auth/auth.go:505.28,508.2 2 0
github.com/gebl/onenote-mcp-server/internal/auth/auth.go:516.88,519.47 2 0
github.com/gebl/onenote-mcp-server/internal/auth/auth.go:519.47,524.17 3 0
github.com/gebl/onenote-mcp-server/internal/auth/auth.go:524.17,528.18 3 0
github.com/gebl/onenote-mcp-server/internal/auth/auth.go:528.18,530.5 1 0
github.com/gebl/onenote-mcp-server/internal/auth/auth.go:532.4,532.65 1 0
github.com/gebl/onenote-mcp-server/internal/auth/auth.go:532.65,534.5 1 0
github.com/gebl/onenote-mcp-server/internal/auth/auth.go:535.9,537.4 1 0
github.com/gebl/onenote-mcp-server/internal/auth/auth.go:539.3,546.17 6 0
github.com/gebl/onenote-mcp-server/internal/auth/auth.go:546.17,548.4 1 0
github.com/gebl/onenote-mcp-server/internal/auth/auth.go:551.3,559.79 5 0
github.com/gebl/onenote-mcp-server/internal/auth/auth.go:559.79,561.4 1 0
github.com/gebl/onenote-mcp-server/internal/auth/auth.go:561.9,563.4 1 0
github.com/gebl/onenote-mcp-server/internal/auth/auth.go:566.3,567.17 2 0
github.com/gebl/onenote-mcp-server/internal/auth/auth.go:567.17,569.4 1 0
github.com/gebl/onenote-mcp-server/internal/auth/auth.go:572.3,572.50 1 0
github.com/gebl/onenote-mcp-server/internal/auth/auth.go:572.50,574.4 1 0
github.com/gebl/onenote-mcp-server/internal/auth/auth.go:577.3,578.68 2 0
github.com/gebl/onenote-mcp-server/internal/auth/auth.go:581.2,581.16 1 0
github.com/gebl/onenote-mcp-server/internal/auth/auth.go:587.34,588.16 1 0
github.com/gebl/onenote-mcp-server/internal/auth/auth.go:588.16,590.3 1 0
github.com/gebl/onenote-mcp-server/internal/auth/auth.go:591.2,597.44 2 0
github.com/gebl/onenote-mcp-server/internal/auth/auth.go:607.156,610.44 2 0
github.com/gebl/onenote-mcp-server/internal/auth/auth.go:610.44,613.3 2 0
github.com/gebl/onenote-mcp-server/internal/auth/auth.go:615.2,625.16 8 0
github.com/gebl/onenote-mcp-server/internal/auth/auth.go:625.16,629.3 3 0
github.com/gebl/onenote-mcp-server/internal/auth/auth.go:631.2,643.27 9 0
github.com/gebl/onenote-mcp-server/internal/auth/auth.go:643.27,646.3 2 0
github.com/gebl/onenote-mcp-server/internal/auth/auth.go:649.2,649.21 1 0
github.com/gebl/onenote-mcp-server/internal/auth/auth.go:649.21,652.17 2 0
github.com/gebl/onenote-mcp-server/internal/auth/auth.go:652.17,655.4 2 0
github.com/gebl/onenote-mcp-server/internal/auth/auth.go:657.3,658.63 2 0
github.com/gebl/onenote-mcp-server/internal/auth/auth.go:658.63,660.4 1 0
github.com/gebl/onenote-mcp-server/internal/auth/auth.go:660.9,662.4 1 0
github.com/gebl/onenote-mcp-server/internal/auth/auth.go:663.8,665.3 1 0
github.com/gebl/onenote-mcp-server/internal/auth/auth.go:667.2,671.20 3 0
github.com/gebl/onenote-mcp-server/internal/auth/auth.go:681.164,686.21 3 0
github.com/gebl/onenote-mcp-server/internal/auth/auth.go:686.21,689.17 3 0
github.com/gebl/onenote-mcp-server/internal/auth/auth.go:689.17,692.4 2 0
github.com/gebl/onenote-mcp-server/internal/auth/auth.go:693.3,696.99 3 0
github.com/gebl/onenote-mcp-server/internal/auth/auth.go:700.2,704.16 3 0
github.com/gebl/onenote-mcp-server/internal/auth/auth.go:704.16,707.3 2 0
github.com/gebl/onenote-mcp-server/internal/auth/auth.go:709.2,712.54 2 0
github.com/gebl/onenote-mcp-server/internal/auth/auth.go:712.54,716.45 2 0
github.com/gebl/onenote-mcp-server/internal/auth/auth.go:716.45,724.26 4 0
github.com/gebl/onenote-mcp-server/internal/auth/auth.go:724.26,727.5 2 0
github.com/gebl/onenote-mcp-server/internal/auth/auth.go:729.4,730.18 2 0
github.com/gebl/onenote-mcp-server/internal/auth/auth.go:730.18,733.5 2 0
github.com/gebl/onenote-mcp-server/internal/auth/auth.go:736.4,736.40 1 0
github.com/gebl/onenote-mcp-server/internal/auth/auth.go:736.40,737.31 1 0
github.com/gebl/onenote-mcp-server/internal/auth/auth.go:737.31,738.35 1 0
github.com/gebl/onenote-mcp-server/internal/auth/auth.go:738.35,740.7 1 0
github.com/gebl/onenote-mcp-server/internal/auth/auth.go:745.4,745.79 1 0
github.com/gebl/onenote-mcp-server/internal/auth/auth.go:745.79,749.24 4 0
github.com/gebl/onenote-mcp-server/internal/auth/auth.go:749.24,752.6 2 0
github.com/gebl/onenote-mcp-server/internal/auth/auth.go:753.5,754.67 2 0
github.com/gebl/onenote-mcp-server/internal/auth/auth.go:754.67,757.6 2 0
github.com/gebl/onenote-mcp-server/internal/auth/auth.go:759.5,761.15 3 0
github.com/gebl/onenote-mcp-server/internal/auth/auth.go:764.4,764.18 1 0
github.com/gebl/onenote-mcp-server/internal/auth/auth.go:764.18,767.5 2 0
github.com/gebl/onenote-mcp-server/internal/auth/auth.go:768.9,772.4 1 0
github.com/gebl/onenote-mcp-server/internal/auth/auth.go:775.2,775.18 1 0
github.com/gebl/onenote-mcp-server/internal/auth/auth.go:787.205,792.21 3 0
github.com/gebl/onenote-mcp-server/internal/auth/auth.go:792.21,795.17 3 0
github.com/gebl/onenote-mcp-server/internal/auth/auth.go:795.17,798.4 2 0
github.com/gebl/onenote-mcp-server/internal/auth/auth.go:799.3,802.99 3 0
github.com/gebl/onenote-mcp-server/internal/auth/auth.go:806.2,810.16 3 0
github.com/gebl/onenote-mcp-server/internal/auth/auth.go:810.16,813.3 2 0
github.com/gebl/onenote-mcp-server/internal/auth/auth.go:815.2,818.54 2 0
github.com/gebl/onenote-mcp-server/internal/auth/auth.go:818.54,822.45 2 0
github.com/gebl/onenote-mcp-server/internal/auth/auth.go:822.45,830.26 4 0
github.com/gebl/onenote-mcp-server/internal/auth/auth.go:830.26,833.5 2 0
github.com/gebl/onenote-mcp-server/internal/auth/auth.go:835.4,836.18 2 0
github.com/gebl/onenote-mcp-server/internal/auth/auth.go:836.18,839.5 2 0
github.com/gebl/onenote-mcp-server/internal/auth/auth.go:842.4,842.40 1 0
github.com/gebl/onenote-mcp-server/internal/auth/auth.go:842.40,843.31 1 0
github.com/gebl/onenote-mcp-server/internal/auth/auth.go:843.31,844.35 1 0
github.com/gebl/onenote-mcp-server/internal/auth/auth.go:844.35,846.7 1 0
github.com/gebl/onenote-mcp-server/internal/auth/auth.go:851.4,851.79 1 0
github.com/gebl/onenote-mcp-server/internal/auth/auth.go:851.79,855.24 4 0
github.com/gebl/onenote-mcp-server/internal/auth/auth.go:855.24,858.6 2 0
github.com/gebl/onenote-mcp-server/internal/auth/auth.go:859.5,860.67 2 0
github.com/gebl/onenote-mcp-server/internal/auth/auth.go:860.67,863.6 2 0
github.com/gebl/onenote-mcp-server/internal/auth/auth.go:865.5,867.15 3 0
github.com/gebl/onenote-mcp-server/internal/auth/auth.go:870.4,870.18 1 0
github.com/gebl/onenote-mcp-server/internal/auth/auth.go:870.18,873.5 2 0
github.com/gebl/onenote-mcp-server/internal/auth/auth.go:874.9,878.4 1 0
github.com/gebl/onenote-mcp-server/internal/auth/auth.go:881.2,881.18 1 0
github.com/gebl/onenote-mcp-server/internal/auth/manager.go:71.107,77.2 1 0
github.com/gebl/onenote-mcp-server/internal/auth/manager.go:80.71,84.2 3 0
github.com/gebl/onenote-mcp-server/internal/auth/manager.go:87.52,95.65 4 0
github.com/gebl/onenote-mcp-server/internal/auth/manager.go:95.65,99.3 3 0
github.com/gebl/onenote-mcp-server/internal/auth/manager.go:101.2,104.32 3 0
github.com/gebl/onenote-mcp-server/internal/auth/manager.go:104.32,109.26 4 0
github.com/gebl/onenote-mcp-server/internal/auth/manager.go:109.26,111.4 1 0
github.com/gebl/onenote-mcp-server/internal/auth/manager.go:111.9,113.4 1 0
github.com/gebl/onenote-mcp-server/internal/auth/manager.go:116.2,116.27 1 0
github.com/gebl/onenote-mcp-server/internal/auth/manager.go:116.27,118.3 1 0
github.com/gebl/onenote-mcp-server/internal/auth/manager.go:121.2,121.33 1 0
github.com/gebl/onenote-mcp-server/internal/auth/manager.go:121.33,123.3 1 0
github.com/gebl/onenote-mcp-server/internal/auth/manager.go:123.8,125.3 1 0
github.com/gebl/onenote-mcp-server/internal/auth/manager.go:127.2,127.15 1 0
github.com/gebl/onenote-mcp-server/internal/auth/manager.go:131.60,135.53 3 0
github.com/gebl/onenote-mcp-server/internal/auth/manager.go:135.53,137.3 1 0
github.com/gebl/onenote-mcp-server/internal/auth/manager.go:139.2,139.40 1 0
github.com/gebl/onenote-mcp-server/internal/auth/manager.go:139.40,141.3 1 0
github.com/gebl/onenote-mcp-server/internal/auth/manager.go:143.2,147.16 3 0
github.com/gebl/onenote-mcp-server/internal/auth/manager.go:147.16,150.3 2 0
github.com/gebl/onenote-mcp-server/internal/auth/manager.go:153.2,158.24 4 0
github.com/gebl/onenote-mcp-server/internal/auth/manager.go:158.24,159.66 1 0
github.com/gebl/onenote-mcp-server/internal/auth/manager.go:159.66,161.4 1 0
github.com/gebl/onenote-mcp-server/internal/auth/manager.go:164.2,168.30 3 0
github.com/gebl/onenote-mcp-server/internal/auth/manager.go:168.30,170.3 1 0
github.com/gebl/onenote-mcp-server/internal/auth/manager.go:172.2,175.32 2 0
github.com/gebl/onenote-mcp-server/internal/auth/manager.go:179.61,183.27 3 0
github.com/gebl/onenote-mcp-server/internal/auth/manager.go:183.27,185.3 1 0
github.com/gebl/onenote-mcp-server/internal/auth/manager.go:187.2,191.16 3 0
github.com/gebl/onenote-mcp-server/internal/auth/manager.go:191.16,193.3 1 0
github.com/gebl/onenote-mcp-server/internal/auth/manager.go:195.2,199.16 3 0
github.com/gebl/onenote-mcp-server/internal/auth/manager.go:199.16,201.3 1 0
github.com/gebl/onenote-mcp-server/internal/auth/manager.go:204.2,224.21 6 0
github.com/gebl/onenote-mcp-server/internal/auth/manager.go:228.71,233.16 3 0
github.com/gebl/onenote-mcp-server/internal/auth/manager.go:233.16,236.3 2 0
github.com/gebl/onenote-mcp-server/internal/auth/manager.go:239.2,242.9 3 0
github.com/gebl/onenote-mcp-server/internal/auth/manager.go:243.24,249.63 3 0
github.com/gebl/onenote-mcp-server/internal/auth/manager.go:249.63,251.4 1 0
github.com/gebl/onenote-mcp-server/internal/auth/manager.go:251.9,253.4 1 0
github.com/gebl/onenote-mcp-server/internal/auth/manager.go:256.3,256.47 1 0
github.com/gebl/onenote-mcp-server/internal/auth/manager.go:256.47,258.4 1 0
github.com/gebl/onenote-mcp-server/internal/auth/manager.go:260.24,265.63 2 0
github.com/gebl/onenote-mcp-server/internal/auth/manager.go:265.63,267.4 1 0
github.com/gebl/onenote-mcp-server/internal/auth/manager.go:270.3,272.17 3 0
github.com/gebl/onenote-mcp-server/internal/auth/manager.go:277.56,281.29 3 0
github.com/gebl/onenote-mcp-server/internal/auth/manager.go:281.29,283.3 1 0
github.com/gebl/onenote-mcp-server/internal/auth/manager.go:286.2,286.105 1 0
github.com/gebl/onenote-mcp-server/internal/auth/manager.go:286.105,289.3 2 0
github.com/gebl/onenote-mcp-server/internal/auth/manager.go:291.2,295.16 3 0
github.com/gebl/onenote-mcp-server/internal/auth/manager.go:295.16,298.3 2 0
github.com/gebl/onenote-mcp-server/internal/auth/manager.go:301.2,306.24 4 0
github.com/gebl/onenote-mcp-server/internal/auth/manager.go:306.24,307.63 1 0
github.com/gebl/onenote-mcp-server/internal/auth/manager.go:307.63,309.4 1 0
github.com/gebl/onenote-mcp-server/internal/auth/manager.go:312.2,317.30 4 0
github.com/gebl/onenote-mcp-server/internal/auth/manager.go:317.30,319.3 1 0
github.com/gebl/onenote-mcp-server/internal/auth/manager.go:321.2,323.12 2 0
github.com/gebl/onenote-mcp-server/internal/auth/manager.go:327.42,334.28 4 0
github.com/gebl/onenote-mcp-server/internal/auth/manager.go:334.28,338.3 3 0
github.com/gebl/onenote-mcp-server/internal/auth/manager.go:340.2,344.24 3 0
github.com/gebl/onenote-mcp-server/internal/auth/manager.go:344.24,347.68 2 0
github.com/gebl/onenote-mcp-server/internal/auth/manager.go:347.68,349.4 1 0
github.com/gebl/onenote-mcp-server/internal/auth/manager.go:353.2,353.30 1 0
github.com/gebl/onenote-mcp-server/internal/auth/manager.go:353.30,355.3 1 0
github.com/gebl/onenote-mcp-server/internal/auth/manager.go:357.2,359.12 2 0
github.com/gebl/onenote-mcp-server/internal/auth/manager.go:363.71,370.2 5 0
github.com/gebl/onenote-mcp-server/internal/auth/manager.go:373.56,378.2 3 0
github.com/gebl/onenote-mcp-server/internal/auth/manager.go:381.44,383.44 2 0
github.com/gebl/onenote-mcp-server/internal/auth/manager.go:383.44,385.3 1 0
github.com/gebl/onenote-mcp-server/internal/auth/manager.go:386.2,386.39 1 0
github.com/gebl/onenote-mcp-server/internal/auth/manager.go:390.45,391.21 1 0
github.com/gebl/onenote-mcp-server/internal/auth/manager.go:391.21,393.3 1 0
github.com/gebl/onenote-mcp-server/internal/auth/manager.go:393.8,393.26 1 0
github.com/gebl/onenote-mcp-server/internal/auth/manager.go:393.26,395.3 1 0
github.com/gebl/onenote-mcp-server/internal/auth/manager.go:395.8,395.29 1 0
github.com/gebl/onenote-mcp-server/internal/auth/manager.go:395.29,399.3 3 0
github.com/gebl/onenote-mcp-server/internal/auth/manager.go:399.8,403.3 3 0
github.com/gebl/onenote-mcp-server/internal/auth/middleware.go:52.82,55.46 2 0
github.com/gebl/onenote-mcp-server/internal/auth/middleware.go:55.46,56.72 1 0
github.com/gebl/onenote-mcp-server/internal/auth/middleware.go:56.72,58.56 1 0
github.com/gebl/onenote-mcp-server/internal/auth/middleware.go:58.56,62.5 3 0
github.com/gebl/onenote-mcp-server/internal/auth/middleware.go:65.4,66.18 2 0
github.com/gebl/onenote-mcp-server/internal/auth/middleware.go:66.18,75.5 4 0
github.com/gebl/onenote-mcp-server/internal/auth/middleware.go:78.4,79.42 2 0
github.com/gebl/onenote-mcp-server/internal/auth/middleware.go:79.42,83.5 2 0
github.com/gebl/onenote-mcp-server/internal/auth/middleware.go:83.10,87.5 2 0
github.com/gebl/onenote-mcp-server/internal/auth/middleware.go:89.4,89.19 1 0
github.com/gebl/onenote-mcp-server/internal/auth/middleware.go:89.19,98.5 4 0
github.com/gebl/onenote-mcp-server/internal/auth/middleware.go:101.4,101.30 1 0
github.com/gebl/onenote-mcp-server/internal/auth/middleware.go:101.30,112.5 4 0
github.com/gebl/onenote-mcp-server/internal/auth/middleware.go:115.4,123.24 2 0
github.com/gebl/onenote-mcp-server/internal/auth/middleware.go:138.65,141.46 2 0
github.com/gebl/onenote-mcp-server/internal/auth/middleware.go:141.46,142.72 1 0
github.com/gebl/onenote-mcp-server/internal/auth/middleware.go:142.72,160.33 4 0
github.com/gebl/onenote-mcp-server/internal/auth/middleware.go:160.33,168.5 1 0
github.com/gebl/onenote-mcp-server/internal/auth/middleware.go:168.10,174.5 1 0
github.com/gebl/onenote-mcp-server/internal/auth/middleware.go:186.49,189.2 2 0
github.com/gebl/onenote-mcp-server/internal/auth/middleware.go:192.56,194.2 1 0
github.com/gebl/onenote-mcp-server/cmd/onenote-mcp-server/AuthTools.go:20.205,26.106 2 1
github.com/gebl/onenote-mcp-server/cmd/onenote-mcp-server/AuthTools.go:26.106,29.25 2 0
github.com/gebl/onenote-mcp-server/cmd/onenote-mcp-server/AuthTools.go:29.25,31.4 1 0
github.com/gebl/onenote-mcp-server/cmd/onenote-mcp-server/AuthTools.go:33.3,36.71 3 0
github.com/gebl/onenote-mcp-server/cmd/onenote-mcp-server/AuthTools.go:39.2,46.105 3 1
github.com/gebl/onenote-mcp-server/cmd/onenote-mcp-server/AuthTools.go:46.105,49.25 2 0
github.com/gebl/onenote-mcp-server/cmd/onenote-mcp-server/AuthTools.go:49.25,51.4 1 0
github.com/gebl/onenote-mcp-server/cmd/onenote-mcp-server/AuthTools.go:53.3,54.17 2 0
github.com/gebl/onenote-mcp-server/cmd/onenote-mcp-server/AuthTools.go:54.17,57.4 2 0
github.com/gebl/onenote-mcp-server/cmd/onenote-mcp-server/AuthTools.go:59.3,60.70 2 0
github.com/gebl/onenote-mcp-server/cmd/onenote-mcp-server/AuthTools.go:62.2,69.105 3 1
github.com/gebl/onenote-mcp-server/cmd/onenote-mcp-server/AuthTools.go:69.105,72.25 2 0
github.com/gebl/onenote-mcp-server/cmd/onenote-mcp-server/AuthTools.go:72.25,74.4 1 0
github.com/gebl/onenote-mcp-server/cmd/onenote-mcp-server/AuthTools.go:76.3,77.17 2 0
github.com/gebl/onenote-mcp-server/cmd/onenote-mcp-server/AuthTools.go:77.17,80.4 2 0
github.com/gebl/onenote-mcp-server/cmd/onenote-mcp-server/AuthTools.go:83.3,92.72 3 0
github.com/gebl/onenote-mcp-server/cmd/onenote-mcp-server/AuthTools.go:95.2,102.102 3 1
github.com/gebl/onenote-mcp-server/cmd/onenote-mcp-server/AuthTools.go:102.102,105.25 2 0
github.com/gebl/onenote-mcp-server/cmd/onenote-mcp-server/AuthTools.go:105.25,107.4 1 0
github.com/gebl/onenote-mcp-server/cmd/onenote-mcp-server/AuthTools.go:109.3,110.17 2 0
github.com/gebl/onenote-mcp-server/cmd/onenote-mcp-server/AuthTools.go:110.17,113.4 2 0
github.com/gebl/onenote-mcp-server/cmd/onenote-mcp-server/AuthTools.go:115.3,121.69 3 0
github.com/gebl/onenote-mcp-server/cmd/onenote-mcp-server/AuthTools.go:124.2,124.68 1 1
github.com/gebl/onenote-mcp-server/cmd/onenote-mcp-server/NotebookResources.go:48.100,62.126 4 0
github.com/gebl/onenote-mcp-server/cmd/onenote-mcp-server/NotebookResources.go:62.126,75.17 6 0
github.com/gebl/onenote-mcp-server/cmd/onenote-mcp-server/NotebookResources.go:75.17,80.4 2 0
github.com/gebl/onenote-mcp-server/cmd/onenote-mcp-server/NotebookResources.go:82.3,89.17 4 0
github.com/gebl/onenote-mcp-server/cmd/onenote-mcp-server/NotebookResources.go:89.17,94.4 2 0
github.com/gebl/onenote-mcp-server/cmd/onenote-mcp-server/NotebookResources.go:96.3,108.9 3 0
github.com/gebl/onenote-mcp-server/cmd/onenote-mcp-server/NotebookResources.go:110.2,124.139 4 0
github.com/gebl/onenote-mcp-server/cmd/onenote-mcp-server/NotebookResources.go:124.139,132.25 3 0
github.com/gebl/onenote-mcp-server/cmd/onenote-mcp-server/NotebookResources.go:132.25,137.4 2 0
github.com/gebl/onenote-mcp-server/cmd/onenote-mcp-server/NotebookResources.go:139.3,151.17 6 0
github.com/gebl/onenote-mcp-server/cmd/onenote-mcp-server/NotebookResources.go:151.17,157.4 2 0
github.com/gebl/onenote-mcp-server/cmd/onenote-mcp-server/NotebookResources.go:159.3,167.17 4 0
github.com/gebl/onenote-mcp-server/cmd/onenote-mcp-server/NotebookResources.go:167.17,173.4 2 0
github.com/gebl/onenote-mcp-server/cmd/onenote-mcp-server/NotebookResources.go:175.3,188.9 3 0
github.com/gebl/onenote-mcp-server/cmd/onenote-mcp-server/NotebookResources.go:190.2,196.27 2 0
github.com/gebl/onenote-mcp-server/cmd/onenote-mcp-server/NotebookResources.go:202.50,205.93 2 1
github.com/gebl/onenote-mcp-server/cmd/onenote-mcp-server/NotebookResources.go:205.93,207.3 1 1
github.com/gebl/onenote-mcp-server/cmd/onenote-mcp-server/NotebookResources.go:208.2,208.11 1 1
github.com/gebl/onenote-mcp-server/cmd/onenote-mcp-server/NotebookResources.go:212.52,215.74 2 1
github.com/gebl/onenote-mcp-server/cmd/onenote-mcp-server/NotebookResources.go:215.74,218.17 2 1
github.com/gebl/onenote-mcp-server/cmd/onenote-mcp-server/NotebookResources.go:218.17,223.4 2 0
github.com/gebl/onenote-mcp-server/cmd/onenote-mcp-server/NotebookResources.go:224.3,227.21 2 1
github.com/gebl/onenote-mcp-server/cmd/onenote-mcp-server/NotebookResources.go:229.2,229.11 1 1
github.com/gebl/onenote-mcp-server/cmd/onenote-mcp-server/NotebookTools.go:41.235,51.106 4 1
github.com/gebl/onenote-mcp-server/cmd/onenote-mcp-server/NotebookTools.go:51.106,56.17 4 0
github.com/gebl/onenote-mcp-server/cmd/onenote-mcp-server/NotebookTools.go:56.17,59.4 2 0
github.com/gebl/onenote-mcp-server/cmd/onenote-mcp-server/NotebookTools.go:62.3,63.46 2 0
github.com/gebl/onenote-mcp-server/cmd/onenote-mcp-server/NotebookTools.go:63.46,65.4 1 0
github.com/gebl/onenote-mcp-server/cmd/onenote-mcp-server/NotebookTools.go:67.3,74.26 3 0
github.com/gebl/onenote-mcp-server/cmd/onenote-mcp-server/NotebookTools.go:74.26,76.4 1 0
github.com/gebl/onenote-mcp-server/cmd/onenote-mcp-server/NotebookTools.go:79.3,90.38 3 0
github.com/gebl/onenote-mcp-server/cmd/onenote-mcp-server/NotebookTools.go:90.38,96.71 4 0
github.com/gebl/onenote-mcp-server/cmd/onenote-mcp-server/NotebookTools.go:96.71,98.5 1 0
github.com/gebl/onenote-mcp-server/cmd/onenote-mcp-server/NotebookTools.go:101.4,102.74 2 0
github.com/gebl/onenote-mcp-server/cmd/onenote-mcp-server/NotebookTools.go:102.74,104.5 1 0
github.com/gebl/onenote-mcp-server/cmd/onenote-mcp-server/NotebookTools.go:107.4,111.47 4 0
github.com/gebl/onenote-mcp-server/cmd/onenote-mcp-server/NotebookTools.go:111.47,116.5 4 0
github.com/gebl/onenote-mcp-server/cmd/onenote-mcp-server/NotebookTools.go:118.4,126.6 1 0
github.com/gebl/onenote-mcp-server/cmd/onenote-mcp-server/NotebookTools.go:130.3,131.17 2 0
github.com/gebl/onenote-mcp-server/cmd/onenote-mcp-server/NotebookTools.go:131.17,134.4 2 0
github.com/gebl/onenote-mcp-server/cmd/onenote-mcp-server/NotebookTools.go:136.3,136.55 1 0
github.com/gebl/onenote-mcp-server/cmd/onenote-mcp-server/NotebookTools.go:138.2,138.111 1 1
github.com/gebl/onenote-mcp-server/cmd/onenote-mcp-server/NotebookTools.go:138.111,140.3 1 0
github.com/gebl/onenote-mcp-server/cmd/onenote-mcp-server/NotebookTools.go:143.2,149.106 2 1
github.com/gebl/onenote-mcp-server/cmd/onenote-mcp-server/NotebookTools.go:149.106,154.24 4 0
github.com/gebl/onenote-mcp-server/cmd/onenote-mcp-server/NotebookTools.go:154.24,158.18 4 0
github.com/gebl/onenote-mcp-server/cmd/onenote-mcp-server/NotebookTools.go:158.18,161.5 2 0
github.com/gebl/onenote-mcp-server/cmd/onenote-mcp-server/NotebookTools.go:164.3,165.17 2 0
github.com/gebl/onenote-mcp-server/cmd/onenote-mcp-server/NotebookTools.go:165.17,168.4 2 0
github.com/gebl/onenote-mcp-server/cmd/onenote-mcp-server/NotebookTools.go:170.3,174.37 3 0
github.com/gebl/onenote-mcp-server/cmd/onenote-mcp-server/NotebookTools.go:174.37,175.43 1 0
github.com/gebl/onenote-mcp-server/cmd/onenote-mcp-server/NotebookTools.go:175.43,179.5 3 0
github.com/gebl/onenote-mcp-server/cmd/onenote-mcp-server/NotebookTools.go:181.3,184.17 3 0
github.com/gebl/onenote-mcp-server/cmd/onenote-mcp-server/NotebookTools.go:184.17,187.4 2 0
github.com/gebl/onenote-mcp-server/cmd/onenote-mcp-server/NotebookTools.go:190.3,191.14 2 0
github.com/gebl/onenote-mcp-server/cmd/onenote-mcp-server/NotebookTools.go:191.14,194.4 2 0
github.com/gebl/onenote-mcp-server/cmd/onenote-mcp-server/NotebookTools.go:196.3,202.17 3 0
github.com/gebl/onenote-mcp-server/cmd/onenote-mcp-server/NotebookTools.go:202.17,205.4 2 0
github.com/gebl/onenote-mcp-server/cmd/onenote-mcp-server/NotebookTools.go:207.3,209.55 3 0
github.com/gebl/onenote-mcp-server/cmd/onenote-mcp-server/NotebookTools.go:211.2,211.111 1 1
github.com/gebl/onenote-mcp-server/cmd/onenote-mcp-server/NotebookTools.go:211.111,213.3 1 0
github.com/gebl/onenote-mcp-server/cmd/onenote-mcp-server/NotebookTools.go:216.2,222.111 2 1
github.com/gebl/onenote-mcp-server/cmd/onenote-mcp-server/NotebookTools.go:222.111,227.24 4 0
github.com/gebl/onenote-mcp-server/cmd/onenote-mcp-server/NotebookTools.go:227.24,231.18 4 0
github.com/gebl/onenote-mcp-server/cmd/onenote-mcp-server/NotebookTools.go:231.18,234.5 2 0
github.com/gebl/onenote-mcp-server/cmd/onenote-mcp-server/NotebookTools.go:237.3,238.17 2 0
github.com/gebl/onenote-mcp-server/cmd/onenote-mcp-server/NotebookTools.go:238.17,241.4 2 0
github.com/gebl/onenote-mcp-server/cmd/onenote-mcp-server/NotebookTools.go:243.3,247.37 3 0
github.com/gebl/onenote-mcp-server/cmd/onenote-mcp-server/NotebookTools.go:247.37,248.43 1 0
github.com/gebl/onenote-mcp-server/cmd/onenote-mcp-server/NotebookTools.go:248.43,252.5 3 0
github.com/gebl/onenote-mcp-server/cmd/onenote-mcp-server/NotebookTools.go:254.3,257.17 3 0
github.com/gebl/onenote-mcp-server/cmd/onenote-mcp-server/NotebookTools.go:257.17,260.4 2 0
github.com/gebl/onenote-mcp-server/cmd/onenote-mcp-server/NotebookTools.go:263.3,264.14 2 0
github.com/gebl/onenote-mcp-server/cmd/onenote-mcp-server/NotebookTools.go:264.14,267.4 2 0
github.com/gebl/onenote-mcp-server/cmd/onenote-mcp-server/NotebookTools.go:269.3,275.17 3 0
github.com/gebl/onenote-mcp-server/cmd/onenote-mcp-server/NotebookTools.go:275.17,278.4 2 0
github.com/gebl/onenote-mcp-server/cmd/onenote-mcp-server/NotebookTools.go:280.3,282.55 3 0
github.com/gebl/onenote-mcp-server/cmd/onenote-mcp-server/NotebookTools.go:284.2,284.116 1 1
github.com/gebl/onenote-mcp-server/cmd/onenote-mcp-server/NotebookTools.go:284.116,286.3 1 0
github.com/gebl/onenote-mcp-server/cmd/onenote-mcp-server/NotebookTools.go:289.2,293.112 2 1
github.com/gebl/onenote-mcp-server/cmd/onenote-mcp-server/NotebookTools.go:293.112,298.13 4 0
github.com/gebl/onenote-mcp-server/cmd/onenote-mcp-server/NotebookTools.go:298.13,301.4 2 0
github.com/gebl/onenote-mcp-server/cmd/onenote-mcp-server/NotebookTools.go:303.3,304.17 2 0
github.com/gebl/onenote-mcp-server/cmd/onenote-mcp-server/NotebookTools.go:304.17,307.4 2 0
github.com/gebl/onenote-mcp-server/cmd/onenote-mcp-server/NotebookTools.go:309.3,310.60 2 0
github.com/gebl/onenote-mcp-server/cmd/onenote-mcp-server/NotebookTools.go:310.60,314.4 1 0
github.com/gebl/onenote-mcp-server/cmd/onenote-mcp-server/NotebookTools.go:316.3,316.55 1 0
github.com/gebl/onenote-mcp-server/cmd/onenote-mcp-server/NotebookTools.go:318.2,318.117 1 1
github.com/gebl/onenote-mcp-server/cmd/onenote-mcp-server/NotebookTools.go:318.117,320.3 1 0
github.com/gebl/onenote-mcp-server/cmd/onenote-mcp-server/NotebookTools.go:323.2,328.107 2 1
github.com/gebl/onenote-mcp-server/cmd/onenote-mcp-server/NotebookTools.go:328.107,333.30 4 0
github.com/gebl/onenote-mcp-server/cmd/onenote-mcp-server/NotebookTools.go:333.30,336.4 2 0
github.com/gebl/onenote-mcp-server/cmd/onenote-mcp-server/NotebookTools.go:338.3,346.17 5 0
github.com/gebl/onenote-mcp-server/cmd/onenote-mcp-server/NotebookTools.go:346.17,352.22 3 0
github.com/gebl/onenote-mcp-server/cmd/onenote-mcp-server/NotebookTools.go:352.22,356.5 2 0
github.com/gebl/onenote-mcp-server/cmd/onenote-mcp-server/NotebookTools.go:359.4,360.41 2 0
github.com/gebl/onenote-mcp-server/cmd/onenote-mcp-server/NotebookTools.go:360.41,361.64 1 0
github.com/gebl/onenote-mcp-server/cmd/onenote-mcp-server/NotebookTools.go:361.64,364.11 3 0
github.com/gebl/onenote-mcp-server/cmd/onenote-mcp-server/NotebookTools.go:368.4,368.14 1 0
github.com/gebl/onenote-mcp-server/cmd/onenote-mcp-server/NotebookTools.go:368.14,372.5 2 0
github.com/gebl/onenote-mcp-server/cmd/onenote-mcp-server/NotebookTools.go:376.3,377.46 2 0
github.com/gebl/onenote-mcp-server/cmd/onenote-mcp-server/NotebookTools.go:377.46,378.77 1 0
github.com/gebl/onenote-mcp-server/cmd/onenote-mcp-server/NotebookTools.go:378.77,383.5 2 0
github.com/gebl/onenote-mcp-server/cmd/onenote-mcp-server/NotebookTools.go:384.4,385.42 1 0
github.com/gebl/onenote-mcp-server/cmd/onenote-mcp-server/NotebookTools.go:389.3,399.17 4 0
github.com/gebl/onenote-mcp-server/cmd/onenote-mcp-server/NotebookTools.go:399.17,402.4 2 0
github.com/gebl/onenote-mcp-server/cmd/onenote-mcp-server/NotebookTools.go:404.3,405.62 2 0
github.com/gebl/onenote-mcp-server/cmd/onenote-mcp-server/NotebookTools.go:405.62,410.4 1 0
github.com/gebl/onenote-mcp-server/cmd/onenote-mcp-server/NotebookTools.go:412.3,412.55 1 0
github.com/gebl/onenote-mcp-server/cmd/onenote-mcp-server/NotebookTools.go:414.2,414.112 1 1
github.com/gebl/onenote-mcp-server/cmd/onenote-mcp-server/NotebookTools.go:414.112,416.3 1 0
github.com/gebl/onenote-mcp-server/cmd/onenote-mcp-server/NotebookTools.go:419.2,423.112 2 1
github.com/gebl/onenote-mcp-server/cmd/onenote-mcp-server/NotebookTools.go:423.112,429.13 4 0
github.com/gebl/onenote-mcp-server/cmd/onenote-mcp-server/NotebookTools.go:429.13,432.4 2 0
github.com/gebl/onenote-mcp-server/cmd/onenote-mcp-server/NotebookTools.go:436.3,439.53 2 0
github.com/gebl/onenote-mcp-server/cmd/onenote-mcp-server/NotebookTools.go:439.53,441.4 1 0
github.com/gebl/onenote-mcp-server/cmd/onenote-mcp-server/NotebookTools.go:444.3,444.29 1 0
github.com/gebl/onenote-mcp-server/cmd/onenote-mcp-server/NotebookTools.go:444.29,445.67 1 0
github.com/gebl/onenote-mcp-server/cmd/onenote-mcp-server/NotebookTools.go:445.67,447.5 1 0
github.com/gebl/onenote-mcp-server/cmd/onenote-mcp-server/NotebookTools.go:450.3,454.69 2 0
github.com/gebl/onenote-mcp-server/cmd/onenote-mcp-server/NotebookTools.go:454.69,461.36 3 0
github.com/gebl/onenote-mcp-server/cmd/onenote-mcp-server/NotebookTools.go:462.16,464.101 2 0
github.com/gebl/onenote-mcp-server/cmd/onenote-mcp-server/NotebookTools.go:465.13,467.123 2 0
github.com/gebl/onenote-mcp-server/cmd/onenote-mcp-server/NotebookTools.go:468.15,470.125 2 0
github.com/gebl/onenote-mcp-server/cmd/onenote-mcp-server/NotebookTools.go:471.17,473.39 1 0
github.com/gebl/onenote-mcp-server/cmd/onenote-mcp-server/NotebookTools.go:473.39,475.6 1 0
github.com/gebl/onenote-mcp-server/cmd/onenote-mcp-server/NotebookTools.go:475.11,477.6 1 0
github.com/gebl/onenote-mcp-server/cmd/onenote-mcp-server/NotebookTools.go:478.5,481.56 1 0
github.com/gebl/onenote-mcp-server/cmd/onenote-mcp-server/NotebookTools.go:482.12,487.38 2 0
github.com/gebl/onenote-mcp-server/cmd/onenote-mcp-server/NotebookTools.go:489.9,491.4 1 0
github.com/gebl/onenote-mcp-server/cmd/onenote-mcp-server/NotebookTools.go:494.3,494.26 1 0
github.com/gebl/onenote-mcp-server/cmd/onenote-mcp-server/NotebookTools.go:494.26,496.27 2 0
github.com/gebl/onenote-mcp-server/cmd/onenote-mcp-server/NotebookTools.go:496.27,498.5 1 0
github.com/gebl/onenote-mcp-server/cmd/onenote-mcp-server/NotebookTools.go:501.3,508.39 3 0
github.com/gebl/onenote-mcp-server/cmd/onenote-mcp-server/NotebookTools.go:508.39,513.14 3 0
github.com/gebl/onenote-mcp-server/cmd/onenote-mcp-server/NotebookTools.go:513.14,518.83 3 0
github.com/gebl/onenote-mcp-server/cmd/onenote-mcp-server/NotebookTools.go:518.83,520.63 1 0
github.com/gebl/onenote-mcp-server/cmd/onenote-mcp-server/NotebookTools.go:520.63,522.7 1 0
github.com/gebl/onenote-mcp-server/cmd/onenote-mcp-server/NotebookTools.go:522.12,522.84 1 0
github.com/gebl/onenote-mcp-server/cmd/onenote-mcp-server/NotebookTools.go:522.84,524.46 1 0
github.com/gebl/onenote-mcp-server/cmd/onenote-mcp-server/NotebookTools.go:524.46,527.8 2 0
github.com/gebl/onenote-mcp-server/cmd/onenote-mcp-server/NotebookTools.go:532.5,533.48 2 0
github.com/gebl/onenote-mcp-server/cmd/onenote-mcp-server/NotebookTools.go:533.48,536.35 2 0
github.com/gebl/onenote-mcp-server/cmd/onenote-mcp-server/NotebookTools.go:536.35,538.7 1 0
github.com/gebl/onenote-mcp-server/cmd/onenote-mcp-server/NotebookTools.go:541.6,542.39 2 0
github.com/gebl/onenote-mcp-server/cmd/onenote-mcp-server/NotebookTools.go:542.39,549.7 2 0
github.com/gebl/onenote-mcp-server/cmd/onenote-mcp-server/NotebookTools.go:552.6,556.55 3 0
github.com/gebl/onenote-mcp-server/cmd/onenote-mcp-server/NotebookTools.go:556.55,557.48 1 0
github.com/gebl/onenote-mcp-server/cmd/onenote-mcp-server/NotebookTools.go:557.48,558.61 1 0
github.com/gebl/onenote-mcp-server/cmd/onenote-mcp-server/NotebookTools.go:558.61,560.14 2 0
github.com/gebl/onenote-mcp-server/cmd/onenote-mcp-server/NotebookTools.go:565.6,569.42 2 0
github.com/gebl/onenote-mcp-server/cmd/onenote-mcp-server/NotebookTools.go:572.5,582.34 4 0
github.com/gebl/onenote-mcp-server/cmd/onenote-mcp-server/NotebookTools.go:582.34,584.6 1 0
github.com/gebl/onenote-mcp-server/cmd/onenote-mcp-server/NotebookTools.go:587.5,604.19 4 0
github.com/gebl/onenote-mcp-server/cmd/onenote-mcp-server/NotebookTools.go:604.19,607.6 2 0
github.com/gebl/onenote-mcp-server/cmd/onenote-mcp-server/NotebookTools.go:610.5,612.57 2 0
github.com/gebl/onenote-mcp-server/cmd/onenote-mcp-server/NotebookTools.go:617.3,630.17 7 0
github.com/gebl/onenote-mcp-server/cmd/onenote-mcp-server/NotebookTools.go:630.17,633.4 2 0
github.com/gebl/onenote-mcp-server/cmd/onenote-mcp-server/NotebookTools.go:636.3,637.46 2 0
github.com/gebl/onenote-mcp-server/cmd/onenote-mcp-server/NotebookTools.go:637.46,640.33 2 0
github.com/gebl/onenote-mcp-server/cmd/onenote-mcp-server/NotebookTools.go:640.33,642.5 1 0
github.com/gebl/onenote-mcp-server/cmd/onenote-mcp-server/NotebookTools.go:645.4,646.38 2 0
github.com/gebl/onenote-mcp-server/cmd/onenote-mcp-server/NotebookTools.go:646.38,653.5 2 0
github.com/gebl/onenote-mcp-server/cmd/onenote-mcp-server/NotebookTools.go:656.4,660.53 3 0
github.com/gebl/onenote-mcp-server/cmd/onenote-mcp-server/NotebookTools.go:660.53,661.47 1 0
github.com/gebl/onenote-mcp-server/cmd/onenote-mcp-server/NotebookTools.go:661.47,662.59 1 0
github.com/gebl/onenote-mcp-server/cmd/onenote-mcp-server/NotebookTools.go:662.59,664.12 2 0
github.com/gebl/onenote-mcp-server/cmd/onenote-mcp-server/NotebookTools.go:669.4,673.41 2 0
github.com/gebl/onenote-mcp-server/cmd/onenote-mcp-server/NotebookTools.go:677.3,691.32 6 0
github.com/gebl/onenote-mcp-server/cmd/onenote-mcp-server/NotebookTools.go:691.32,693.4 1 0
github.com/gebl/onenote-mcp-server/cmd/onenote-mcp-server/NotebookTools.go:696.3,713.17 4 0
github.com/gebl/onenote-mcp-server/cmd/onenote-mcp-server/NotebookTools.go:713.17,716.4 2 0
github.com/gebl/onenote-mcp-server/cmd/onenote-mcp-server/NotebookTools.go:719.3,721.55 2 0
github.com/gebl/onenote-mcp-server/cmd/onenote-mcp-server/NotebookTools.go:723.2,723.117 1 1
github.com/gebl/onenote-mcp-server/cmd/onenote-mcp-server/NotebookTools.go:723.117,725.3 1 0
github.com/gebl/onenote-mcp-server/cmd/onenote-mcp-server/NotebookTools.go:728.2,732.103 2 1
github.com/gebl/onenote-mcp-server/cmd/onenote-mcp-server/NotebookTools.go:732.103,753.17 8 0
github.com/gebl/onenote-mcp-server/cmd/onenote-mcp-server/NotebookTools.go:753.17,756.4 2 0
github.com/gebl/onenote-mcp-server/cmd/onenote-mcp-server/NotebookTools.go:758.3,758.55 1 0
github.com/gebl/onenote-mcp-server/cmd/onenote-mcp-server/NotebookTools.go:761.2,763.81 2 1
github.com/gebl/onenote-mcp-server/cmd/onenote-mcp-server/NotebookTools.go:767.136,769.2 1 0
github.com/gebl/onenote-mcp-server/cmd/onenote-mcp-server/NotebookTools.go:774.144,780.60 4 0
github.com/gebl/onenote-mcp-server/cmd/onenote-mcp-server/NotebookTools.go:780.60,782.3 1 0
github.com/gebl/onenote-mcp-server/cmd/onenote-mcp-server/NotebookTools.go:783.2,783.62 1 0
github.com/gebl/onenote-mcp-server/cmd/onenote-mcp-server/NotebookTools.go:783.62,785.3 1 0
github.com/gebl/onenote-mcp-server/cmd/onenote-mcp-server/NotebookTools.go:787.2,794.22 2 0
github.com/gebl/onenote-mcp-server/cmd/onenote-mcp-server/NotebookTools.go:794.22,801.3 2 0
github.com/gebl/onenote-mcp-server/cmd/onenote-mcp-server/NotebookTools.go:801.8,803.3 1 0
github.com/gebl/onenote-mcp-server/cmd/onenote-mcp-server/NotebookTools.go:806.2,806.22 1 0
github.com/gebl/onenote-mcp-server/cmd/onenote-mcp-server/NotebookTools.go:806.22,813.3 2 0
github.com/gebl/onenote-mcp-server/cmd/onenote-mcp-server/NotebookTools.go:816.2,817.16 2 0
github.com/gebl/onenote-mcp-server/cmd/onenote-mcp-server/NotebookTools.go:817.16,820.3 2 0
github.com/gebl/onenote-mcp-server/cmd/onenote-mcp-server/NotebookTools.go:823.2,823.22 1 0
github.com/gebl/onenote-mcp-server/cmd/onenote-mcp-server/NotebookTools.go:823.22,831.3 2 0
github.com/gebl/onenote-mcp-server/cmd/onenote-mcp-server/NotebookTools.go:833.2,842.29 5 0
github.com/gebl/onenote-mcp-server/cmd/onenote-mcp-server/NotebookTools.go:842.29,845.21 3 0
github.com/gebl/onenote-mcp-server/cmd/onenote-mcp-server/NotebookTools.go:845.21,847.4 1 0
github.com/gebl/onenote-mcp-server/cmd/onenote-mcp-server/NotebookTools.go:849.3,857.23 2 0
github.com/gebl/onenote-mcp-server/cmd/onenote-mcp-server/NotebookTools.go:857.23,866.4 3 0
github.com/gebl/onenote-mcp-server/cmd/onenote-mcp-server/NotebookTools.go:869.3,870.17 2 0
github.com/gebl/onenote-mcp-server/cmd/onenote-mcp-server/NotebookTools.go:870.17,876.12 2 0
github.com/gebl/onenote-mcp-server/cmd/onenote-mcp-server/NotebookTools.go:880.3,880.23 1 0
github.com/gebl/onenote-mcp-server/cmd/onenote-mcp-server/NotebookTools.go:880.23,889.4 3 0
github.com/gebl/onenote-mcp-server/cmd/onenote-mcp-server/NotebookTools.go:891.3,898.19 3 0
github.com/gebl/onenote-mcp-server/cmd/onenote-mcp-server/NotebookTools.go:902.2,902.22 1 0
github.com/gebl/onenote-mcp-server/cmd/onenote-mcp-server/NotebookTools.go:902.22,909.3 2 0
github.com/gebl/onenote-mcp-server/cmd/onenote-mcp-server/NotebookTools.go:909.8,913.3 1 0
github.com/gebl/onenote-mcp-server/cmd/onenote-mcp-server/NotebookTools.go:915.2,919.26 2 0
github.com/gebl/onenote-mcp-server/cmd/onenote-mcp-server/NotebookTools.go:923.71,924.43 1 0
github.com/gebl/onenote-mcp-server/cmd/onenote-mcp-server/NotebookTools.go:924.43,926.3 1 0
github.com/gebl/onenote-mcp-server/cmd/onenote-mcp-server/NotebookTools.go:927.2,927.11 1 0
github.com/gebl/onenote-mcp-server/cmd/onenote-mcp-server/NotebookTools.go:931.71,933.2 1 0
github.com/gebl/onenote-mcp-server/cmd/onenote-mcp-server/NotebookTools.go:936.172,949.60 6 0
github.com/gebl/onenote-mcp-server/cmd/onenote-mcp-server/NotebookTools.go:949.60,951.3 1 0
github.com/gebl/onenote-mcp-server/cmd/onenote-mcp-server/NotebookTools.go:952.2,952.62 1 0
github.com/gebl/onenote-mcp-server/cmd/onenote-mcp-server/NotebookTools.go:952.62,954.3 1 0
github.com/gebl/onenote-mcp-server/cmd/onenote-mcp-server/NotebookTools.go:956.2,977.32 5 0
github.com/gebl/onenote-mcp-server/cmd/onenote-mcp-server/NotebookTools.go:977.32,985.23 2 0
github.com/gebl/onenote-mcp-server/cmd/onenote-mcp-server/NotebookTools.go:985.23,993.4 3 0
github.com/gebl/onenote-mcp-server/cmd/onenote-mcp-server/NotebookTools.go:993.9,996.4 1 0
github.com/gebl/onenote-mcp-server/cmd/onenote-mcp-server/NotebookTools.go:999.3,999.23 1 0
github.com/gebl/onenote-mcp-server/cmd/onenote-mcp-server/NotebookTools.go:999.23,1007.4 3 0
github.com/gebl/onenote-mcp-server/cmd/onenote-mcp-server/NotebookTools.go:1009.3,1010.17 2 0
github.com/gebl/onenote-mcp-server/cmd/onenote-mcp-server/NotebookTools.go:1010.17,1018.4 3 0
github.com/gebl/onenote-mcp-server/cmd/onenote-mcp-server/NotebookTools.go:1021.3,1021.23 1 0
github.com/gebl/onenote-mcp-server/cmd/onenote-mcp-server/NotebookTools.go:1021.23,1030.4 3 0
github.com/gebl/onenote-mcp-server/cmd/onenote-mcp-server/NotebookTools.go:1032.3,1038.49 3 0
github.com/gebl/onenote-mcp-server/cmd/onenote-mcp-server/NotebookTools.go:1038.49,1041.23 3 0
github.com/gebl/onenote-mcp-server/cmd/onenote-mcp-server/NotebookTools.go:1041.23,1043.5 1 0
github.com/gebl/onenote-mcp-server/cmd/onenote-mcp-server/NotebookTools.go:1045.4,1054.47 2 0
github.com/gebl/onenote-mcp-server/cmd/onenote-mcp-server/NotebookTools.go:1054.47,1066.5 5 0
github.com/gebl/onenote-mcp-server/cmd/onenote-mcp-server/NotebookTools.go:1070.4,1073.18 4 0
github.com/gebl/onenote-mcp-server/cmd/onenote-mcp-server/NotebookTools.go:1073.18,1079.13 2 0
github.com/gebl/onenote-mcp-server/cmd/onenote-mcp-server/NotebookTools.go:1083.4,1083.47 1 0
github.com/gebl/onenote-mcp-server/cmd/onenote-mcp-server/NotebookTools.go:1083.47,1094.5 5 0
github.com/gebl/onenote-mcp-server/cmd/onenote-mcp-server/NotebookTools.go:1096.4,1102.49 2 0
github.com/gebl/onenote-mcp-server/cmd/onenote-mcp-server/NotebookTools.go:1105.3,1108.23 2 0
github.com/gebl/onenote-mcp-server/cmd/onenote-mcp-server/NotebookTools.go:1108.23,1118.4 4 0
github.com/gebl/onenote-mcp-server/cmd/onenote-mcp-server/NotebookTools.go:1120.3,1124.41 1 0
github.com/gebl/onenote-mcp-server/cmd/onenote-mcp-server/NotebookTools.go:1125.8,1133.23 3 0
github.com/gebl/onenote-mcp-server/cmd/onenote-mcp-server/NotebookTools.go:1133.23,1142.4 4 0
github.com/gebl/onenote-mcp-server/cmd/onenote-mcp-server/NotebookTools.go:1145.2,1145.25 1 0
github.com/gebl/onenote-mcp-server/cmd/onenote-mcp-server/NotebookTools.go:1149.67,1158.53 1 0
github.com/gebl/onenote-mcp-server/cmd/onenote-mcp-server/NotebookTools.go:1158.53,1160.3 1 0
github.com/gebl/onenote-mcp-server/cmd/onenote-mcp-server/NotebookTools.go:1162.2,1162.62 1 0
github.com/gebl/onenote-mcp-server/cmd/onenote-mcp-server/NotebookTools.go:1162.62,1164.3 1 0
github.com/gebl/onenote-mcp-server/cmd/onenote-mcp-server/NotebookTools.go:1166.2,1166.77 1 0
github.com/gebl/onenote-mcp-server/cmd/onenote-mcp-server/NotebookTools.go:1166.77,1168.3 1 0
github.com/gebl/onenote-mcp-server/cmd/onenote-mcp-server/NotebookTools.go:1172.2,1173.18 2 0
github.com/gebl/onenote-mcp-server/cmd/onenote-mcp-server/NotebookTools.go:1177.71,1185.69 2 0
github.com/gebl/onenote-mcp-server/cmd/onenote-mcp-server/NotebookTools.go:1185.69,1186.65 1 0
github.com/gebl/onenote-mcp-server/cmd/onenote-mcp-server/NotebookTools.go:1186.65,1188.49 2 0
github.com/gebl/onenote-mcp-server/cmd/onenote-mcp-server/NotebookTools.go:1188.49,1189.68 1 0
github.com/gebl/onenote-mcp-server/cmd/onenote-mcp-server/NotebookTools.go:1189.68,1192.6 2 0
github.com/gebl/onenote-mcp-server/cmd/onenote-mcp-server/NotebookTools.go:1194.4,1194.35 1 0
github.com/gebl/onenote-mcp-server/cmd/onenote-mcp-server/NotebookTools.go:1198.2,1198.20 1 0
github.com/gebl/onenote-mcp-server/cmd/onenote-mcp-server/PageResources.go:51.96,65.130 4 0
github.com/gebl/onenote-mcp-server/cmd/onenote-mcp-server/PageResources.go:65.130,73.28 3 0
github.com/gebl/onenote-mcp-server/cmd/onenote-mcp-server/PageResources.go:73.28,78.4 2 0
github.com/gebl/onenote-mcp-server/cmd/onenote-mcp-server/PageResources.go:80.3,86.17 3 0
github.com/gebl/onenote-mcp-server/cmd/onenote-mcp-server/PageResources.go:86.17,91.4 2 0
github.com/gebl/onenote-mcp-server/cmd/onenote-mcp-server/PageResources.go:93.3,105.9 3 0
github.com/gebl/onenote-mcp-server/cmd/onenote-mcp-server/PageResources.go:107.2,121.136 4 0
github.com/gebl/onenote-mcp-server/cmd/onenote-mcp-server/PageResources.go:121.136,129.19 3 0
github.com/gebl/onenote-mcp-server/cmd/onenote-mcp-server/PageResources.go:129.19,134.4 2 0
github.com/gebl/onenote-mcp-server/cmd/onenote-mcp-server/PageResources.go:136.3,142.17 3 0
github.com/gebl/onenote-mcp-server/cmd/onenote-mcp-server/PageResources.go:142.17,147.4 2 0
github.com/gebl/onenote-mcp-server/cmd/onenote-mcp-server/PageResources.go:149.3,161.9 3 0
github.com/gebl/onenote-mcp-server/cmd/onenote-mcp-server/PageResources.go:163.2,169.25 2 0
github.com/gebl/onenote-mcp-server/cmd/onenote-mcp-server/PageResources.go:175.60,178.70 2 0
github.com/gebl/onenote-mcp-server/cmd/onenote-mcp-server/PageResources.go:178.70,181.17 2 0
github.com/gebl/onenote-mcp-server/cmd/onenote-mcp-server/PageResources.go:181.17,187.4 2 0
github.com/gebl/onenote-mcp-server/cmd/onenote-mcp-server/PageResources.go:188.3,192.22 2 0
github.com/gebl/onenote-mcp-server/cmd/onenote-mcp-server/PageResources.go:194.2,194.11 1 0
github.com/gebl/onenote-mcp-server/cmd/onenote-mcp-server/PageResources.go:198.50,201.69 2 0
github.com/gebl/onenote-mcp-server/cmd/onenote-mcp-server/PageResources.go:201.69,204.17 2 0
github.com/gebl/onenote-mcp-server/cmd/onenote-mcp-server/PageResources.go:204.17,210.4 2 0
github.com/gebl/onenote-mcp-server/cmd/onenote-mcp-server/PageResources.go:211.3,215.22 2 0
github.com/gebl/onenote-mcp-server/cmd/onenote-mcp-server/PageResources.go:217.2,217.11 1 0
github.com/gebl/onenote-mcp-server/cmd/onenote-mcp-server/PageResources.go:221.132,230.14 4 0
github.com/gebl/onenote-mcp-server/cmd/onenote-mcp-server/PageResources.go:230.14,232.3 1 0
github.com/gebl/onenote-mcp-server/cmd/onenote-mcp-server/PageResources.go:235.2,242.14 4 0
github.com/gebl/onenote-mcp-server/cmd/onenote-mcp-server/PageResources.go:242.14,244.3 1 0
github.com/gebl/onenote-mcp-server/cmd/onenote-mcp-server/PageResources.go:247.2,248.16 2 0
github.com/gebl/onenote-mcp-server/cmd/onenote-mcp-server/PageResources.go:248.16,253.3 2 0
github.com/gebl/onenote-mcp-server/cmd/onenote-mcp-server/PageResources.go:256.2,256.14 1 0
github.com/gebl/onenote-mcp-server/cmd/onenote-mcp-server/PageResources.go:256.14,258.3 1 0
github.com/gebl/onenote-mcp-server/cmd/onenote-mcp-server/PageResources.go:260.2,264.25 2 0
github.com/gebl/onenote-mcp-server/cmd/onenote-mcp-server/PageResources.go:268.142,277.14 4 0
github.com/gebl/onenote-mcp-server/cmd/onenote-mcp-server/PageResources.go:277.14,279.3 1 0
github.com/gebl/onenote-mcp-server/cmd/onenote-mcp-server/PageResources.go:282.2,291.16 6 0
github.com/gebl/onenote-mcp-server/cmd/onenote-mcp-server/PageResources.go:291.16,296.3 2 0
github.com/gebl/onenote-mcp-server/cmd/onenote-mcp-server/PageResources.go:298.2,303.14 2 0
github.com/gebl/onenote-mcp-server/cmd/onenote-mcp-server/PageResources.go:303.14,305.3 1 0
github.com/gebl/onenote-mcp-server/cmd/onenote-mcp-server/PageResources.go:308.2,309.16 2 0
github.com/gebl/onenote-mcp-server/cmd/onenote-mcp-server/PageResources.go:309.16,315.3 2 0
github.com/gebl/onenote-mcp-server/cmd/onenote-mcp-server/PageResources.go:318.2,318.14 1 0
github.com/gebl/onenote-mcp-server/cmd/onenote-mcp-server/PageResources.go:318.14,320.3 1 0
github.com/gebl/onenote-mcp-server/cmd/onenote-mcp-server/PageResources.go:323.2,324.33 2 0
github.com/gebl/onenote-mcp-server/cmd/onenote-mcp-server/PageResources.go:324.33,328.45 2 0
github.com/gebl/onenote-mcp-server/cmd/onenote-mcp-server/PageResources.go:328.45,330.4 1 0
github.com/gebl/onenote-mcp-server/cmd/onenote-mcp-server/PageResources.go:333.3,333.47 1 0
github.com/gebl/onenote-mcp-server/cmd/onenote-mcp-server/PageResources.go:333.47,335.4 1 0
github.com/gebl/onenote-mcp-server/cmd/onenote-mcp-server/PageResources.go:335.9,335.46 1 0
github.com/gebl/onenote-mcp-server/cmd/onenote-mcp-server/PageResources.go:335.46,337.4 1 0
github.com/gebl/onenote-mcp-server/cmd/onenote-mcp-server/PageResources.go:339.3,339.54 1 0
github.com/gebl/onenote-mcp-server/cmd/onenote-mcp-server/PageResources.go:343.2,352.14 2 0
github.com/gebl/onenote-mcp-server/cmd/onenote-mcp-server/PageResources.go:352.14,354.3 1 0
github.com/gebl/onenote-mcp-server/cmd/onenote-mcp-server/PageResources.go:356.2,357.16 2 0
github.com/gebl/onenote-mcp-server/cmd/onenote-mcp-server/PageResources.go:357.16,362.3 2 0
github.com/gebl/onenote-mcp-server/cmd/onenote-mcp-server/PageResources.go:365.2,365.14 1 0
github.com/gebl/onenote-mcp-server/cmd/onenote-mcp-server/PageResources.go:365.14,367.3 1 0
github.com/gebl/onenote-mcp-server/cmd/onenote-mcp-server/PageResources.go:369.2,374.22 2 0
github.com/gebl/onenote-mcp-server/cmd/onenote-mcp-server/PageResources.go:380.129,384.45 2 0
github.com/gebl/onenote-mcp-server/cmd/onenote-mcp-server/PageResources.go:384.45,391.17 3 0
github.com/gebl/onenote-mcp-server/cmd/onenote-mcp-server/PageResources.go:391.17,392.40 1 0
github.com/gebl/onenote-mcp-server/cmd/onenote-mcp-server/PageResources.go:392.40,393.78 1 0
github.com/gebl/onenote-mcp-server/cmd/onenote-mcp-server/PageResources.go:393.78,397.6 2 0
github.com/gebl/onenote-mcp-server/cmd/onenote-mcp-server/PageResources.go:401.3,402.29 1 0
github.com/gebl/onenote-mcp-server/cmd/onenote-mcp-server/PageResources.go:406.2,410.16 3 0
github.com/gebl/onenote-mcp-server/cmd/onenote-mcp-server/PageResources.go:410.16,415.3 2 0
github.com/gebl/onenote-mcp-server/cmd/onenote-mcp-server/PageResources.go:418.2,418.38 1 0
github.com/gebl/onenote-mcp-server/cmd/onenote-mcp-server/PageResources.go:418.38,419.103 1 0
github.com/gebl/onenote-mcp-server/cmd/onenote-mcp-server/PageResources.go:419.103,420.52 1 0
github.com/gebl/onenote-mcp-server/cmd/onenote-mcp-server/PageResources.go:420.52,425.5 2 0
github.com/gebl/onenote-mcp-server/cmd/onenote-mcp-server/PageResources.go:429.2,431.98 2 0
github.com/gebl/onenote-mcp-server/cmd/onenote-mcp-server/PageResources.go:436.45,437.18 1 0
github.com/gebl/onenote-mcp-server/cmd/onenote-mcp-server/PageResources.go:437.18,439.3 1 0
github.com/gebl/onenote-mcp-server/cmd/onenote-mcp-server/PageResources.go:442.2,442.26 1 0
github.com/gebl/onenote-mcp-server/cmd/onenote-mcp-server/PageResources.go:442.26,446.32 1 0
github.com/gebl/onenote-mcp-server/cmd/onenote-mcp-server/PageResources.go:446.32,448.4 1 0
github.com/gebl/onenote-mcp-server/cmd/onenote-mcp-server/PageResources.go:451.2,451.13 1 0
github.com/gebl/onenote-mcp-server/cmd/onenote-mcp-server/PageTools.go:30.281,37.102 2 1
github.com/gebl/onenote-mcp-server/cmd/onenote-mcp-server/PageTools.go:37.102,42.17 4 0
github.com/gebl/onenote-mcp-server/cmd/onenote-mcp-server/PageTools.go:42.17,45.4 2 0
github.com/gebl/onenote-mcp-server/cmd/onenote-mcp-server/PageTools.go:46.3,52.26 3 0
github.com/gebl/onenote-mcp-server/cmd/onenote-mcp-server/PageTools.go:52.26,54.4 1 0
github.com/gebl/onenote-mcp-server/cmd/onenote-mcp-server/PageTools.go:56.3,56.45 1 0
github.com/gebl/onenote-mcp-server/cmd/onenote-mcp-server/PageTools.go:56.45,58.14 2 0
github.com/gebl/onenote-mcp-server/cmd/onenote-mcp-server/PageTools.go:58.14,61.48 2 0
github.com/gebl/onenote-mcp-server/cmd/onenote-mcp-server/PageTools.go:61.48,64.22 2 0
github.com/gebl/onenote-mcp-server/cmd/onenote-mcp-server/PageTools.go:64.22,66.44 1 0
github.com/gebl/onenote-mcp-server/cmd/onenote-mcp-server/PageTools.go:66.44,71.31 2 0
github.com/gebl/onenote-mcp-server/cmd/onenote-mcp-server/PageTools.go:71.31,73.9 1 0
github.com/gebl/onenote-mcp-server/cmd/onenote-mcp-server/PageTools.go:76.8,76.114 1 0
github.com/gebl/onenote-mcp-server/cmd/onenote-mcp-server/PageTools.go:76.114,78.9 1 0
github.com/gebl/onenote-mcp-server/cmd/onenote-mcp-server/PageTools.go:80.8,80.31 1 0
github.com/gebl/onenote-mcp-server/cmd/onenote-mcp-server/PageTools.go:80.31,82.9 1 0
github.com/gebl/onenote-mcp-server/cmd/onenote-mcp-server/PageTools.go:85.6,85.29 1 0
github.com/gebl/onenote-mcp-server/cmd/onenote-mcp-server/PageTools.go:85.29,87.7 1 0
github.com/gebl/onenote-mcp-server/cmd/onenote-mcp-server/PageTools.go:88.6,89.46 2 0
github.com/gebl/onenote-mcp-server/cmd/onenote-mcp-server/PageTools.go:92.6,98.42 2 0
github.com/gebl/onenote-mcp-server/cmd/onenote-mcp-server/PageTools.go:101.5,110.30 3 0
github.com/gebl/onenote-mcp-server/cmd/onenote-mcp-server/PageTools.go:110.30,114.6 1 0
github.com/gebl/onenote-mcp-server/cmd/onenote-mcp-server/PageTools.go:114.11,127.27 3 0
github.com/gebl/onenote-mcp-server/cmd/onenote-mcp-server/PageTools.go:127.27,130.7 1 0
github.com/gebl/onenote-mcp-server/cmd/onenote-mcp-server/PageTools.go:130.12,132.7 1 0
github.com/gebl/onenote-mcp-server/cmd/onenote-mcp-server/PageTools.go:138.3,140.26 2 0
github.com/gebl/onenote-mcp-server/cmd/onenote-mcp-server/PageTools.go:140.26,142.4 1 0
github.com/gebl/onenote-mcp-server/cmd/onenote-mcp-server/PageTools.go:144.3,146.26 2 0
github.com/gebl/onenote-mcp-server/cmd/onenote-mcp-server/PageTools.go:146.26,148.4 1 0
github.com/gebl/onenote-mcp-server/cmd/onenote-mcp-server/PageTools.go:149.3,149.17 1 0
github.com/gebl/onenote-mcp-server/cmd/onenote-mcp-server/PageTools.go:149.17,152.4 2 0
github.com/gebl/onenote-mcp-server/cmd/onenote-mcp-server/PageTools.go:155.3,156.46 2 0
github.com/gebl/onenote-mcp-server/cmd/onenote-mcp-server/PageTools.go:156.46,159.20 2 0
github.com/gebl/onenote-mcp-server/cmd/onenote-mcp-server/PageTools.go:159.20,161.42 1 0
github.com/gebl/onenote-mcp-server/cmd/onenote-mcp-server/PageTools.go:161.42,166.29 2 0
github.com/gebl/onenote-mcp-server/cmd/onenote-mcp-server/PageTools.go:166.29,168.7 1 0
github.com/gebl/onenote-mcp-server/cmd/onenote-mcp-server/PageTools.go:171.6,171.112 1 0
github.com/gebl/onenote-mcp-server/cmd/onenote-mcp-server/PageTools.go:171.112,173.7 1 0
github.com/gebl/onenote-mcp-server/cmd/onenote-mcp-server/PageTools.go:175.6,175.29 1 0
github.com/gebl/onenote-mcp-server/cmd/onenote-mcp-server/PageTools.go:175.29,177.7 1 0
github.com/gebl/onenote-mcp-server/cmd/onenote-mcp-server/PageTools.go:180.4,180.27 1 0
github.com/gebl/onenote-mcp-server/cmd/onenote-mcp-server/PageTools.go:180.27,182.5 1 0
github.com/gebl/onenote-mcp-server/cmd/onenote-mcp-server/PageTools.go:183.4,184.44 2 0
github.com/gebl/onenote-mcp-server/cmd/onenote-mcp-server/PageTools.go:187.4,195.27 3 0
github.com/gebl/onenote-mcp-server/cmd/onenote-mcp-server/PageTools.go:195.27,197.5 1 0
github.com/gebl/onenote-mcp-server/cmd/onenote-mcp-server/PageTools.go:201.3,203.26 2 0
github.com/gebl/onenote-mcp-server/cmd/onenote-mcp-server/PageTools.go:203.26,205.4 1 0
github.com/gebl/onenote-mcp-server/cmd/onenote-mcp-server/PageTools.go:206.3,215.22 4 0
github.com/gebl/onenote-mcp-server/cmd/onenote-mcp-server/PageTools.go:215.22,217.4 1 0
github.com/gebl/onenote-mcp-server/cmd/onenote-mcp-server/PageTools.go:220.3,220.26 1 0
github.com/gebl/onenote-mcp-server/cmd/onenote-mcp-server/PageTools.go:220.26,222.4 1 0
github.com/gebl/onenote-mcp-server/cmd/onenote-mcp-server/PageTools.go:224.3,235.26 3 0
github.com/gebl/onenote-mcp-server/cmd/onenote-mcp-server/PageTools.go:235.26,237.4 1 0
github.com/gebl/onenote-mcp-server/cmd/onenote-mcp-server/PageTools.go:238.3,238.17 1 0
github.com/gebl/onenote-mcp-server/cmd/onenote-mcp-server/PageTools.go:238.17,241.4 2 0
github.com/gebl/onenote-mcp-server/cmd/onenote-mcp-server/PageTools.go:242.3,242.56 1 0
github.com/gebl/onenote-mcp-server/cmd/onenote-mcp-server/PageTools.go:244.2,254.103 3 1
github.com/gebl/onenote-mcp-server/cmd/onenote-mcp-server/PageTools.go:254.103,259.17 4 0
github.com/gebl/onenote-mcp-server/cmd/onenote-mcp-server/PageTools.go:259.17,262.4 2 0
github.com/gebl/onenote-mcp-server/cmd/onenote-mcp-server/PageTools.go:264.3,265.17 2 0
github.com/gebl/onenote-mcp-server/cmd/onenote-mcp-server/PageTools.go:265.17,268.4 2 0
github.com/gebl/onenote-mcp-server/cmd/onenote-mcp-server/PageTools.go:270.3,271.17 2 0
github.com/gebl/onenote-mcp-server/cmd/onenote-mcp-server/PageTools.go:271.17,274.4 2 0
github.com/gebl/onenote-mcp-server/cmd/onenote-mcp-server/PageTools.go:276.3,280.37 3 0
github.com/gebl/onenote-mcp-server/cmd/onenote-mcp-server/PageTools.go:280.37,281.37 1 0
github.com/gebl/onenote-mcp-server/cmd/onenote-mcp-server/PageTools.go:281.37,285.5 3 0
github.com/gebl/onenote-mcp-server/cmd/onenote-mcp-server/PageTools.go:287.3,297.17 5 0
github.com/gebl/onenote-mcp-server/cmd/onenote-mcp-server/PageTools.go:297.17,300.4 2 0
github.com/gebl/onenote-mcp-server/cmd/onenote-mcp-server/PageTools.go:303.3,308.14 4 0
github.com/gebl/onenote-mcp-server/cmd/onenote-mcp-server/PageTools.go:308.14,311.4 2 0
github.com/gebl/onenote-mcp-server/cmd/onenote-mcp-server/PageTools.go:313.3,322.17 3 0
github.com/gebl/onenote-mcp-server/cmd/onenote-mcp-server/PageTools.go:322.17,325.4 2 0
github.com/gebl/onenote-mcp-server/cmd/onenote-mcp-server/PageTools.go:327.3,329.55 3 0
github.com/gebl/onenote-mcp-server/cmd/onenote-mcp-server/PageTools.go:331.2,340.110 3 1
github.com/gebl/onenote-mcp-server/cmd/onenote-mcp-server/PageTools.go:340.110,345.17 4 0
github.com/gebl/onenote-mcp-server/cmd/onenote-mcp-server/PageTools.go:345.17,348.4 2 0
github.com/gebl/onenote-mcp-server/cmd/onenote-mcp-server/PageTools.go:350.3,351.17 2 0
github.com/gebl/onenote-mcp-server/cmd/onenote-mcp-server/PageTools.go:351.17,354.4 2 0
github.com/gebl/onenote-mcp-server/cmd/onenote-mcp-server/PageTools.go:356.3,366.17 5 0
github.com/gebl/onenote-mcp-server/cmd/onenote-mcp-server/PageTools.go:366.17,369.4 2 0
github.com/gebl/onenote-mcp-server/cmd/onenote-mcp-server/PageTools.go:371.3,383.17 5 0
github.com/gebl/onenote-mcp-server/cmd/onenote-mcp-server/PageTools.go:383.17,386.4 2 0
github.com/gebl/onenote-mcp-server/cmd/onenote-mcp-server/PageTools.go:388.3,388.55 1 0
github.com/gebl/onenote-mcp-server/cmd/onenote-mcp-server/PageTools.go:390.2,399.118 3 1
github.com/gebl/onenote-mcp-server/cmd/onenote-mcp-server/PageTools.go:399.118,404.17 4 0
github.com/gebl/onenote-mcp-server/cmd/onenote-mcp-server/PageTools.go:404.17,407.4 2 0
github.com/gebl/onenote-mcp-server/cmd/onenote-mcp-server/PageTools.go:409.3,410.17 2 0
github.com/gebl/onenote-mcp-server/cmd/onenote-mcp-server/PageTools.go:410.17,413.4 2 0
github.com/gebl/onenote-mcp-server/cmd/onenote-mcp-server/PageTools.go:415.3,419.91 3 0
github.com/gebl/onenote-mcp-server/cmd/onenote-mcp-server/PageTools.go:419.91,422.4 2 0
github.com/gebl/onenote-mcp-server/cmd/onenote-mcp-server/PageTools.go:424.3,428.36 3 0
github.com/gebl/onenote-mcp-server/cmd/onenote-mcp-server/PageTools.go:428.36,429.29 1 0
github.com/gebl/onenote-mcp-server/cmd/onenote-mcp-server/PageTools.go:429.29,451.5 5 0
github.com/gebl/onenote-mcp-server/cmd/onenote-mcp-server/PageTools.go:454.3,455.17 2 0
github.com/gebl/onenote-mcp-server/cmd/onenote-mcp-server/PageTools.go:455.17,458.4 2 0
github.com/gebl/onenote-mcp-server/cmd/onenote-mcp-server/PageTools.go:460.3,471.17 5 0
github.com/gebl/onenote-mcp-server/cmd/onenote-mcp-server/PageTools.go:471.17,474.4 2 0
github.com/gebl/onenote-mcp-server/cmd/onenote-mcp-server/PageTools.go:476.3,476.55 1 0
github.com/gebl/onenote-mcp-server/cmd/onenote-mcp-server/PageTools.go:478.2,486.103 3 1
github.com/gebl/onenote-mcp-server/cmd/onenote-mcp-server/PageTools.go:486.103,491.17 4 0
github.com/gebl/onenote-mcp-server/cmd/onenote-mcp-server/PageTools.go:491.17,494.4 2 0
github.com/gebl/onenote-mcp-server/cmd/onenote-mcp-server/PageTools.go:496.3,499.17 3 0
github.com/gebl/onenote-mcp-server/cmd/onenote-mcp-server/PageTools.go:499.17,502.4 2 0
github.com/gebl/onenote-mcp-server/cmd/onenote-mcp-server/PageTools.go:505.3,510.65 5 0
github.com/gebl/onenote-mcp-server/cmd/onenote-mcp-server/PageTools.go:512.2,522.107 3 1
github.com/gebl/onenote-mcp-server/cmd/onenote-mcp-server/PageTools.go:522.107,527.17 4 0
github.com/gebl/onenote-mcp-server/cmd/onenote-mcp-server/PageTools.go:527.17,530.4 2 0
github.com/gebl/onenote-mcp-server/cmd/onenote-mcp-server/PageTools.go:532.3,541.44 7 0
github.com/gebl/onenote-mcp-server/cmd/onenote-mcp-server/PageTools.go:541.44,542.29 1 0
github.com/gebl/onenote-mcp-server/cmd/onenote-mcp-server/PageTools.go:542.29,544.10 2 0
github.com/gebl/onenote-mcp-server/cmd/onenote-mcp-server/PageTools.go:547.3,547.21 1 0
github.com/gebl/onenote-mcp-server/cmd/onenote-mcp-server/PageTools.go:547.21,550.4 2 0
github.com/gebl/onenote-mcp-server/cmd/onenote-mcp-server/PageTools.go:553.3,553.36 1 0
github.com/gebl/onenote-mcp-server/cmd/onenote-mcp-server/PageTools.go:553.36,556.4 2 0
github.com/gebl/onenote-mcp-server/cmd/onenote-mcp-server/PageTools.go:558.3,562.17 3 0
github.com/gebl/onenote-mcp-server/cmd/onenote-mcp-server/PageTools.go:562.17,565.4 2 0
github.com/gebl/onenote-mcp-server/cmd/onenote-mcp-server/PageTools.go:567.3,571.17 3 0
github.com/gebl/onenote-mcp-server/cmd/onenote-mcp-server/PageTools.go:572.15,574.76 2 0
github.com/gebl/onenote-mcp-server/cmd/onenote-mcp-server/PageTools.go:575.19,578.30 3 0
github.com/gebl/onenote-mcp-server/cmd/onenote-mcp-server/PageTools.go:578.30,581.5 2 0
github.com/gebl/onenote-mcp-server/cmd/onenote-mcp-server/PageTools.go:582.15,585.30 3 0
github.com/gebl/onenote-mcp-server/cmd/onenote-mcp-server/PageTools.go:585.30,588.5 2 0
github.com/gebl/onenote-mcp-server/cmd/onenote-mcp-server/PageTools.go:591.3,607.16 4 0
github.com/gebl/onenote-mcp-server/cmd/onenote-mcp-server/PageTools.go:607.16,609.4 1 0
github.com/gebl/onenote-mcp-server/cmd/onenote-mcp-server/PageTools.go:611.3,612.17 2 0
github.com/gebl/onenote-mcp-server/cmd/onenote-mcp-server/PageTools.go:612.17,615.4 2 0
github.com/gebl/onenote-mcp-server/cmd/onenote-mcp-server/PageTools.go:617.3,617.55 1 0
github.com/gebl/onenote-mcp-server/cmd/onenote-mcp-server/PageTools.go:619.2,630.111 3 1
github.com/gebl/onenote-mcp-server/cmd/onenote-mcp-server/PageTools.go:630.111,644.17 10 0
github.com/gebl/onenote-mcp-server/cmd/onenote-mcp-server/PageTools.go:644.17,647.4 2 0
github.com/gebl/onenote-mcp-server/cmd/onenote-mcp-server/PageTools.go:649.3,653.27 3 0
github.com/gebl/onenote-mcp-server/cmd/onenote-mcp-server/PageTools.go:653.27,656.4 2 0
github.com/gebl/onenote-mcp-server/cmd/onenote-mcp-server/PageTools.go:660.3,665.82 5 0
github.com/gebl/onenote-mcp-server/cmd/onenote-mcp-server/PageTools.go:667.2,675.106 3 1
github.com/gebl/onenote-mcp-server/cmd/onenote-mcp-server/PageTools.go:675.106,680.17 4 0
github.com/gebl/onenote-mcp-server/cmd/onenote-mcp-server/PageTools.go:680.17,683.4 2 0
github.com/gebl/onenote-mcp-server/cmd/onenote-mcp-server/PageTools.go:685.3,688.17 3 0
github.com/gebl/onenote-mcp-server/cmd/onenote-mcp-server/PageTools.go:688.17,691.4 2 0
github.com/gebl/onenote-mcp-server/cmd/onenote-mcp-server/PageTools.go:693.3,694.17 2 0
github.com/gebl/onenote-mcp-server/cmd/onenote-mcp-server/PageTools.go:694.17,697.4 2 0
github.com/gebl/onenote-mcp-server/cmd/onenote-mcp-server/PageTools.go:699.3,701.55 3 0
github.com/gebl/onenote-mcp-server/cmd/onenote-mcp-server/PageTools.go:703.2,712.101 3 1
github.com/gebl/onenote-mcp-server/cmd/onenote-mcp-server/PageTools.go:712.101,717.17 4 0
github.com/gebl/onenote-mcp-server/cmd/onenote-mcp-server/PageTools.go:717.17,720.4 2 0
github.com/gebl/onenote-mcp-server/cmd/onenote-mcp-server/PageTools.go:722.3,723.17 2 0
github.com/gebl/onenote-mcp-server/cmd/onenote-mcp-server/PageTools.go:723.17,726.4 2 0
github.com/gebl/onenote-mcp-server/cmd/onenote-mcp-server/PageTools.go:728.3,731.17 3 0
github.com/gebl/onenote-mcp-server/cmd/onenote-mcp-server/PageTools.go:731.17,734.4 2 0
github.com/gebl/onenote-mcp-server/cmd/onenote-mcp-server/PageTools.go:737.3,741.17 4 0
github.com/gebl/onenote-mcp-server/cmd/onenote-mcp-server/PageTools.go:741.17,744.4 2 0
github.com/gebl/onenote-mcp-server/cmd/onenote-mcp-server/PageTools.go:746.3,748.55 3 0
github.com/gebl/onenote-mcp-server/cmd/onenote-mcp-server/PageTools.go:750.2,759.101 3 1
github.com/gebl/onenote-mcp-server/cmd/onenote-mcp-server/PageTools.go:759.101,764.17 4 0
github.com/gebl/onenote-mcp-server/cmd/onenote-mcp-server/PageTools.go:764.17,767.4 2 0
github.com/gebl/onenote-mcp-server/cmd/onenote-mcp-server/PageTools.go:769.3,770.17 2 0
github.com/gebl/onenote-mcp-server/cmd/onenote-mcp-server/PageTools.go:770.17,773.4 2 0
github.com/gebl/onenote-mcp-server/cmd/onenote-mcp-server/PageTools.go:775.3,778.17 3 0
github.com/gebl/onenote-mcp-server/cmd/onenote-mcp-server/PageTools.go:778.17,781.4 2 0
github.com/gebl/onenote-mcp-server/cmd/onenote-mcp-server/PageTools.go:785.3,789.17 4 0
github.com/gebl/onenote-mcp-server/cmd/onenote-mcp-server/PageTools.go:789.17,792.4 2 0
github.com/gebl/onenote-mcp-server/cmd/onenote-mcp-server/PageTools.go:794.3,796.55 3 0
github.com/gebl/onenote-mcp-server/cmd/onenote-mcp-server/PageTools.go:798.2,806.102 3 1
github.com/gebl/onenote-mcp-server/cmd/onenote-mcp-server/PageTools.go:806.102,816.69 5 0
github.com/gebl/onenote-mcp-server/cmd/onenote-mcp-server/PageTools.go:816.69,823.36 3 0
github.com/gebl/onenote-mcp-server/cmd/onenote-mcp-server/PageTools.go:824.16,826.101 2 0
github.com/gebl/onenote-mcp-server/cmd/onenote-mcp-server/PageTools.go:827.13,829.123 2 0
github.com/gebl/onenote-mcp-server/cmd/onenote-mcp-server/PageTools.go:830.15,832.125 2 0
github.com/gebl/onenote-mcp-server/cmd/onenote-mcp-server/PageTools.go:833.17,835.39 1 0
github.com/gebl/onenote-mcp-server/cmd/onenote-mcp-server/PageTools.go:835.39,838.6 2 0
github.com/gebl/onenote-mcp-server/cmd/onenote-mcp-server/PageTools.go:838.11,841.6 2 0
github.com/gebl/onenote-mcp-server/cmd/onenote-mcp-server/PageTools.go:842.12,844.45 2 0
github.com/gebl/onenote-mcp-server/cmd/onenote-mcp-server/PageTools.go:846.9,848.4 1 0
github.com/gebl/onenote-mcp-server/cmd/onenote-mcp-server/PageTools.go:850.3,851.17 2 0
github.com/gebl/onenote-mcp-server/cmd/onenote-mcp-server/PageTools.go:851.17,854.4 2 0
github.com/gebl/onenote-mcp-server/cmd/onenote-mcp-server/PageTools.go:857.3,857.27 1 0
[...]
github.com/gebl/onenote-mcp-server/internal/pages/pages.go:910.3,913.37 2 0
github.com/gebl/onenote-mcp-server/internal/pages/pages.go:913.37,918.18 3 0
github.com/gebl/onenote-mcp-server/internal/pages/pages.go:918.18,921.5 2 0
github.com/gebl/onenote-mcp-server/internal/pages/pages.go:923.4,928.10 2 0
github.com/gebl/onenote-mcp-server/internal/pages/pages.go:932.3,932.34 1 0
github.com/gebl/onenote-mcp-server/internal/pages/pages.go:932.34,935.4 2 0
github.com/gebl/onenote-mcp-server/internal/pages/pages.go:938.3,938.35 1 0
github.com/gebl/onenote-mcp-server/internal/pages/pages.go:938.35,940.66 1 0
github.com/gebl/onenote-mcp-server/internal/pages/pages.go:940.66,946.5 1 0
github.com/gebl/onenote-mcp-server/internal/pages/pages.go:946.10,948.5 1 0
github.com/gebl/onenote-mcp-server/internal/pages/pages.go:952.3,952.28 1 0
github.com/gebl/onenote-mcp-server/internal/pages/pages.go:952.28,957.36 2 0
github.com/gebl/onenote-mcp-server/internal/pages/pages.go:957.36,964.5 1 0
github.com/gebl/onenote-mcp-server/internal/pages/pages.go:964.10,971.5 1 0
github.com/gebl/onenote-mcp-server/internal/pages/pages.go:973.4,973.21 1 0
github.com/gebl/onenote-mcp-server/internal/pages/pages.go:977.2,978.91 2 0
github.com/gebl/onenote-mcp-server/internal/pages/pages.go:984.94,989.16 3 0
github.com/gebl/onenote-mcp-server/internal/pages/pages.go:989.16,992.3 2 0
github.com/gebl/onenote-mcp-server/internal/pages/pages.go:995.2,1002.35 4 0
github.com/gebl/onenote-mcp-server/internal/pages/pages.go:1002.35,1004.30 1 0
github.com/gebl/onenote-mcp-server/internal/pages/pages.go:1004.30,1018.5 3 0
github.com/gebl/onenote-mcp-server/internal/pages/pages.go:1021.4,1021.88 1 0
github.com/gebl/onenote-mcp-server/internal/pages/pages.go:1021.88,1024.5 2 0
github.com/gebl/onenote-mcp-server/internal/pages/pages.go:1027.4,1028.18 2 0
github.com/gebl/onenote-mcp-server/internal/pages/pages.go:1028.18,1031.5 2 0
github.com/gebl/onenote-mcp-server/internal/pages/pages.go:1034.4,1034.59 1 0
github.com/gebl/onenote-mcp-server/internal/pages/pages.go:1034.59,1037.5 2 0
github.com/gebl/onenote-mcp-server/internal/pages/pages.go:1038.4,1038.14 1 0
github.com/gebl/onenote-mcp-server/internal/pages/pages.go:1042.2,1042.16 1 0
github.com/gebl/onenote-mcp-server/internal/pages/pages.go:1042.16,1045.3 2 0
github.com/gebl/onenote-mcp-server/internal/pages/pages.go:1048.2,1048.63 1 0
github.com/gebl/onenote-mcp-server/internal/pages/pages.go:1048.63,1050.3 1 0
github.com/gebl/onenote-mcp-server/internal/pages/pages.go:1050.8,1052.3 1 0
github.com/gebl/onenote-mcp-server/internal/pages/pages.go:1053.2,1053.20 1 0
github.com/gebl/onenote-mcp-server/internal/pages/pages.go:1059.105,1064.13 3 1
github.com/gebl/onenote-mcp-server/internal/pages/pages.go:1064.13,1067.3 2 1
github.com/gebl/onenote-mcp-server/internal/pages/pages.go:1070.2,1071.9 2 1
github.com/gebl/onenote-mcp-server/internal/pages/pages.go:1071.9,1074.3 2 1
github.com/gebl/onenote-mcp-server/internal/pages/pages.go:1075.2,1082.22 4 1
github.com/gebl/onenote-mcp-server/internal/pages/pages.go:1082.22,1085.3 2 1
github.com/gebl/onenote-mcp-server/internal/pages/pages.go:1087.2,1091.76 3 1
github.com/gebl/onenote-mcp-server/internal/pages/pages.go:1091.76,1094.3 2 0
github.com/gebl/onenote-mcp-server/internal/pages/pages.go:1096.2,1097.20 2 1
github.com/gebl/onenote-mcp-server/internal/pages/pages.go:1104.102,1110.16 4 0
github.com/gebl/onenote-mcp-server/internal/pages/pages.go:1110.16,1113.3 2 0
github.com/gebl/onenote-mcp-server/internal/pages/pages.go:1114.2,1119.16 4 0
github.com/gebl/onenote-mcp-server/internal/pages/pages.go:1119.16,1123.3 1 0
github.com/gebl/onenote-mcp-server/internal/pages/pages.go:1123.8,1125.3 1 0
github.com/gebl/onenote-mcp-server/internal/pages/pages.go:1127.2,1128.24 2 0
github.com/gebl/onenote-mcp-server/internal/pages/pages.go:1141.102,1145.57 2 0
github.com/gebl/onenote-mcp-server/internal/pages/pages.go:1145.57,1147.50 2 0
github.com/gebl/onenote-mcp-server/internal/pages/pages.go:1147.50,1150.4 2 0
github.com/gebl/onenote-mcp-server/internal/pages/pages.go:1151.3,1151.122 1 0
github.com/gebl/onenote-mcp-server/internal/pages/pages.go:1155.2,1156.16 2 0
github.com/gebl/onenote-mcp-server/internal/pages/pages.go:1156.16,1159.3 2 0
github.com/gebl/onenote-mcp-server/internal/pages/pages.go:1160.2,1161.16 2 0
github.com/gebl/onenote-mcp-server/internal/pages/pages.go:1161.16,1164.3 2 0
github.com/gebl/onenote-mcp-server/internal/pages/pages.go:1166.2,1171.16 4 0
github.com/gebl/onenote-mcp-server/internal/pages/pages.go:1171.16,1174.3 2 0
github.com/gebl/onenote-mcp-server/internal/pages/pages.go:1177.2,1178.40 2 0
github.com/gebl/onenote-mcp-server/internal/pages/pages.go:1178.40,1180.96 2 0
github.com/gebl/onenote-mcp-server/internal/pages/pages.go:1180.96,1185.56 3 0
github.com/gebl/onenote-mcp-server/internal/pages/pages.go:1185.56,1186.50 1 0
github.com/gebl/onenote-mcp-server/internal/pages/pages.go:1186.50,1188.6 1 0
github.com/gebl/onenote-mcp-server/internal/pages/pages.go:1192.4,1193.71 2 0
github.com/gebl/onenote-mcp-server/internal/pages/pages.go:1193.71,1194.64 1 0
github.com/gebl/onenote-mcp-server/internal/pages/pages.go:1194.64,1197.6 2 0
github.com/gebl/onenote-mcp-server/internal/pages/pages.go:1201.4,1202.58 2 0
github.com/gebl/onenote-mcp-server/internal/pages/pages.go:1202.58,1203.52 1 0
github.com/gebl/onenote-mcp-server/internal/pages/pages.go:1203.52,1206.29 2 0
github.com/gebl/onenote-mcp-server/internal/pages/pages.go:1206.29,1208.7 1 0
github.com/gebl/onenote-mcp-server/internal/pages/pages.go:1208.12,1210.7 1 0
github.com/gebl/onenote-mcp-server/internal/pages/pages.go:1211.6,1211.101 1 0
github.com/gebl/onenote-mcp-server/internal/pages/pages.go:1215.4,1223.9 3 0
github.com/gebl/onenote-mcp-server/internal/pages/pages.go:1228.2,1236.39 5 0
github.com/gebl/onenote-mcp-server/internal/pages/pages.go:1236.39,1240.84 2 0
github.com/gebl/onenote-mcp-server/internal/pages/pages.go:1240.84,1243.5 2 0
github.com/gebl/onenote-mcp-server/internal/pages/pages.go:1246.4,1247.22 2 0
github.com/gebl/onenote-mcp-server/internal/pages/pages.go:1247.22,1249.5 1 0
github.com/gebl/onenote-mcp-server/internal/pages/pages.go:1250.4,1251.14 2 0
github.com/gebl/onenote-mcp-server/internal/pages/pages.go:1255.2,1255.16 1 0
github.com/gebl/onenote-mcp-server/internal/pages/pages.go:1255.16,1258.3 2 0
github.com/gebl/onenote-mcp-server/internal/pages/pages.go:1261.2,1267.25 2 0
github.com/gebl/onenote-mcp-server/internal/pages/pages.go:1267.25,1277.39 6 0
github.com/gebl/onenote-mcp-server/internal/pages/pages.go:1277.39,1278.91 1 0
github.com/gebl/onenote-mcp-server/internal/pages/pages.go:1278.91,1281.5 2 0
github.com/gebl/onenote-mcp-server/internal/pages/pages.go:1284.3,1284.32 1 0
github.com/gebl/onenote-mcp-server/internal/pages/pages.go:1284.32,1285.100 1 0
github.com/gebl/onenote-mcp-server/internal/pages/pages.go:1285.100,1288.5 2 0
github.com/gebl/onenote-mcp-server/internal/pages/pages.go:1291.3,1291.32 1 0
github.com/gebl/onenote-mcp-server/internal/pages/pages.go:1291.32,1293.4 1 0
github.com/gebl/onenote-mcp-server/internal/pages/pages.go:1293.9,1298.4 3 0
github.com/gebl/onenote-mcp-server/internal/pages/pages.go:1301.3,1305.75 3 0
github.com/gebl/onenote-mcp-server/internal/pages/pages.go:1305.75,1308.18 3 0
github.com/gebl/onenote-mcp-server/internal/pages/pages.go:1308.18,1310.5 1 0
github.com/gebl/onenote-mcp-server/internal/pages/pages.go:1310.10,1310.21 1 0
github.com/gebl/onenote-mcp-server/internal/pages/pages.go:1310.21,1314.5 3 0
github.com/gebl/onenote-mcp-server/internal/pages/pages.go:1314.10,1316.5 1 0
github.com/gebl/onenote-mcp-server/internal/pages/pages.go:1317.9,1317.46 1 0
github.com/gebl/onenote-mcp-server/internal/pages/pages.go:1317.46,1319.4 1 0
github.com/gebl/onenote-mcp-server/internal/pages/pages.go:1321.3,1321.275 1 0
github.com/gebl/onenote-mcp-server/internal/pages/pages.go:1322.8,1329.3 5 0
github.com/gebl/onenote-mcp-server/internal/pages/pages.go:1332.2,1334.26 3 0
github.com/gebl/onenote-mcp-server/internal/pages/pages.go:1341.85,1345.57 2 0
github.com/gebl/onenote-mcp-server/internal/pages/pages.go:1345.57,1347.50 2 0
github.com/gebl/onenote-mcp-server/internal/pages/pages.go:1347.50,1350.4 2 0
github.com/gebl/onenote-mcp-server/internal/pages/pages.go:1351.3,1351.96 1 0
github.com/gebl/onenote-mcp-server/internal/pages/pages.go:1355.2,1356.16 2 0
github.com/gebl/onenote-mcp-server/internal/pages/pages.go:1356.16,1359.3 2 0
github.com/gebl/onenote-mcp-server/internal/pages/pages.go:1361.2,1365.16 3 0
github.com/gebl/onenote-mcp-server/internal/pages/pages.go:1365.16,1368.3 2 0
github.com/gebl/onenote-mcp-server/internal/pages/pages.go:1370.2,1374.16 3 0
github.com/gebl/onenote-mcp-server/internal/pages/pages.go:1374.16,1377.3 2 0
github.com/gebl/onenote-mcp-server/internal/pages/pages.go:1379.2,1383.33 3 0
github.com/gebl/onenote-mcp-server/internal/pages/pages.go:1383.33,1391.23 3 0
github.com/gebl/onenote-mcp-server/internal/pages/pages.go:1392.14,1393.22 1 0
github.com/gebl/onenote-mcp-server/internal/pages/pages.go:1394.17,1395.70 1 0
github.com/gebl/onenote-mcp-server/internal/pages/pages.go:1395.70,1396.27 1 0
github.com/gebl/onenote-mcp-server/internal/pages/pages.go:1396.27,1398.6 1 0
github.com/gebl/onenote-mcp-server/internal/pages/pages.go:1398.11,1400.6 1 0
github.com/gebl/onenote-mcp-server/internal/pages/pages.go:1401.10,1403.5 1 0
github.com/gebl/onenote-mcp-server/internal/pages/pages.go:1404.11,1405.27 1 0
github.com/gebl/onenote-mcp-server/internal/pages/pages.go:1407.3,1410.75 2 0
github.com/gebl/onenote-mcp-server/internal/pages/pages.go:1410.75,1412.4 1 0
github.com/gebl/onenote-mcp-server/internal/pages/pages.go:1415.3,1417.91 2 0
github.com/gebl/onenote-mcp-server/internal/pages/pages.go:1417.91,1419.4 1 0
github.com/gebl/onenote-mcp-server/internal/pages/pages.go:1421.3,1421.49 1 0
github.com/gebl/onenote-mcp-server/internal/pages/pages.go:1421.49,1422.77 1 0
github.com/gebl/onenote-mcp-server/internal/pages/pages.go:1422.77,1424.5 1 0
github.com/gebl/onenote-mcp-server/internal/pages/pages.go:1427.3,1427.21 1 0
github.com/gebl/onenote-mcp-server/internal/pages/pages.go:1427.21,1429.4 1 0
github.com/gebl/onenote-mcp-server/internal/pages/pages.go:1431.3,1432.201 2 0
github.com/gebl/onenote-mcp-server/internal/pages/pages.go:1435.2,1436.20 2 0
github.com/gebl/onenote-mcp-server/internal/pages/pages.go:1442.61,1443.9 1 0
github.com/gebl/onenote-mcp-server/internal/pages/pages.go:1444.52,1445.16 1 0
github.com/gebl/onenote-mcp-server/internal/pages/pages.go:1446.51,1447.16 1 0
github.com/gebl/onenote-mcp-server/internal/pages/pages.go:1448.51,1449.16 1 0
github.com/gebl/onenote-mcp-server/internal/pages/pages.go:1450.51,1451.16 1 0
github.com/gebl/onenote-mcp-server/internal/pages/pages.go:1452.52,1453.17 1 0
github.com/gebl/onenote-mcp-server/internal/pages/pages.go:1454.51,1455.16 1 0
github.com/gebl/onenote-mcp-server/internal/pages/pages.go:1456.57,1457.16 1 0
github.com/gebl/onenote-mcp-server/internal/pages/pages.go:1458.52,1459.16 1 0
github.com/gebl/onenote-mcp-server/internal/pages/pages.go:1460.51,1461.17 1 0
github.com/gebl/onenote-mcp-server/internal/pages/pages.go:1462.58,1463.17 1 0
github.com/gebl/onenote-mcp-server/internal/pages/pages.go:1464.57,1465.16 1 0
github.com/gebl/onenote-mcp-server/internal/pages/pages.go:1466.57,1467.16 1 0
github.com/gebl/onenote-mcp-server/internal/pages/pages.go:1468.87,1469.56 1 0
github.com/gebl/onenote-mcp-server/internal/pages/pages.go:1469.56,1471.4 1 0
github.com/gebl/onenote-mcp-server/internal/pages/pages.go:1471.9,1471.60 1 0
github.com/gebl/onenote-mcp-server/internal/pages/pages.go:1471.60,1473.4 1 0
github.com/gebl/onenote-mcp-server/internal/pages/pages.go:1473.9,1473.61 1 0
github.com/gebl/onenote-mcp-server/internal/pages/pages.go:1473.61,1475.4 1 0
github.com/gebl/onenote-mcp-server/internal/pages/pages.go:1476.3,1476.19 1 0
github.com/gebl/onenote-mcp-server/internal/pages/pages.go:1477.10,1478.12 1 0
github.com/gebl/onenote-mcp-server/internal/pages/pages.go:1483.77,1486.43 2 0
github.com/gebl/onenote-mcp-server/internal/pages/pages.go:1486.43,1489.3 2 0
github.com/gebl/onenote-mcp-server/internal/pages/pages.go:1489.8,1491.3 1 0
github.com/gebl/onenote-mcp-server/internal/pages/pages.go:1493.2,1493.20 1 0
github.com/gebl/onenote-mcp-server/internal/pages/pages.go:1498.93,1503.15 3 0
github.com/gebl/onenote-mcp-server/internal/pages/pages.go:1503.15,1505.3 1 0
github.com/gebl/onenote-mcp-server/internal/pages/pages.go:1505.8,1507.3 1 0
github.com/gebl/onenote-mcp-server/internal/pages/pages.go:1509.2,1510.17 2 0
github.com/gebl/onenote-mcp-server/internal/pages/pages.go:1515.97,1522.16 4 0
github.com/gebl/onenote-mcp-server/internal/pages/pages.go:1522.16,1525.3 2 0
github.com/gebl/onenote-mcp-server/internal/pages/pages.go:1528.2,1529.32 2 0
github.com/gebl/onenote-mcp-server/internal/pages/pages.go:1529.32,1530.33 1 0
github.com/gebl/onenote-mcp-server/internal/pages/pages.go:1530.33,1531.45 1 0
github.com/gebl/onenote-mcp-server/internal/pages/pages.go:1531.45,1534.33 2 0
github.com/gebl/onenote-mcp-server/internal/pages/pages.go:1534.33,1537.6 2 0
github.com/gebl/onenote-mcp-server/internal/pages/pages.go:1540.5,1543.24 3 0
github.com/gebl/onenote-mcp-server/internal/pages/pages.go:1543.24,1545.6 1 0
github.com/gebl/onenote-mcp-server/internal/pages/pages.go:1545.11,1545.34 1 0
github.com/gebl/onenote-mcp-server/internal/pages/pages.go:1545.34,1547.6 1 0
github.com/gebl/onenote-mcp-server/internal/pages/pages.go:1549.5,1549.64 1 0
github.com/gebl/onenote-mcp-server/internal/pages/pages.go:1549.64,1552.26 3 0
github.com/gebl/onenote-mcp-server/internal/pages/pages.go:1552.26,1561.7 2 0
github.com/gebl/onenote-mcp-server/internal/pages/pages.go:1567.3,1567.54 1 0
github.com/gebl/onenote-mcp-server/internal/pages/pages.go:1567.54,1569.4 1 0
github.com/gebl/onenote-mcp-server/internal/pages/pages.go:1573.2,1576.23 3 0
github.com/gebl/onenote-mcp-server/internal/pages/pages.go:1580.43,1587.22 3 1
github.com/gebl/onenote-mcp-server/internal/pages/pages.go:1587.22,1589.3 1 1
github.com/gebl/onenote-mcp-server/internal/pages/pages.go:1590.2,1590.11 1 1
github.com/gebl/onenote-mcp-server/internal/graph/client.go:63.44,68.16 3 1
github.com/gebl/onenote-mcp-server/internal/graph/client.go:68.16,69.70 1 0
github.com/gebl/onenote-mcp-server/internal/graph/client.go:71.2,75.3 2 1
github.com/gebl/onenote-mcp-server/internal/graph/client.go:85.159,88.16 2 1
github.com/gebl/onenote-mcp-server/internal/graph/client.go:88.16,91.3 2 0
github.com/gebl/onenote-mcp-server/internal/graph/client.go:93.2,103.16 4 1
github.com/gebl/onenote-mcp-server/internal/graph/client.go:103.16,104.70 1 0
github.com/gebl/onenote-mcp-server/internal/graph/client.go:106.2,115.3 2 1
github.com/gebl/onenote-mcp-server/internal/graph/client.go:125.176,128.2 2 0
github.com/gebl/onenote-mcp-server/internal/graph/client.go:131.107,133.2 1 1
github.com/gebl/onenote-mcp-server/internal/graph/client.go:136.66,138.2 1 1
github.com/gebl/onenote-mcp-server/internal/graph/client.go:141.47,143.27 2 1
github.com/gebl/onenote-mcp-server/internal/graph/client.go:143.27,145.3 1 1
github.com/gebl/onenote-mcp-server/internal/graph/client.go:148.2,148.45 1 1
github.com/gebl/onenote-mcp-server/internal/graph/client.go:148.45,153.3 4 1
github.com/gebl/onenote-mcp-server/internal/graph/client.go:155.2,155.92 1 1
github.com/gebl/onenote-mcp-server/internal/graph/client.go:162.57,164.2 1 1
github.com/gebl/onenote-mcp-server/internal/graph/client.go:167.47,168.51 1 1
github.com/gebl/onenote-mcp-server/internal/graph/client.go:168.51,170.3 1 1
github.com/gebl/onenote-mcp-server/internal/graph/client.go:172.2,172.33 1 1
github.com/gebl/onenote-mcp-server/internal/graph/client.go:172.33,175.3 2 1
github.com/gebl/onenote-mcp-server/internal/graph/client.go:177.2,181.16 3 1
github.com/gebl/onenote-mcp-server/internal/graph/client.go:181.16,183.3 1 1
github.com/gebl/onenote-mcp-server/internal/graph/client.go:186.2,192.27 5 0
github.com/gebl/onenote-mcp-server/internal/graph/client.go:192.27,194.3 1 0
github.com/gebl/onenote-mcp-server/internal/graph/client.go:197.2,197.23 1 0
github.com/gebl/onenote-mcp-server/internal/graph/client.go:197.23,200.17 2 0
github.com/gebl/onenote-mcp-server/internal/graph/client.go:200.17,203.4 2 0
github.com/gebl/onenote-mcp-server/internal/graph/client.go:205.3,206.65 2 0
github.com/gebl/onenote-mcp-server/internal/graph/client.go:206.65,208.4 1 0
github.com/gebl/onenote-mcp-server/internal/graph/client.go:208.9,210.4 1 0
github.com/gebl/onenote-mcp-server/internal/graph/client.go:211.8,213.3 1 0
github.com/gebl/onenote-mcp-server/internal/graph/client.go:215.2,216.12 2 0
github.com/gebl/onenote-mcp-server/internal/graph/http.go:40.130,44.125 2 1
github.com/gebl/onenote-mcp-server/internal/graph/http.go:44.125,47.3 2 1
github.com/gebl/onenote-mcp-server/internal/graph/http.go:49.2,50.16 2 1
github.com/gebl/onenote-mcp-server/internal/graph/http.go:50.16,53.3 2 1
github.com/gebl/onenote-mcp-server/internal/graph/http.go:56.2,56.34 1 1
github.com/gebl/onenote-mcp-server/internal/graph/http.go:56.34,58.3 1 0
github.com/gebl/onenote-mcp-server/internal/graph/http.go:60.2,65.16 4 1
github.com/gebl/onenote-mcp-server/internal/graph/http.go:65.16,68.3 2 0
github.com/gebl/onenote-mcp-server/internal/graph/http.go:70.2,71.18 2 1
github.com/gebl/onenote-mcp-server/internal/graph/http.go:75.82,76.80 1 1
github.com/gebl/onenote-mcp-server/internal/graph/http.go:76.80,80.3 3 1
github.com/gebl/onenote-mcp-server/internal/graph/http.go:81.2,81.12 1 1
github.com/gebl/onenote-mcp-server/internal/graph/http.go:85.90,87.16 2 1
github.com/gebl/onenote-mcp-server/internal/graph/http.go:87.16,90.3 2 1
github.com/gebl/onenote-mcp-server/internal/graph/http.go:91.2,92.21 2 1
github.com/gebl/onenote-mcp-server/internal/graph/http.go:96.73,99.43 2 1
github.com/gebl/onenote-mcp-server/internal/graph/http.go:99.43,102.3 2 1
github.com/gebl/onenote-mcp-server/internal/graph/http.go:102.8,104.3 1 1
github.com/gebl/onenote-mcp-server/internal/graph/http.go:106.2,106.20 1 1
github.com/gebl/onenote-mcp-server/internal/graph/utils.go:37.71,38.14 1 1
github.com/gebl/onenote-mcp-server/internal/graph/utils.go:38.14,41.3 2 1
github.com/gebl/onenote-mcp-server/internal/graph/utils.go:44.2,48.35 3 1
github.com/gebl/onenote-mcp-server/internal/graph/utils.go:48.35,49.48 1 1
github.com/gebl/onenote-mcp-server/internal/graph/utils.go:49.48,52.4 2 1
github.com/gebl/onenote-mcp-server/internal/graph/utils.go:56.2,56.28 1 1
github.com/gebl/onenote-mcp-server/internal/graph/utils.go:56.28,59.3 2 1
github.com/gebl/onenote-mcp-server/internal/graph/utils.go:61.2,62.25 2 1
github.com/gebl/onenote-mcp-server/internal/graph/utils.go:66.74,68.46 2 1
github.com/gebl/onenote-mcp-server/internal/graph/utils.go:68.46,70.22 1 1
github.com/gebl/onenote-mcp-server/internal/graph/utils.go:71.21,72.34 1 1
github.com/gebl/onenote-mcp-server/internal/graph/utils.go:73.20,74.34 1 1
github.com/gebl/onenote-mcp-server/internal/graph/utils.go:75.20,76.34 1 1
github.com/gebl/onenote-mcp-server/internal/graph/utils.go:77.21,78.35 1 1
github.com/gebl/onenote-mcp-server/internal/graph/utils.go:79.11,80.34 1 1
github.com/gebl/onenote-mcp-server/internal/graph/utils.go:82.8,84.3 1 1
github.com/gebl/onenote-mcp-server/internal/graph/utils.go:86.2,87.17 2 1
github.com/gebl/onenote-mcp-server/internal/graph/utils.go:93.90,98.16 3 1
github.com/gebl/onenote-mcp-server/internal/graph/utils.go:98.16,100.3 1 1
github.com/gebl/onenote-mcp-server/internal/graph/utils.go:103.2,114.16 4 1
github.com/gebl/onenote-mcp-server/internal/graph/utils.go:114.16,117.3 2 1
github.com/gebl/onenote-mcp-server/internal/graph/utils.go:119.2,123.57 3 0
github.com/gebl/onenote-mcp-server/internal/graph/utils.go:123.57,126.3 2 0
github.com/gebl/onenote-mcp-server/internal/graph/utils.go:128.2,129.20 2 0
